<?xml version="1.0" encoding="UTF-8"?>
<testsuite name="회원가입" tests="2" skipped="0" failures="0" errors="0" timestamp="2025-07-29T13:47:38" hostname="ODGui-MacBookAir.local" time="0.017">
  <properties/>
  <testcase name="성공" classname="com.ruha.service.MemberServiceTest$SignUp" time="0.013"/>
  <testcase name="실패 - 닉네임 중복" classname="com.ruha.service.MemberServiceTest$SignUp" time="0.003"/>
  <system-out><![CDATA[2025-07-29T22:47:38.023+09:00  INFO 49934 --- [    Test worker] t.c.s.AnnotationConfigContextLoaderUtils : Could not detect default configuration classes for test class [com.ruha.service.MemberServiceTest$SignUp]: SignUp does not declare any static, non-private, non-final, nested classes annotated with @Configuration.
2025-07-29T22:47:38.026+09:00  INFO 49934 --- [    Test worker] .b.t.c.SpringBootTestContextBootstrapper : Found @SpringBootConfiguration com.ruha.RuhaApplication for test class com.ruha.service.MemberServiceTest$SignUp
2025-07-29T22:47:38.041+09:00  INFO 49934 --- [    Test worker] p6spy                                    : #1753796858041 | took 0ms | rollback | connection 6| url jdbc:h2:mem:test

;
2025-07-29T22:47:38.046+09:00  INFO 49934 --- [    Test worker] p6spy                                    : #1753796858046 | took 0ms | rollback | connection 7| url jdbc:h2:mem:test

;
]]></system-out>
  <system-err><![CDATA[]]></system-err>
</testsuite>
