<?xml version="1.0" encoding="UTF-8"?>
<testsuite name="내 정보 조회" tests="1" skipped="0" failures="0" errors="0" timestamp="2025-07-29T13:47:37" hostname="ODGui-MacBookAir.local" time="0.01">
  <properties/>
  <testcase name="성공" classname="com.ruha.service.MemberServiceTest$GetMyInfo" time="0.01"/>
  <system-out><![CDATA[2025-07-29T22:47:37.987+09:00  INFO 49934 --- [    Test worker] t.c.s.AnnotationConfigContextLoaderUtils : Could not detect default configuration classes for test class [com.ruha.service.MemberServiceTest$GetMyInfo]: GetMyInfo does not declare any static, non-private, non-final, nested classes annotated with @Configuration.
2025-07-29T22:47:37.990+09:00  INFO 49934 --- [    Test worker] .b.t.c.SpringBootTestContextBootstrapper : Found @SpringBootConfiguration com.ruha.RuhaApplication for test class com.ruha.service.MemberServiceTest$GetMyInfo
2025-07-29T22:47:38.003+09:00  INFO 49934 --- [    Test worker] p6spy                                    : #1753796858003 | took 0ms | rollback | connection 4| url jdbc:h2:mem:test

;
]]></system-out>
  <system-err><![CDATA[]]></system-err>
</testsuite>
