<?xml version="1.0" encoding="UTF-8"?>
<testsuite name="com.ruha.service.MemberServiceTest" tests="0" skipped="0" failures="0" errors="0" timestamp="1970-01-01T00:00:00" hostname="ODGui-MacBookAir.local" time="0.0">
  <properties/>
  <system-out><![CDATA[2025-09-30T11:03:50.356+09:00  INFO 27599 --- [    Test worker] t.c.s.AnnotationConfigContextLoaderUtils : Could not detect default configuration classes for test class [com.ruha.service.MemberServiceTest]: MemberServiceTest does not declare any static, non-private, non-final, nested classes annotated with @Configuration.
2025-09-30T11:03:50.357+09:00  INFO 27599 --- [    Test worker] .b.t.c.SpringBootTestContextBootstrapper : Found @SpringBootConfiguration com.ruha.RuhaApplication for test class com.ruha.service.MemberServiceTest
]]></system-out>
  <system-err><![CDATA[]]></system-err>
</testsuite>
