<?xml version="1.0" encoding="UTF-8"?>
<testsuite name="팔로우" tests="4" skipped="0" failures="0" errors="0" timestamp="2025-09-30T02:03:50" hostname="ODGui-MacBookAir.local" time="0.018">
  <properties/>
  <testcase name="실패 - 이미 팔로우한 회원" classname="com.ruha.service.FollowServiceTest$FollowMember" time="0.006"/>
  <testcase name="성공" classname="com.ruha.service.FollowServiceTest$FollowMember" time="0.004"/>
  <testcase name="실패 - 자기 자신 팔로우" classname="com.ruha.service.FollowServiceTest$FollowMember" time="0.002"/>
  <testcase name="실패 - 존재하지 않는 대상 회원" classname="com.ruha.service.FollowServiceTest$FollowMember" time="0.003"/>
  <system-out><![CDATA[2025-09-30T11:03:50.332+09:00  INFO 27599 --- [    Test worker] t.c.s.AnnotationConfigContextLoaderUtils : Could not detect default configuration classes for test class [com.ruha.service.FollowServiceTest$FollowMember]: FollowMember does not declare any static, non-private, non-final, nested classes annotated with @Configuration.
2025-09-30T11:03:50.334+09:00  INFO 27599 --- [    Test worker] .b.t.c.SpringBootTestContextBootstrapper : Found @SpringBootConfiguration com.ruha.RuhaApplication for test class com.ruha.service.FollowServiceTest$FollowMember
2025-09-30T11:03:50.343+09:00  INFO 27599 --- [    Test worker] p6spy                                    : #1759197830343 | took 0ms | rollback | connection 59| url jdbc:h2:mem:test

;
2025-09-30T11:03:50.348+09:00  INFO 27599 --- [    Test worker] p6spy                                    : #1759197830348 | took 0ms | rollback | connection 60| url jdbc:h2:mem:test

;
2025-09-30T11:03:50.351+09:00  INFO 27599 --- [    Test worker] p6spy                                    : #1759197830351 | took 0ms | rollback | connection 61| url jdbc:h2:mem:test

;
2025-09-30T11:03:50.355+09:00  INFO 27599 --- [    Test worker] p6spy                                    : #1759197830355 | took 0ms | rollback | connection 62| url jdbc:h2:mem:test

;
]]></system-out>
  <system-err><![CDATA[]]></system-err>
</testsuite>
