<?xml version="1.0" encoding="UTF-8"?>
<testsuite name="회원 탈퇴" tests="3" skipped="0" failures="0" errors="0" timestamp="2025-10-04T07:58:06" hostname="ODGui-MacBookAir.local" time="0.092">
  <properties/>
  <testcase name="성공" classname="com.ruha.service.MemberServiceTest$DeleteMember" time="0.076"/>
  <testcase name="실패 - 존재하지 않은 사용자" classname="com.ruha.service.MemberServiceTest$DeleteMember" time="0.007"/>
  <testcase name="실패 - 비밀번호 불일치" classname="com.ruha.service.MemberServiceTest$DeleteMember" time="0.005"/>
  <system-out><![CDATA[16:58:02.799 [Test worker] INFO org.springframework.test.context.support.AnnotationConfigContextLoaderUtils -- Could not detect default configuration classes for test class [com.ruha.service.MemberServiceTest$DeleteMember]: DeleteMember does not declare any static, non-private, non-final, nested classes annotated with @Configuration.
16:58:02.803 [Test worker] INFO org.springframework.boot.test.context.SpringBootTestContextBootstrapper -- Found @SpringBootConfiguration com.ruha.RuhaApplication for test class com.ruha.service.MemberServiceTest$DeleteMember

  .   ____          _            __ _ _
 /\\ / ___'_ __ _ _(_)_ __  __ _ \ \ \ \
( ( )\___ | '_ | '_| | '_ \/ _` | \ \ \ \
 \\/  ___)| |_)| | | | | || (_| |  ) ) ) )
  '  |____| .__|_| |_|_| |_\__, | / / / /
 =========|_|==============|___/=/_/_/_/
 :: Spring Boot ::                (v3.2.9)

2025-10-04T16:58:03.027+09:00  INFO 88575 --- [    Test worker] com.ruha.service.MemberServiceTest       : Starting MemberServiceTest using Java 17.0.13 with PID 88575 (started by odgman in /Users/odgman/Desktop/workspace/ruha)
2025-10-04T16:58:03.028+09:00  INFO 88575 --- [    Test worker] com.ruha.service.MemberServiceTest       : No active profile set, falling back to 1 default profile: "default"
2025-10-04T16:58:03.565+09:00  INFO 88575 --- [    Test worker] .s.d.r.c.RepositoryConfigurationDelegate : Bootstrapping Spring Data JPA repositories in DEFAULT mode.
2025-10-04T16:58:03.607+09:00  INFO 88575 --- [    Test worker] .s.d.r.c.RepositoryConfigurationDelegate : Finished Spring Data repository scanning in 39 ms. Found 6 JPA repository interfaces.
2025-10-04T16:58:04.865+09:00  INFO 88575 --- [    Test worker] o.hibernate.jpa.internal.util.LogHelper  : HHH000204: Processing PersistenceUnitInfo [name: default]
2025-10-04T16:58:04.903+09:00  INFO 88575 --- [    Test worker] org.hibernate.Version                    : HHH000412: Hibernate ORM core version 6.4.10.Final
2025-10-04T16:58:04.929+09:00  INFO 88575 --- [    Test worker] o.h.c.internal.RegionFactoryInitiator    : HHH000026: Second-level cache disabled
2025-10-04T16:58:04.982+09:00  INFO 88575 --- [    Test worker] o.s.o.j.p.SpringPersistenceUnitInfo      : No LoadTimeWeaver setup: ignoring JPA class transformer
2025-10-04T16:58:04.998+09:00  INFO 88575 --- [    Test worker] com.zaxxer.hikari.HikariDataSource       : HikariPool-1 - Starting...
2025-10-04T16:58:05.109+09:00  INFO 88575 --- [    Test worker] com.zaxxer.hikari.pool.HikariPool        : HikariPool-1 - Added connection conn0: url=jdbc:h2:mem:test user=SA
2025-10-04T16:58:05.110+09:00  INFO 88575 --- [    Test worker] com.zaxxer.hikari.HikariDataSource       : HikariPool-1 - Start completed.
2025-10-04T16:58:05.128+09:00  WARN 88575 --- [    Test worker] org.hibernate.orm.deprecation            : HHH90000025: H2Dialect does not need to be specified explicitly using 'hibernate.dialect' (remove the property setting and it will be selected by default)
2025-10-04T16:58:05.671+09:00  INFO 88575 --- [    Test worker] o.h.e.t.j.p.i.JtaPlatformInitiator       : HHH000489: No JTA platform available (set 'hibernate.transaction.jta.platform' to enable JTA platform integration)
2025-10-04T16:58:05.681+09:00 DEBUG 88575 --- [    Test worker] org.hibernate.SQL                        : 
    drop table if exists category cascade 
2025-10-04T16:58:05.684+09:00  INFO 88575 --- [    Test worker] p6spy                                    : #1759564685684 | took 0ms | statement | connection 1| url jdbc:h2:mem:test

    drop table if exists category cascade 

    drop table if exists category cascade ;
2025-10-04T16:58:05.685+09:00 DEBUG 88575 --- [    Test worker] org.hibernate.SQL                        : 
    drop table if exists comment cascade 
2025-10-04T16:58:05.685+09:00  INFO 88575 --- [    Test worker] p6spy                                    : #1759564685685 | took 0ms | statement | connection 1| url jdbc:h2:mem:test

    drop table if exists comment cascade 

    drop table if exists comment cascade ;
2025-10-04T16:58:05.685+09:00 DEBUG 88575 --- [    Test worker] org.hibernate.SQL                        : 
    drop table if exists follow cascade 
2025-10-04T16:58:05.685+09:00  INFO 88575 --- [    Test worker] p6spy                                    : #1759564685685 | took 0ms | statement | connection 1| url jdbc:h2:mem:test

    drop table if exists follow cascade 

    drop table if exists follow cascade ;
2025-10-04T16:58:05.686+09:00 DEBUG 88575 --- [    Test worker] org.hibernate.SQL                        : 
    drop table if exists member cascade 
2025-10-04T16:58:05.686+09:00  INFO 88575 --- [    Test worker] p6spy                                    : #1759564685686 | took 0ms | statement | connection 1| url jdbc:h2:mem:test

    drop table if exists member cascade 

    drop table if exists member cascade ;
2025-10-04T16:58:05.686+09:00 DEBUG 88575 --- [    Test worker] org.hibernate.SQL                        : 
    drop table if exists todo cascade 
2025-10-04T16:58:05.686+09:00  INFO 88575 --- [    Test worker] p6spy                                    : #1759564685686 | took 0ms | statement | connection 1| url jdbc:h2:mem:test

    drop table if exists todo cascade 

    drop table if exists todo cascade ;
2025-10-04T16:58:05.686+09:00 DEBUG 88575 --- [    Test worker] org.hibernate.SQL                        : 
    drop table if exists todo_image cascade 
2025-10-04T16:58:05.686+09:00  INFO 88575 --- [    Test worker] p6spy                                    : #1759564685686 | took 0ms | statement | connection 1| url jdbc:h2:mem:test

    drop table if exists todo_image cascade 

    drop table if exists todo_image cascade ;
2025-10-04T16:58:05.692+09:00 DEBUG 88575 --- [    Test worker] org.hibernate.SQL                        : 
    create table category (
        category_id bigint generated by default as identity,
        created_at timestamp(6) not null,
        name varchar(255) not null,
        primary key (category_id)
    )
2025-10-04T16:58:05.699+09:00  INFO 88575 --- [    Test worker] p6spy                                    : #1759564685699 | took 6ms | statement | connection 2| url jdbc:h2:mem:test

    create table category (
        category_id bigint generated by default as identity,
        created_at timestamp(6) not null,
        name varchar(255) not null,
        primary key (category_id)
    )

    create table category (
        category_id bigint generated by default as identity,
        created_at timestamp(6) not null,
        name varchar(255) not null,
        primary key (category_id)
    );
2025-10-04T16:58:05.700+09:00 DEBUG 88575 --- [    Test worker] org.hibernate.SQL                        : 
    create table comment (
        comment_id bigint generated by default as identity,
        created_at timestamp(6) not null,
        member_id bigint not null,
        todo_id bigint not null,
        updated_at timestamp(6),
        content varchar(255) not null,
        primary key (comment_id)
    )
2025-10-04T16:58:05.702+09:00  INFO 88575 --- [    Test worker] p6spy                                    : #1759564685702 | took 1ms | statement | connection 2| url jdbc:h2:mem:test

    create table comment (
        comment_id bigint generated by default as identity,
        created_at timestamp(6) not null,
        member_id bigint not null,
        todo_id bigint not null,
        updated_at timestamp(6),
        content varchar(255) not null,
        primary key (comment_id)
    )

    create table comment (
        comment_id bigint generated by default as identity,
        created_at timestamp(6) not null,
        member_id bigint not null,
        todo_id bigint not null,
        updated_at timestamp(6),
        content varchar(255) not null,
        primary key (comment_id)
    );
2025-10-04T16:58:05.703+09:00 DEBUG 88575 --- [    Test worker] org.hibernate.SQL                        : 
    create table follow (
        created_at timestamp(6) not null,
        follow_id bigint generated by default as identity,
        follower_id bigint not null,
        following_id bigint not null,
        primary key (follow_id),
        constraint UniqueFollowerAndFollowing unique (follower_id, following_id)
    )
2025-10-04T16:58:05.705+09:00  INFO 88575 --- [    Test worker] p6spy                                    : #1759564685705 | took 1ms | statement | connection 2| url jdbc:h2:mem:test

    create table follow (
        created_at timestamp(6) not null,
        follow_id bigint generated by default as identity,
        follower_id bigint not null,
        following_id bigint not null,
        primary key (follow_id),
        constraint UniqueFollowerAndFollowing unique (follower_id, following_id)
    )

    create table follow (
        created_at timestamp(6) not null,
        follow_id bigint generated by default as identity,
        follower_id bigint not null,
        following_id bigint not null,
        primary key (follow_id),
        constraint UniqueFollowerAndFollowing unique (follower_id, following_id)
    );
2025-10-04T16:58:05.706+09:00 DEBUG 88575 --- [    Test worker] org.hibernate.SQL                        : 
    create table member (
        is_deleted boolean not null,
        created_at timestamp(6) not null,
        deleted_at timestamp(6),
        member_id bigint generated by default as identity,
        updated_at timestamp(6),
        name varchar(12) not null,
        nickname varchar(15) not null unique,
        password varchar(255) not null,
        role_type varchar(255) not null check (role_type in ('ADMIN','NORMAL')),
        primary key (member_id)
    )
2025-10-04T16:58:05.710+09:00  INFO 88575 --- [    Test worker] p6spy                                    : #1759564685710 | took 3ms | statement | connection 2| url jdbc:h2:mem:test

    create table member (
        is_deleted boolean not null,
        created_at timestamp(6) not null,
        deleted_at timestamp(6),
        member_id bigint generated by default as identity,
        updated_at timestamp(6),
        name varchar(12) not null,
        nickname varchar(15) not null unique,
        password varchar(255) not null,
        role_type varchar(255) not null check (role_type in ('ADMIN','NORMAL')),
        primary key (member_id)
    )

    create table member (
        is_deleted boolean not null,
        created_at timestamp(6) not null,
        deleted_at timestamp(6),
        member_id bigint generated by default as identity,
        updated_at timestamp(6),
        name varchar(12) not null,
        nickname varchar(15) not null unique,
        password varchar(255) not null,
        role_type varchar(255) not null check (role_type in ('ADMIN','NORMAL')),
        primary key (member_id)
    );
2025-10-04T16:58:05.712+09:00 DEBUG 88575 --- [    Test worker] org.hibernate.SQL                        : 
    create table todo (
        is_completed boolean not null,
        is_public boolean not null,
        category_id bigint not null,
        created_at timestamp(6) not null,
        member_id bigint not null,
        todo_id bigint generated by default as identity,
        updated_at timestamp(6),
        title varchar(50) not null,
        description varchar(500) not null,
        importance varchar(255) not null check (importance in ('HIGH','MIDDLE','LOW')),
        primary key (todo_id)
    )
2025-10-04T16:58:05.714+09:00  INFO 88575 --- [    Test worker] p6spy                                    : #1759564685714 | took 1ms | statement | connection 2| url jdbc:h2:mem:test

    create table todo (
        is_completed boolean not null,
        is_public boolean not null,
        category_id bigint not null,
        created_at timestamp(6) not null,
        member_id bigint not null,
        todo_id bigint generated by default as identity,
        updated_at timestamp(6),
        title varchar(50) not null,
        description varchar(500) not null,
        importance varchar(255) not null check (importance in ('HIGH','MIDDLE','LOW')),
        primary key (todo_id)
    )

    create table todo (
        is_completed boolean not null,
        is_public boolean not null,
        category_id bigint not null,
        created_at timestamp(6) not null,
        member_id bigint not null,
        todo_id bigint generated by default as identity,
        updated_at timestamp(6),
        title varchar(50) not null,
        description varchar(500) not null,
        importance varchar(255) not null check (importance in ('HIGH','MIDDLE','LOW')),
        primary key (todo_id)
    );
2025-10-04T16:58:05.715+09:00 DEBUG 88575 --- [    Test worker] org.hibernate.SQL                        : 
    create table todo_image (
        created_at timestamp(6) not null,
        todo_id bigint not null,
        todo_image_id bigint generated by default as identity,
        file_name varchar(255) not null,
        file_path varchar(255) not null,
        primary key (todo_image_id)
    )
2025-10-04T16:58:05.716+09:00  INFO 88575 --- [    Test worker] p6spy                                    : #1759564685716 | took 0ms | statement | connection 2| url jdbc:h2:mem:test

    create table todo_image (
        created_at timestamp(6) not null,
        todo_id bigint not null,
        todo_image_id bigint generated by default as identity,
        file_name varchar(255) not null,
        file_path varchar(255) not null,
        primary key (todo_image_id)
    )

    create table todo_image (
        created_at timestamp(6) not null,
        todo_id bigint not null,
        todo_image_id bigint generated by default as identity,
        file_name varchar(255) not null,
        file_path varchar(255) not null,
        primary key (todo_image_id)
    );
2025-10-04T16:58:05.717+09:00 DEBUG 88575 --- [    Test worker] org.hibernate.SQL                        : 
    create index idx_comment_member_id 
       on comment (member_id)
2025-10-04T16:58:05.717+09:00  INFO 88575 --- [    Test worker] p6spy                                    : #1759564685717 | took 0ms | statement | connection 2| url jdbc:h2:mem:test

    create index idx_comment_member_id 
       on comment (member_id)

    create index idx_comment_member_id 
       on comment (member_id);
2025-10-04T16:58:05.717+09:00 DEBUG 88575 --- [    Test worker] org.hibernate.SQL                        : 
    create index idx_comment_todo_id 
       on comment (todo_id)
2025-10-04T16:58:05.718+09:00  INFO 88575 --- [    Test worker] p6spy                                    : #1759564685718 | took 0ms | statement | connection 2| url jdbc:h2:mem:test

    create index idx_comment_todo_id 
       on comment (todo_id)

    create index idx_comment_todo_id 
       on comment (todo_id);
2025-10-04T16:58:05.718+09:00 DEBUG 88575 --- [    Test worker] org.hibernate.SQL                        : 
    create index idx_comment_created_at 
       on comment (created_at)
2025-10-04T16:58:05.719+09:00  INFO 88575 --- [    Test worker] p6spy                                    : #1759564685719 | took 0ms | statement | connection 2| url jdbc:h2:mem:test

    create index idx_comment_created_at 
       on comment (created_at)

    create index idx_comment_created_at 
       on comment (created_at);
2025-10-04T16:58:05.719+09:00 DEBUG 88575 --- [    Test worker] org.hibernate.SQL                        : 
    create index idx_member_nickname 
       on member (nickname)
2025-10-04T16:58:05.720+09:00  INFO 88575 --- [    Test worker] p6spy                                    : #1759564685720 | took 0ms | statement | connection 2| url jdbc:h2:mem:test

    create index idx_member_nickname 
       on member (nickname)

    create index idx_member_nickname 
       on member (nickname);
2025-10-04T16:58:05.721+09:00 DEBUG 88575 --- [    Test worker] org.hibernate.SQL                        : 
    create index idx_member_created_at 
       on member (created_at)
2025-10-04T16:58:05.722+09:00  INFO 88575 --- [    Test worker] p6spy                                    : #1759564685722 | took 0ms | statement | connection 2| url jdbc:h2:mem:test

    create index idx_member_created_at 
       on member (created_at)

    create index idx_member_created_at 
       on member (created_at);
2025-10-04T16:58:05.722+09:00 DEBUG 88575 --- [    Test worker] org.hibernate.SQL                        : 
    create index idx_todo_member_id 
       on todo (member_id)
2025-10-04T16:58:05.723+09:00  INFO 88575 --- [    Test worker] p6spy                                    : #1759564685723 | took 0ms | statement | connection 2| url jdbc:h2:mem:test

    create index idx_todo_member_id 
       on todo (member_id)

    create index idx_todo_member_id 
       on todo (member_id);
2025-10-04T16:58:05.723+09:00 DEBUG 88575 --- [    Test worker] org.hibernate.SQL                        : 
    create index idx_todo_category_id 
       on todo (category_id)
2025-10-04T16:58:05.724+09:00  INFO 88575 --- [    Test worker] p6spy                                    : #1759564685724 | took 0ms | statement | connection 2| url jdbc:h2:mem:test

    create index idx_todo_category_id 
       on todo (category_id)

    create index idx_todo_category_id 
       on todo (category_id);
2025-10-04T16:58:05.724+09:00 DEBUG 88575 --- [    Test worker] org.hibernate.SQL                        : 
    create index idx_todo_completed 
       on todo (is_completed)
2025-10-04T16:58:05.725+09:00  INFO 88575 --- [    Test worker] p6spy                                    : #1759564685725 | took 0ms | statement | connection 2| url jdbc:h2:mem:test

    create index idx_todo_completed 
       on todo (is_completed)

    create index idx_todo_completed 
       on todo (is_completed);
2025-10-04T16:58:05.725+09:00 DEBUG 88575 --- [    Test worker] org.hibernate.SQL                        : 
    create index idx_todo_public 
       on todo (is_public)
2025-10-04T16:58:05.725+09:00  INFO 88575 --- [    Test worker] p6spy                                    : #1759564685725 | took 0ms | statement | connection 2| url jdbc:h2:mem:test

    create index idx_todo_public 
       on todo (is_public)

    create index idx_todo_public 
       on todo (is_public);
2025-10-04T16:58:05.726+09:00 DEBUG 88575 --- [    Test worker] org.hibernate.SQL                        : 
    create index idx_todo_created_at 
       on todo (created_at)
2025-10-04T16:58:05.726+09:00  INFO 88575 --- [    Test worker] p6spy                                    : #1759564685726 | took 0ms | statement | connection 2| url jdbc:h2:mem:test

    create index idx_todo_created_at 
       on todo (created_at)

    create index idx_todo_created_at 
       on todo (created_at);
2025-10-04T16:58:05.726+09:00 DEBUG 88575 --- [    Test worker] org.hibernate.SQL                        : 
    alter table if exists comment 
       add constraint FKmrrrpi513ssu63i2783jyiv9m 
       foreign key (member_id) 
       references member
2025-10-04T16:58:05.733+09:00  INFO 88575 --- [    Test worker] p6spy                                    : #1759564685733 | took 6ms | statement | connection 2| url jdbc:h2:mem:test

    alter table if exists comment 
       add constraint FKmrrrpi513ssu63i2783jyiv9m 
       foreign key (member_id) 
       references member

    alter table if exists comment 
       add constraint FKmrrrpi513ssu63i2783jyiv9m 
       foreign key (member_id) 
       references member;
2025-10-04T16:58:05.733+09:00 DEBUG 88575 --- [    Test worker] org.hibernate.SQL                        : 
    alter table if exists comment 
       add constraint FKj60kiatr37jebhtjaju6d5nv2 
       foreign key (todo_id) 
       references todo
2025-10-04T16:58:05.736+09:00  INFO 88575 --- [    Test worker] p6spy                                    : #1759564685735 | took 1ms | statement | connection 2| url jdbc:h2:mem:test

    alter table if exists comment 
       add constraint FKj60kiatr37jebhtjaju6d5nv2 
       foreign key (todo_id) 
       references todo

    alter table if exists comment 
       add constraint FKj60kiatr37jebhtjaju6d5nv2 
       foreign key (todo_id) 
       references todo;
2025-10-04T16:58:05.737+09:00 DEBUG 88575 --- [    Test worker] org.hibernate.SQL                        : 
    alter table if exists follow 
       add constraint FKtps7gpodlrhxlji90u6r3mlng 
       foreign key (follower_id) 
       references member
2025-10-04T16:58:05.739+09:00  INFO 88575 --- [    Test worker] p6spy                                    : #1759564685739 | took 1ms | statement | connection 2| url jdbc:h2:mem:test

    alter table if exists follow 
       add constraint FKtps7gpodlrhxlji90u6r3mlng 
       foreign key (follower_id) 
       references member

    alter table if exists follow 
       add constraint FKtps7gpodlrhxlji90u6r3mlng 
       foreign key (follower_id) 
       references member;
2025-10-04T16:58:05.739+09:00 DEBUG 88575 --- [    Test worker] org.hibernate.SQL                        : 
    alter table if exists follow 
       add constraint FKkcoemc64xrm83cdmhyaphcuiu 
       foreign key (following_id) 
       references member
2025-10-04T16:58:05.743+09:00  INFO 88575 --- [    Test worker] p6spy                                    : #1759564685743 | took 3ms | statement | connection 2| url jdbc:h2:mem:test

    alter table if exists follow 
       add constraint FKkcoemc64xrm83cdmhyaphcuiu 
       foreign key (following_id) 
       references member

    alter table if exists follow 
       add constraint FKkcoemc64xrm83cdmhyaphcuiu 
       foreign key (following_id) 
       references member;
2025-10-04T16:58:05.743+09:00 DEBUG 88575 --- [    Test worker] org.hibernate.SQL                        : 
    alter table if exists todo 
       add constraint FKeh6uro943emclp6kr1d4wysmo 
       foreign key (category_id) 
       references category
2025-10-04T16:58:05.744+09:00  INFO 88575 --- [    Test worker] p6spy                                    : #1759564685744 | took 0ms | statement | connection 2| url jdbc:h2:mem:test

    alter table if exists todo 
       add constraint FKeh6uro943emclp6kr1d4wysmo 
       foreign key (category_id) 
       references category

    alter table if exists todo 
       add constraint FKeh6uro943emclp6kr1d4wysmo 
       foreign key (category_id) 
       references category;
2025-10-04T16:58:05.744+09:00 DEBUG 88575 --- [    Test worker] org.hibernate.SQL                        : 
    alter table if exists todo 
       add constraint FK67o67f2ave0yd2pb137aoh603 
       foreign key (member_id) 
       references member
2025-10-04T16:58:05.746+09:00  INFO 88575 --- [    Test worker] p6spy                                    : #1759564685746 | took 1ms | statement | connection 2| url jdbc:h2:mem:test

    alter table if exists todo 
       add constraint FK67o67f2ave0yd2pb137aoh603 
       foreign key (member_id) 
       references member

    alter table if exists todo 
       add constraint FK67o67f2ave0yd2pb137aoh603 
       foreign key (member_id) 
       references member;
2025-10-04T16:58:05.746+09:00 DEBUG 88575 --- [    Test worker] org.hibernate.SQL                        : 
    alter table if exists todo_image 
       add constraint FKrarut5y7u4cr9swx1u0d4cfjd 
       foreign key (todo_id) 
       references todo
2025-10-04T16:58:05.748+09:00  INFO 88575 --- [    Test worker] p6spy                                    : #1759564685748 | took 1ms | statement | connection 2| url jdbc:h2:mem:test

    alter table if exists todo_image 
       add constraint FKrarut5y7u4cr9swx1u0d4cfjd 
       foreign key (todo_id) 
       references todo

    alter table if exists todo_image 
       add constraint FKrarut5y7u4cr9swx1u0d4cfjd 
       foreign key (todo_id) 
       references todo;
2025-10-04T16:58:05.750+09:00  INFO 88575 --- [    Test worker] j.LocalContainerEntityManagerFactoryBean : Initialized JPA EntityManagerFactory for persistence unit 'default'
2025-10-04T16:58:06.106+09:00 DEBUG 88575 --- [    Test worker] org.hibernate.SQL                        : 
    select
        count(*) 
    from
        category c1_0
2025-10-04T16:58:06.116+09:00  INFO 88575 --- [    Test worker] p6spy                                    : #1759564686116 | took 6ms | statement | connection 3| url jdbc:h2:mem:test
select count(*) from category c1_0
select count(*) from category c1_0;
2025-10-04T16:58:06.125+09:00  INFO 88575 --- [    Test worker] p6spy                                    : #1759564686125 | took 0ms | commit | connection 3| url jdbc:h2:mem:test

;
2025-10-04T16:58:06.125+09:00  INFO 88575 --- [    Test worker] com.ruha.config.DataInitializer          : 카테고리 초기 데이터를 생성합니다.
2025-10-04T16:58:06.154+09:00 DEBUG 88575 --- [    Test worker] org.hibernate.SQL                        : 
    insert 
    into
        category
        (created_at, name, category_id) 
    values
        (?, ?, default)
2025-10-04T16:58:06.158+09:00  INFO 88575 --- [    Test worker] p6spy                                    : #1759564686158 | took 0ms | statement | connection 4| url jdbc:h2:mem:test
insert into category (created_at,name,category_id) values (?,?,default)
insert into category (created_at,name,category_id) values ('2025-10-04T16:58:06.139+0900','업무',default);
2025-10-04T16:58:06.161+09:00 DEBUG 88575 --- [    Test worker] org.hibernate.SQL                        : 
    insert 
    into
        category
        (created_at, name, category_id) 
    values
        (?, ?, default)
2025-10-04T16:58:06.162+09:00  INFO 88575 --- [    Test worker] p6spy                                    : #1759564686162 | took 0ms | statement | connection 4| url jdbc:h2:mem:test
insert into category (created_at,name,category_id) values (?,?,default)
insert into category (created_at,name,category_id) values ('2025-10-04T16:58:06.161+0900','개인',default);
2025-10-04T16:58:06.162+09:00 DEBUG 88575 --- [    Test worker] org.hibernate.SQL                        : 
    insert 
    into
        category
        (created_at, name, category_id) 
    values
        (?, ?, default)
2025-10-04T16:58:06.163+09:00  INFO 88575 --- [    Test worker] p6spy                                    : #1759564686163 | took 0ms | statement | connection 4| url jdbc:h2:mem:test
insert into category (created_at,name,category_id) values (?,?,default)
insert into category (created_at,name,category_id) values ('2025-10-04T16:58:06.162+0900','학습',default);
2025-10-04T16:58:06.163+09:00 DEBUG 88575 --- [    Test worker] org.hibernate.SQL                        : 
    insert 
    into
        category
        (created_at, name, category_id) 
    values
        (?, ?, default)
2025-10-04T16:58:06.163+09:00  INFO 88575 --- [    Test worker] p6spy                                    : #1759564686163 | took 0ms | statement | connection 4| url jdbc:h2:mem:test
insert into category (created_at,name,category_id) values (?,?,default)
insert into category (created_at,name,category_id) values ('2025-10-04T16:58:06.163+0900','건강',default);
2025-10-04T16:58:06.164+09:00 DEBUG 88575 --- [    Test worker] org.hibernate.SQL                        : 
    insert 
    into
        category
        (created_at, name, category_id) 
    values
        (?, ?, default)
2025-10-04T16:58:06.165+09:00  INFO 88575 --- [    Test worker] p6spy                                    : #1759564686165 | took 0ms | statement | connection 4| url jdbc:h2:mem:test
insert into category (created_at,name,category_id) values (?,?,default)
insert into category (created_at,name,category_id) values ('2025-10-04T16:58:06.164+0900','취미',default);
2025-10-04T16:58:06.170+09:00  INFO 88575 --- [    Test worker] p6spy                                    : #1759564686170 | took 0ms | commit | connection 4| url jdbc:h2:mem:test

;
2025-10-04T16:58:06.171+09:00  INFO 88575 --- [    Test worker] com.ruha.config.DataInitializer          : 카테고리 5 개가 생성되었습니다.
2025-10-04T16:58:06.262+09:00  WARN 88575 --- [    Test worker] JpaBaseConfiguration$JpaWebConfiguration : spring.jpa.open-in-view is enabled by default. Therefore, database queries may be performed during view rendering. Explicitly configure spring.jpa.open-in-view to disable this warning
2025-10-04T16:58:06.276+09:00  WARN 88575 --- [    Test worker] .s.s.UserDetailsServiceAutoConfiguration : 

Using generated security password: ab5f744e-e592-4434-b91b-27a145404483

This generated password is for development use only. Your security configuration must be updated before running your application in production.

2025-10-04T16:58:06.508+09:00  INFO 88575 --- [    Test worker] o.s.s.web.DefaultSecurityFilterChain     : Will secure any request with [org.springframework.security.web.session.DisableEncodeUrlFilter@1a48f55b, org.springframework.security.web.context.request.async.WebAsyncManagerIntegrationFilter@7c8c6922, org.springframework.security.web.context.SecurityContextHolderFilter@75f5293c, org.springframework.security.web.header.HeaderWriterFilter@216fe151, org.springframework.security.web.authentication.logout.LogoutFilter@3b76dfa6, com.ruha.jwt.JwtAuthenticationFilter@46c6541f, org.springframework.security.web.savedrequest.RequestCacheAwareFilter@69bf351e, org.springframework.security.web.servletapi.SecurityContextHolderAwareRequestFilter@654e793f, org.springframework.security.web.authentication.AnonymousAuthenticationFilter@4a9fdffe, org.springframework.security.web.session.SessionManagementFilter@6ea48ca1, org.springframework.security.web.access.ExceptionTranslationFilter@34e0d52e, org.springframework.security.web.access.intercept.AuthorizationFilter@108ed58d]
2025-10-04T16:58:06.747+09:00  INFO 88575 --- [    Test worker] com.ruha.service.MemberServiceTest       : Started MemberServiceTest in 3.911 seconds (process running for 4.649)
2025-10-04T16:58:06.834+09:00  INFO 88575 --- [    Test worker] p6spy                                    : #1759564686834 | took 0ms | rollback | connection 5| url jdbc:h2:mem:test

;
2025-10-04T16:58:06.846+09:00  INFO 88575 --- [    Test worker] p6spy                                    : #1759564686846 | took 0ms | rollback | connection 6| url jdbc:h2:mem:test

;
2025-10-04T16:58:06.853+09:00  INFO 88575 --- [    Test worker] p6spy                                    : #1759564686853 | took 0ms | rollback | connection 7| url jdbc:h2:mem:test

;
]]></system-out>
  <system-err><![CDATA[]]></system-err>
</testsuite>
