<?xml version="1.0" encoding="UTF-8"?>
<testsuite name="투두 생성" tests="4" skipped="0" failures="0" errors="0" timestamp="2025-09-30T02:03:52" hostname="ODGui-MacBookAir.local" time="0.077">
  <properties/>
  <testcase name="실패 - 없는 카테고리" classname="com.ruha.service.TodoServiceTest$CreateTodo" time="0.007"/>
  <testcase name="실패 - 인증되지 않은 사용자" classname="com.ruha.service.TodoServiceTest$CreateTodo" time="0.025"/>
  <testcase name="성공 - 이미지 포함" classname="com.ruha.service.TodoServiceTest$CreateTodo" time="0.035"/>
  <testcase name="성공 - 이미지 없음" classname="com.ruha.service.TodoServiceTest$CreateTodo" time="0.005"/>
  <system-out><![CDATA[2025-09-30T11:03:51.360+09:00  INFO 27599 --- [    Test worker] t.c.s.AnnotationConfigContextLoaderUtils : Could not detect default configuration classes for test class [com.ruha.service.TodoServiceTest$CreateTodo]: CreateTodo does not declare any static, non-private, non-final, nested classes annotated with @Configuration.
2025-09-30T11:03:51.361+09:00  INFO 27599 --- [    Test worker] .b.t.c.SpringBootTestContextBootstrapper : Found @SpringBootConfiguration com.ruha.RuhaApplication for test class com.ruha.service.TodoServiceTest$CreateTodo

  .   ____          _            __ _ _
 /\\ / ___'_ __ _ _(_)_ __  __ _ \ \ \ \
( ( )\___ | '_ | '_| | '_ \/ _` | \ \ \ \
 \\/  ___)| |_)| | | | | || (_| |  ) ) ) )
  '  |____| .__|_| |_|_| |_\__, | / / / /
 =========|_|==============|___/=/_/_/_/
 :: Spring Boot ::                (v3.2.9)

2025-09-30T11:03:51.386+09:00  INFO 27599 --- [    Test worker] com.ruha.service.TodoServiceTest         : Starting TodoServiceTest using Java 17.0.13 with PID 27599 (started by odgman in /Users/odgman/Desktop/workspace/ruha)
2025-09-30T11:03:51.386+09:00  INFO 27599 --- [    Test worker] com.ruha.service.TodoServiceTest         : No active profile set, falling back to 1 default profile: "default"
2025-09-30T11:03:51.538+09:00  INFO 27599 --- [    Test worker] .s.d.r.c.RepositoryConfigurationDelegate : Bootstrapping Spring Data JPA repositories in DEFAULT mode.
2025-09-30T11:03:51.556+09:00  INFO 27599 --- [    Test worker] .s.d.r.c.RepositoryConfigurationDelegate : Finished Spring Data repository scanning in 18 ms. Found 6 JPA repository interfaces.
2025-09-30T11:03:51.743+09:00  INFO 27599 --- [    Test worker] c.g.g.b.j.d.p6spy.P6SpyConfiguration     : P6Spy modulelist is overridden, some p6spy configuration features will not be applied
2025-09-30T11:03:51.761+09:00  INFO 27599 --- [    Test worker] o.hibernate.jpa.internal.util.LogHelper  : HHH000204: Processing PersistenceUnitInfo [name: default]
2025-09-30T11:03:51.764+09:00  INFO 27599 --- [    Test worker] o.h.c.internal.RegionFactoryInitiator    : HHH000026: Second-level cache disabled
2025-09-30T11:03:51.768+09:00  INFO 27599 --- [    Test worker] o.s.o.j.p.SpringPersistenceUnitInfo      : No LoadTimeWeaver setup: ignoring JPA class transformer
2025-09-30T11:03:51.769+09:00  INFO 27599 --- [    Test worker] com.zaxxer.hikari.HikariDataSource       : HikariPool-4 - Starting...
2025-09-30T11:03:51.769+09:00  INFO 27599 --- [    Test worker] com.zaxxer.hikari.pool.HikariPool        : HikariPool-4 - Added connection conn70: url=jdbc:h2:mem:test user=SA
2025-09-30T11:03:51.769+09:00  INFO 27599 --- [    Test worker] com.zaxxer.hikari.HikariDataSource       : HikariPool-4 - Start completed.
2025-09-30T11:03:51.770+09:00  WARN 27599 --- [    Test worker] org.hibernate.orm.deprecation            : HHH90000025: H2Dialect does not need to be specified explicitly using 'hibernate.dialect' (remove the property setting and it will be selected by default)
2025-09-30T11:03:51.866+09:00  INFO 27599 --- [    Test worker] o.h.e.t.j.p.i.JtaPlatformInitiator       : HHH000489: No JTA platform available (set 'hibernate.transaction.jta.platform' to enable JTA platform integration)
2025-09-30T11:03:51.867+09:00 DEBUG 27599 --- [    Test worker] org.hibernate.SQL                        : 
    drop table if exists category cascade 
2025-09-30T11:03:51.867+09:00  INFO 27599 --- [    Test worker] p6spy                                    : #1759197831867 | took 0ms | statement | connection 84| url jdbc:h2:mem:test

    drop table if exists category cascade 

    drop table if exists category cascade ;
2025-09-30T11:03:51.867+09:00 DEBUG 27599 --- [    Test worker] org.hibernate.SQL                        : 
    drop table if exists comment cascade 
2025-09-30T11:03:51.868+09:00  INFO 27599 --- [    Test worker] p6spy                                    : #1759197831868 | took 0ms | statement | connection 84| url jdbc:h2:mem:test

    drop table if exists comment cascade 

    drop table if exists comment cascade ;
2025-09-30T11:03:51.868+09:00 DEBUG 27599 --- [    Test worker] org.hibernate.SQL                        : 
    drop table if exists follow cascade 
2025-09-30T11:03:51.868+09:00  INFO 27599 --- [    Test worker] p6spy                                    : #1759197831868 | took 0ms | statement | connection 84| url jdbc:h2:mem:test

    drop table if exists follow cascade 

    drop table if exists follow cascade ;
2025-09-30T11:03:51.868+09:00 DEBUG 27599 --- [    Test worker] org.hibernate.SQL                        : 
    drop table if exists member cascade 
2025-09-30T11:03:51.869+09:00  INFO 27599 --- [    Test worker] p6spy                                    : #1759197831869 | took 0ms | statement | connection 84| url jdbc:h2:mem:test

    drop table if exists member cascade 

    drop table if exists member cascade ;
2025-09-30T11:03:51.869+09:00 DEBUG 27599 --- [    Test worker] org.hibernate.SQL                        : 
    drop table if exists todo cascade 
2025-09-30T11:03:51.870+09:00  INFO 27599 --- [    Test worker] p6spy                                    : #1759197831870 | took 0ms | statement | connection 84| url jdbc:h2:mem:test

    drop table if exists todo cascade 

    drop table if exists todo cascade ;
2025-09-30T11:03:51.870+09:00 DEBUG 27599 --- [    Test worker] org.hibernate.SQL                        : 
    drop table if exists todo_image cascade 
2025-09-30T11:03:51.870+09:00  INFO 27599 --- [    Test worker] p6spy                                    : #1759197831870 | took 0ms | statement | connection 84| url jdbc:h2:mem:test

    drop table if exists todo_image cascade 

    drop table if exists todo_image cascade ;
2025-09-30T11:03:51.870+09:00 DEBUG 27599 --- [    Test worker] org.hibernate.SQL                        : 
    create table category (
        category_id bigint generated by default as identity,
        created_at timestamp(6) not null,
        name varchar(255) not null,
        primary key (category_id)
    )
2025-09-30T11:03:51.871+09:00  INFO 27599 --- [    Test worker] p6spy                                    : #1759197831871 | took 0ms | statement | connection 85| url jdbc:h2:mem:test

    create table category (
        category_id bigint generated by default as identity,
        created_at timestamp(6) not null,
        name varchar(255) not null,
        primary key (category_id)
    )

    create table category (
        category_id bigint generated by default as identity,
        created_at timestamp(6) not null,
        name varchar(255) not null,
        primary key (category_id)
    );
2025-09-30T11:03:51.871+09:00 DEBUG 27599 --- [    Test worker] org.hibernate.SQL                        : 
    create table comment (
        comment_id bigint generated by default as identity,
        created_at timestamp(6) not null,
        member_id bigint not null,
        todo_id bigint not null,
        updated_at timestamp(6),
        content varchar(255) not null,
        primary key (comment_id)
    )
2025-09-30T11:03:51.871+09:00  INFO 27599 --- [    Test worker] p6spy                                    : #1759197831871 | took 0ms | statement | connection 85| url jdbc:h2:mem:test

    create table comment (
        comment_id bigint generated by default as identity,
        created_at timestamp(6) not null,
        member_id bigint not null,
        todo_id bigint not null,
        updated_at timestamp(6),
        content varchar(255) not null,
        primary key (comment_id)
    )

    create table comment (
        comment_id bigint generated by default as identity,
        created_at timestamp(6) not null,
        member_id bigint not null,
        todo_id bigint not null,
        updated_at timestamp(6),
        content varchar(255) not null,
        primary key (comment_id)
    );
2025-09-30T11:03:51.872+09:00 DEBUG 27599 --- [    Test worker] org.hibernate.SQL                        : 
    create table follow (
        created_at timestamp(6) not null,
        follow_id bigint generated by default as identity,
        follower_id bigint not null,
        following_id bigint not null,
        primary key (follow_id),
        constraint UniqueFollowerAndFollowing unique (follower_id, following_id)
    )
2025-09-30T11:03:51.872+09:00  INFO 27599 --- [    Test worker] p6spy                                    : #1759197831872 | took 0ms | statement | connection 85| url jdbc:h2:mem:test

    create table follow (
        created_at timestamp(6) not null,
        follow_id bigint generated by default as identity,
        follower_id bigint not null,
        following_id bigint not null,
        primary key (follow_id),
        constraint UniqueFollowerAndFollowing unique (follower_id, following_id)
    )

    create table follow (
        created_at timestamp(6) not null,
        follow_id bigint generated by default as identity,
        follower_id bigint not null,
        following_id bigint not null,
        primary key (follow_id),
        constraint UniqueFollowerAndFollowing unique (follower_id, following_id)
    );
2025-09-30T11:03:51.872+09:00 DEBUG 27599 --- [    Test worker] org.hibernate.SQL                        : 
    create table member (
        is_deleted boolean not null,
        created_at timestamp(6) not null,
        deleted_at timestamp(6),
        member_id bigint generated by default as identity,
        updated_at timestamp(6),
        name varchar(12) not null,
        nickname varchar(15) not null unique,
        password varchar(255) not null,
        role_type varchar(255) not null check (role_type in ('ADMIN','NORMAL')),
        primary key (member_id)
    )
2025-09-30T11:03:51.878+09:00  INFO 27599 --- [    Test worker] p6spy                                    : #1759197831878 | took 5ms | statement | connection 85| url jdbc:h2:mem:test

    create table member (
        is_deleted boolean not null,
        created_at timestamp(6) not null,
        deleted_at timestamp(6),
        member_id bigint generated by default as identity,
        updated_at timestamp(6),
        name varchar(12) not null,
        nickname varchar(15) not null unique,
        password varchar(255) not null,
        role_type varchar(255) not null check (role_type in ('ADMIN','NORMAL')),
        primary key (member_id)
    )

    create table member (
        is_deleted boolean not null,
        created_at timestamp(6) not null,
        deleted_at timestamp(6),
        member_id bigint generated by default as identity,
        updated_at timestamp(6),
        name varchar(12) not null,
        nickname varchar(15) not null unique,
        password varchar(255) not null,
        role_type varchar(255) not null check (role_type in ('ADMIN','NORMAL')),
        primary key (member_id)
    );
2025-09-30T11:03:51.878+09:00 DEBUG 27599 --- [    Test worker] org.hibernate.SQL                        : 
    create table todo (
        is_completed boolean not null,
        is_public boolean not null,
        category_id bigint not null,
        created_at timestamp(6) not null,
        member_id bigint not null,
        todo_id bigint generated by default as identity,
        updated_at timestamp(6),
        title varchar(50) not null,
        description varchar(500) not null,
        importance varchar(255) not null check (importance in ('HIGH','MIDDLE','LOW')),
        primary key (todo_id)
    )
2025-09-30T11:03:51.879+09:00  INFO 27599 --- [    Test worker] p6spy                                    : #1759197831879 | took 0ms | statement | connection 85| url jdbc:h2:mem:test

    create table todo (
        is_completed boolean not null,
        is_public boolean not null,
        category_id bigint not null,
        created_at timestamp(6) not null,
        member_id bigint not null,
        todo_id bigint generated by default as identity,
        updated_at timestamp(6),
        title varchar(50) not null,
        description varchar(500) not null,
        importance varchar(255) not null check (importance in ('HIGH','MIDDLE','LOW')),
        primary key (todo_id)
    )

    create table todo (
        is_completed boolean not null,
        is_public boolean not null,
        category_id bigint not null,
        created_at timestamp(6) not null,
        member_id bigint not null,
        todo_id bigint generated by default as identity,
        updated_at timestamp(6),
        title varchar(50) not null,
        description varchar(500) not null,
        importance varchar(255) not null check (importance in ('HIGH','MIDDLE','LOW')),
        primary key (todo_id)
    );
2025-09-30T11:03:51.879+09:00 DEBUG 27599 --- [    Test worker] org.hibernate.SQL                        : 
    create table todo_image (
        created_at timestamp(6) not null,
        todo_id bigint not null,
        todo_image_id bigint generated by default as identity,
        file_name varchar(255) not null,
        file_path varchar(255) not null,
        primary key (todo_image_id)
    )
2025-09-30T11:03:51.879+09:00  INFO 27599 --- [    Test worker] p6spy                                    : #1759197831879 | took 0ms | statement | connection 85| url jdbc:h2:mem:test

    create table todo_image (
        created_at timestamp(6) not null,
        todo_id bigint not null,
        todo_image_id bigint generated by default as identity,
        file_name varchar(255) not null,
        file_path varchar(255) not null,
        primary key (todo_image_id)
    )

    create table todo_image (
        created_at timestamp(6) not null,
        todo_id bigint not null,
        todo_image_id bigint generated by default as identity,
        file_name varchar(255) not null,
        file_path varchar(255) not null,
        primary key (todo_image_id)
    );
2025-09-30T11:03:51.880+09:00 DEBUG 27599 --- [    Test worker] org.hibernate.SQL                        : 
    create index idx_comment_member_id 
       on comment (member_id)
2025-09-30T11:03:51.880+09:00  INFO 27599 --- [    Test worker] p6spy                                    : #1759197831880 | took 0ms | statement | connection 85| url jdbc:h2:mem:test

    create index idx_comment_member_id 
       on comment (member_id)

    create index idx_comment_member_id 
       on comment (member_id);
2025-09-30T11:03:51.880+09:00 DEBUG 27599 --- [    Test worker] org.hibernate.SQL                        : 
    create index idx_comment_todo_id 
       on comment (todo_id)
2025-09-30T11:03:51.880+09:00  INFO 27599 --- [    Test worker] p6spy                                    : #1759197831880 | took 0ms | statement | connection 85| url jdbc:h2:mem:test

    create index idx_comment_todo_id 
       on comment (todo_id)

    create index idx_comment_todo_id 
       on comment (todo_id);
2025-09-30T11:03:51.880+09:00 DEBUG 27599 --- [    Test worker] org.hibernate.SQL                        : 
    create index idx_comment_created_at 
       on comment (created_at)
2025-09-30T11:03:51.880+09:00  INFO 27599 --- [    Test worker] p6spy                                    : #1759197831880 | took 0ms | statement | connection 85| url jdbc:h2:mem:test

    create index idx_comment_created_at 
       on comment (created_at)

    create index idx_comment_created_at 
       on comment (created_at);
2025-09-30T11:03:51.880+09:00 DEBUG 27599 --- [    Test worker] org.hibernate.SQL                        : 
    create index idx_member_nickname 
       on member (nickname)
2025-09-30T11:03:51.881+09:00  INFO 27599 --- [    Test worker] p6spy                                    : #1759197831881 | took 0ms | statement | connection 85| url jdbc:h2:mem:test

    create index idx_member_nickname 
       on member (nickname)

    create index idx_member_nickname 
       on member (nickname);
2025-09-30T11:03:51.881+09:00 DEBUG 27599 --- [    Test worker] org.hibernate.SQL                        : 
    create index idx_member_created_at 
       on member (created_at)
2025-09-30T11:03:51.881+09:00  INFO 27599 --- [    Test worker] p6spy                                    : #1759197831881 | took 0ms | statement | connection 85| url jdbc:h2:mem:test

    create index idx_member_created_at 
       on member (created_at)

    create index idx_member_created_at 
       on member (created_at);
2025-09-30T11:03:51.881+09:00 DEBUG 27599 --- [    Test worker] org.hibernate.SQL                        : 
    create index idx_todo_member_id 
       on todo (member_id)
2025-09-30T11:03:51.881+09:00  INFO 27599 --- [    Test worker] p6spy                                    : #1759197831881 | took 0ms | statement | connection 85| url jdbc:h2:mem:test

    create index idx_todo_member_id 
       on todo (member_id)

    create index idx_todo_member_id 
       on todo (member_id);
2025-09-30T11:03:51.882+09:00 DEBUG 27599 --- [    Test worker] org.hibernate.SQL                        : 
    create index idx_todo_category_id 
       on todo (category_id)
2025-09-30T11:03:51.882+09:00  INFO 27599 --- [    Test worker] p6spy                                    : #1759197831882 | took 0ms | statement | connection 85| url jdbc:h2:mem:test

    create index idx_todo_category_id 
       on todo (category_id)

    create index idx_todo_category_id 
       on todo (category_id);
2025-09-30T11:03:51.882+09:00 DEBUG 27599 --- [    Test worker] org.hibernate.SQL                        : 
    create index idx_todo_completed 
       on todo (is_completed)
2025-09-30T11:03:51.882+09:00  INFO 27599 --- [    Test worker] p6spy                                    : #1759197831882 | took 0ms | statement | connection 85| url jdbc:h2:mem:test

    create index idx_todo_completed 
       on todo (is_completed)

    create index idx_todo_completed 
       on todo (is_completed);
2025-09-30T11:03:51.882+09:00 DEBUG 27599 --- [    Test worker] org.hibernate.SQL                        : 
    create index idx_todo_public 
       on todo (is_public)
2025-09-30T11:03:51.882+09:00  INFO 27599 --- [    Test worker] p6spy                                    : #1759197831882 | took 0ms | statement | connection 85| url jdbc:h2:mem:test

    create index idx_todo_public 
       on todo (is_public)

    create index idx_todo_public 
       on todo (is_public);
2025-09-30T11:03:51.882+09:00 DEBUG 27599 --- [    Test worker] org.hibernate.SQL                        : 
    create index idx_todo_created_at 
       on todo (created_at)
2025-09-30T11:03:51.883+09:00  INFO 27599 --- [    Test worker] p6spy                                    : #1759197831883 | took 0ms | statement | connection 85| url jdbc:h2:mem:test

    create index idx_todo_created_at 
       on todo (created_at)

    create index idx_todo_created_at 
       on todo (created_at);
2025-09-30T11:03:51.883+09:00 DEBUG 27599 --- [    Test worker] org.hibernate.SQL                        : 
    alter table if exists comment 
       add constraint FKmrrrpi513ssu63i2783jyiv9m 
       foreign key (member_id) 
       references member
2025-09-30T11:03:51.884+09:00  INFO 27599 --- [    Test worker] p6spy                                    : #1759197831884 | took 0ms | statement | connection 85| url jdbc:h2:mem:test

    alter table if exists comment 
       add constraint FKmrrrpi513ssu63i2783jyiv9m 
       foreign key (member_id) 
       references member

    alter table if exists comment 
       add constraint FKmrrrpi513ssu63i2783jyiv9m 
       foreign key (member_id) 
       references member;
2025-09-30T11:03:51.884+09:00 DEBUG 27599 --- [    Test worker] org.hibernate.SQL                        : 
    alter table if exists comment 
       add constraint FKj60kiatr37jebhtjaju6d5nv2 
       foreign key (todo_id) 
       references todo
2025-09-30T11:03:51.884+09:00  INFO 27599 --- [    Test worker] p6spy                                    : #1759197831884 | took 0ms | statement | connection 85| url jdbc:h2:mem:test

    alter table if exists comment 
       add constraint FKj60kiatr37jebhtjaju6d5nv2 
       foreign key (todo_id) 
       references todo

    alter table if exists comment 
       add constraint FKj60kiatr37jebhtjaju6d5nv2 
       foreign key (todo_id) 
       references todo;
2025-09-30T11:03:51.884+09:00 DEBUG 27599 --- [    Test worker] org.hibernate.SQL                        : 
    alter table if exists follow 
       add constraint FKtps7gpodlrhxlji90u6r3mlng 
       foreign key (follower_id) 
       references member
2025-09-30T11:03:51.885+09:00  INFO 27599 --- [    Test worker] p6spy                                    : #1759197831885 | took 0ms | statement | connection 85| url jdbc:h2:mem:test

    alter table if exists follow 
       add constraint FKtps7gpodlrhxlji90u6r3mlng 
       foreign key (follower_id) 
       references member

    alter table if exists follow 
       add constraint FKtps7gpodlrhxlji90u6r3mlng 
       foreign key (follower_id) 
       references member;
2025-09-30T11:03:51.885+09:00 DEBUG 27599 --- [    Test worker] org.hibernate.SQL                        : 
    alter table if exists follow 
       add constraint FKkcoemc64xrm83cdmhyaphcuiu 
       foreign key (following_id) 
       references member
2025-09-30T11:03:51.886+09:00  INFO 27599 --- [    Test worker] p6spy                                    : #1759197831886 | took 0ms | statement | connection 85| url jdbc:h2:mem:test

    alter table if exists follow 
       add constraint FKkcoemc64xrm83cdmhyaphcuiu 
       foreign key (following_id) 
       references member

    alter table if exists follow 
       add constraint FKkcoemc64xrm83cdmhyaphcuiu 
       foreign key (following_id) 
       references member;
2025-09-30T11:03:51.886+09:00 DEBUG 27599 --- [    Test worker] org.hibernate.SQL                        : 
    alter table if exists todo 
       add constraint FKeh6uro943emclp6kr1d4wysmo 
       foreign key (category_id) 
       references category
2025-09-30T11:03:51.886+09:00  INFO 27599 --- [    Test worker] p6spy                                    : #1759197831886 | took 0ms | statement | connection 85| url jdbc:h2:mem:test

    alter table if exists todo 
       add constraint FKeh6uro943emclp6kr1d4wysmo 
       foreign key (category_id) 
       references category

    alter table if exists todo 
       add constraint FKeh6uro943emclp6kr1d4wysmo 
       foreign key (category_id) 
       references category;
2025-09-30T11:03:51.887+09:00 DEBUG 27599 --- [    Test worker] org.hibernate.SQL                        : 
    alter table if exists todo 
       add constraint FK67o67f2ave0yd2pb137aoh603 
       foreign key (member_id) 
       references member
2025-09-30T11:03:51.887+09:00  INFO 27599 --- [    Test worker] p6spy                                    : #1759197831887 | took 0ms | statement | connection 85| url jdbc:h2:mem:test

    alter table if exists todo 
       add constraint FK67o67f2ave0yd2pb137aoh603 
       foreign key (member_id) 
       references member

    alter table if exists todo 
       add constraint FK67o67f2ave0yd2pb137aoh603 
       foreign key (member_id) 
       references member;
2025-09-30T11:03:51.887+09:00 DEBUG 27599 --- [    Test worker] org.hibernate.SQL                        : 
    alter table if exists todo_image 
       add constraint FKrarut5y7u4cr9swx1u0d4cfjd 
       foreign key (todo_id) 
       references todo
2025-09-30T11:03:51.888+09:00  INFO 27599 --- [    Test worker] p6spy                                    : #1759197831888 | took 0ms | statement | connection 85| url jdbc:h2:mem:test

    alter table if exists todo_image 
       add constraint FKrarut5y7u4cr9swx1u0d4cfjd 
       foreign key (todo_id) 
       references todo

    alter table if exists todo_image 
       add constraint FKrarut5y7u4cr9swx1u0d4cfjd 
       foreign key (todo_id) 
       references todo;
2025-09-30T11:03:51.889+09:00  INFO 27599 --- [    Test worker] j.LocalContainerEntityManagerFactoryBean : Initialized JPA EntityManagerFactory for persistence unit 'default'
2025-09-30T11:03:51.890+09:00  INFO 27599 --- [    Test worker] com.ruha.config.DataInitializer          : 카테고리 초기 데이터를 생성합니다.
2025-09-30T11:03:51.890+09:00  INFO 27599 --- [    Test worker] com.ruha.config.DataInitializer          : 카테고리 5 개가 생성되었습니다.
2025-09-30T11:03:51.962+09:00  WARN 27599 --- [    Test worker] JpaBaseConfiguration$JpaWebConfiguration : spring.jpa.open-in-view is enabled by default. Therefore, database queries may be performed during view rendering. Explicitly configure spring.jpa.open-in-view to disable this warning
2025-09-30T11:03:51.969+09:00  WARN 27599 --- [    Test worker] .s.s.UserDetailsServiceAutoConfiguration : 

Using generated security password: e5e45453-d214-4daa-85f3-05675f5c0657

This generated password is for development use only. Your security configuration must be updated before running your application in production.

2025-09-30T11:03:52.041+09:00  INFO 27599 --- [    Test worker] o.s.s.web.DefaultSecurityFilterChain     : Will secure any request with [org.springframework.security.web.session.DisableEncodeUrlFilter@700a8854, org.springframework.security.web.context.request.async.WebAsyncManagerIntegrationFilter@56d0048d, org.springframework.security.web.context.SecurityContextHolderFilter@79b3937a, org.springframework.security.web.header.HeaderWriterFilter@46c0ad2d, org.springframework.security.web.authentication.logout.LogoutFilter@480dce26, com.ruha.jwt.JwtAuthenticationFilter@a471163, org.springframework.security.web.savedrequest.RequestCacheAwareFilter@7756d3ad, org.springframework.security.web.servletapi.SecurityContextHolderAwareRequestFilter@343cb1af, org.springframework.security.web.authentication.AnonymousAuthenticationFilter@62da0f49, org.springframework.security.web.session.SessionManagementFilter@9320aed, org.springframework.security.web.access.ExceptionTranslationFilter@42898c45, org.springframework.security.web.access.intercept.AuthorizationFilter@58e7de77]
2025-09-30T11:03:52.142+09:00  INFO 27599 --- [    Test worker] com.ruha.service.TodoServiceTest         : Started TodoServiceTest in 0.779 seconds (process running for 6.875)
2025-09-30T11:03:52.153+09:00  INFO 27599 --- [    Test worker] p6spy                                    : #1759197832153 | took 0ms | rollback | connection 86| url jdbc:h2:mem:test

;
2025-09-30T11:03:52.180+09:00  INFO 27599 --- [    Test worker] p6spy                                    : #1759197832180 | took 0ms | rollback | connection 87| url jdbc:h2:mem:test

;
2025-09-30T11:03:52.217+09:00  INFO 27599 --- [    Test worker] p6spy                                    : #1759197832217 | took 0ms | rollback | connection 88| url jdbc:h2:mem:test

;
2025-09-30T11:03:52.223+09:00  INFO 27599 --- [    Test worker] p6spy                                    : #1759197832223 | took 0ms | rollback | connection 89| url jdbc:h2:mem:test

;
]]></system-out>
  <system-err><![CDATA[]]></system-err>
</testsuite>
