<?xml version="1.0" encoding="UTF-8"?>
<testsuite name="com.ruha.repository.CommentRepositoryTest" tests="13" skipped="0" failures="0" errors="0" timestamp="2025-08-01T08:40:05" hostname="ODGui-MacBookAir.local" time="0.998">
  <properties/>
  <testcase name="특정 TODO의 댓글 목록 조회" classname="com.ruha.repository.CommentRepositoryTest" time="0.51"/>
  <testcase name="댓글이 없는 Todo의 댓글 목록은 빈 리스트" classname="com.ruha.repository.CommentRepositoryTest" time="0.024"/>
  <testcase name="특정 Member가 작성한 댓글 목록 조회" classname="com.ruha.repository.CommentRepositoryTest" time="0.017"/>
  <testcase name="댓글이 없는 회원의 댓글 수는 0" classname="com.ruha.repository.CommentRepositoryTest" time="0.02"/>
  <testcase name="댓글 저장 시 생성시간, 수정시간 설정" classname="com.ruha.repository.CommentRepositoryTest" time="0.019"/>
  <testcase name="탈퇴한 회원의 댓글도 삭제" classname="com.ruha.repository.CommentRepositoryTest" time="0.034"/>
  <testcase name="댓글 삭제" classname="com.ruha.repository.CommentRepositoryTest" time="0.025"/>
  <testcase name="댓글 수정" classname="com.ruha.repository.CommentRepositoryTest" time="0.039"/>
  <testcase name="댓글 저장" classname="com.ruha.repository.CommentRepositoryTest" time="0.015"/>
  <testcase name="댓글 조회" classname="com.ruha.repository.CommentRepositoryTest" time="0.015"/>
  <testcase name="특정 회원이 작성한 댓글 수 조회" classname="com.ruha.repository.CommentRepositoryTest" time="0.023"/>
  <testcase name="댓글 수정 시 수정시간 업데이트" classname="com.ruha.repository.CommentRepositoryTest" time="0.12"/>
  <testcase name="댓글 목록이 생성시간 순으로 정렬" classname="com.ruha.repository.CommentRepositoryTest" time="0.125"/>
  <system-out><![CDATA[17:40:03.870 [Test worker] INFO org.springframework.test.context.support.AnnotationConfigContextLoaderUtils -- Could not detect default configuration classes for test class [com.ruha.repository.CommentRepositoryTest]: CommentRepositoryTest does not declare any static, non-private, non-final, nested classes annotated with @Configuration.
17:40:03.938 [Test worker] INFO org.springframework.boot.test.context.SpringBootTestContextBootstrapper -- Found @SpringBootConfiguration com.ruha.RuhaApplication for test class com.ruha.repository.CommentRepositoryTest

  .   ____          _            __ _ _
 /\\ / ___'_ __ _ _(_)_ __  __ _ \ \ \ \
( ( )\___ | '_ | '_| | '_ \/ _` | \ \ \ \
 \\/  ___)| |_)| | | | | || (_| |  ) ) ) )
  '  |____| .__|_| |_|_| |_\__, | / / / /
 =========|_|==============|___/=/_/_/_/
 :: Spring Boot ::                (v3.2.9)

2025-08-01T17:40:04.128+09:00  INFO 26160 --- [    Test worker] c.ruha.repository.CommentRepositoryTest  : Starting CommentRepositoryTest using Java 17.0.8 with PID 26160 (started by odgman in /Users/odgman/Desktop/workspace/ruha)
2025-08-01T17:40:04.129+09:00  INFO 26160 --- [    Test worker] c.ruha.repository.CommentRepositoryTest  : No active profile set, falling back to 1 default profile: "default"
2025-08-01T17:40:04.371+09:00  INFO 26160 --- [    Test worker] .s.d.r.c.RepositoryConfigurationDelegate : Bootstrapping Spring Data JPA repositories in DEFAULT mode.
2025-08-01T17:40:04.403+09:00  INFO 26160 --- [    Test worker] .s.d.r.c.RepositoryConfigurationDelegate : Finished Spring Data repository scanning in 29 ms. Found 6 JPA repository interfaces.
2025-08-01T17:40:04.429+09:00  INFO 26160 --- [    Test worker] beddedDataSourceBeanFactoryPostProcessor : Replacing 'dataSource' DataSource bean with embedded version
2025-08-01T17:40:04.501+09:00  INFO 26160 --- [    Test worker] o.s.j.d.e.EmbeddedDatabaseFactory        : Starting embedded database: url='jdbc:h2:mem:832b56e4-41cc-48e2-8bd2-f4dfa5f2c31e;DB_CLOSE_DELAY=-1;DB_CLOSE_ON_EXIT=false', username='sa'
2025-08-01T17:40:04.666+09:00  INFO 26160 --- [    Test worker] o.hibernate.jpa.internal.util.LogHelper  : HHH000204: Processing PersistenceUnitInfo [name: default]
2025-08-01T17:40:04.692+09:00  INFO 26160 --- [    Test worker] org.hibernate.Version                    : HHH000412: Hibernate ORM core version 6.4.10.Final
2025-08-01T17:40:04.708+09:00  INFO 26160 --- [    Test worker] o.h.c.internal.RegionFactoryInitiator    : HHH000026: Second-level cache disabled
2025-08-01T17:40:04.802+09:00  INFO 26160 --- [    Test worker] o.s.o.j.p.SpringPersistenceUnitInfo      : No LoadTimeWeaver setup: ignoring JPA class transformer
2025-08-01T17:40:04.828+09:00  WARN 26160 --- [    Test worker] org.hibernate.orm.deprecation            : HHH90000025: H2Dialect does not need to be specified explicitly using 'hibernate.dialect' (remove the property setting and it will be selected by default)
2025-08-01T17:40:05.340+09:00  INFO 26160 --- [    Test worker] o.h.e.t.j.p.i.JtaPlatformInitiator       : HHH000489: No JTA platform available (set 'hibernate.transaction.jta.platform' to enable JTA platform integration)
2025-08-01T17:40:05.347+09:00 DEBUG 26160 --- [    Test worker] org.hibernate.SQL                        : 
    drop table if exists category cascade 
Hibernate: 
    drop table if exists category cascade 
2025-08-01T17:40:05.349+09:00  INFO 26160 --- [    Test worker] p6spy                                    : #1754037605349 | took 0ms | statement | connection 1| url jdbc:h2:mem:832b56e4-41cc-48e2-8bd2-f4dfa5f2c31e

    drop table if exists category cascade 

    drop table if exists category cascade ;
2025-08-01T17:40:05.349+09:00 DEBUG 26160 --- [    Test worker] org.hibernate.SQL                        : 
    drop table if exists comment cascade 
Hibernate: 
    drop table if exists comment cascade 
2025-08-01T17:40:05.350+09:00  INFO 26160 --- [    Test worker] p6spy                                    : #1754037605350 | took 0ms | statement | connection 1| url jdbc:h2:mem:832b56e4-41cc-48e2-8bd2-f4dfa5f2c31e

    drop table if exists comment cascade 

    drop table if exists comment cascade ;
2025-08-01T17:40:05.350+09:00 DEBUG 26160 --- [    Test worker] org.hibernate.SQL                        : 
    drop table if exists follow cascade 
Hibernate: 
    drop table if exists follow cascade 
2025-08-01T17:40:05.350+09:00  INFO 26160 --- [    Test worker] p6spy                                    : #1754037605350 | took 0ms | statement | connection 1| url jdbc:h2:mem:832b56e4-41cc-48e2-8bd2-f4dfa5f2c31e

    drop table if exists follow cascade 

    drop table if exists follow cascade ;
2025-08-01T17:40:05.351+09:00 DEBUG 26160 --- [    Test worker] org.hibernate.SQL                        : 
    drop table if exists member cascade 
Hibernate: 
    drop table if exists member cascade 
2025-08-01T17:40:05.351+09:00  INFO 26160 --- [    Test worker] p6spy                                    : #1754037605351 | took 0ms | statement | connection 1| url jdbc:h2:mem:832b56e4-41cc-48e2-8bd2-f4dfa5f2c31e

    drop table if exists member cascade 

    drop table if exists member cascade ;
2025-08-01T17:40:05.351+09:00 DEBUG 26160 --- [    Test worker] org.hibernate.SQL                        : 
    drop table if exists todo cascade 
Hibernate: 
    drop table if exists todo cascade 
2025-08-01T17:40:05.351+09:00  INFO 26160 --- [    Test worker] p6spy                                    : #1754037605351 | took 0ms | statement | connection 1| url jdbc:h2:mem:832b56e4-41cc-48e2-8bd2-f4dfa5f2c31e

    drop table if exists todo cascade 

    drop table if exists todo cascade ;
2025-08-01T17:40:05.351+09:00 DEBUG 26160 --- [    Test worker] org.hibernate.SQL                        : 
    drop table if exists todo_image cascade 
Hibernate: 
    drop table if exists todo_image cascade 
2025-08-01T17:40:05.351+09:00  INFO 26160 --- [    Test worker] p6spy                                    : #1754037605351 | took 0ms | statement | connection 1| url jdbc:h2:mem:832b56e4-41cc-48e2-8bd2-f4dfa5f2c31e

    drop table if exists todo_image cascade 

    drop table if exists todo_image cascade ;
2025-08-01T17:40:05.354+09:00 DEBUG 26160 --- [    Test worker] org.hibernate.SQL                        : 
    create table category (
        category_id bigint generated by default as identity,
        created_at timestamp(6) not null,
        name varchar(255) not null,
        primary key (category_id)
    )
Hibernate: 
    create table category (
        category_id bigint generated by default as identity,
        created_at timestamp(6) not null,
        name varchar(255) not null,
        primary key (category_id)
    )
2025-08-01T17:40:05.359+09:00  INFO 26160 --- [    Test worker] p6spy                                    : #1754037605359 | took 3ms | statement | connection 2| url jdbc:h2:mem:832b56e4-41cc-48e2-8bd2-f4dfa5f2c31e

    create table category (
        category_id bigint generated by default as identity,
        created_at timestamp(6) not null,
        name varchar(255) not null,
        primary key (category_id)
    )

    create table category (
        category_id bigint generated by default as identity,
        created_at timestamp(6) not null,
        name varchar(255) not null,
        primary key (category_id)
    );
2025-08-01T17:40:05.359+09:00 DEBUG 26160 --- [    Test worker] org.hibernate.SQL                        : 
    create table comment (
        comment_id bigint generated by default as identity,
        created_at timestamp(6) not null,
        member_id bigint not null,
        todo_id bigint not null,
        updated_at timestamp(6),
        content varchar(255) not null,
        primary key (comment_id)
    )
Hibernate: 
    create table comment (
        comment_id bigint generated by default as identity,
        created_at timestamp(6) not null,
        member_id bigint not null,
        todo_id bigint not null,
        updated_at timestamp(6),
        content varchar(255) not null,
        primary key (comment_id)
    )
2025-08-01T17:40:05.360+09:00  INFO 26160 --- [    Test worker] p6spy                                    : #1754037605360 | took 0ms | statement | connection 2| url jdbc:h2:mem:832b56e4-41cc-48e2-8bd2-f4dfa5f2c31e

    create table comment (
        comment_id bigint generated by default as identity,
        created_at timestamp(6) not null,
        member_id bigint not null,
        todo_id bigint not null,
        updated_at timestamp(6),
        content varchar(255) not null,
        primary key (comment_id)
    )

    create table comment (
        comment_id bigint generated by default as identity,
        created_at timestamp(6) not null,
        member_id bigint not null,
        todo_id bigint not null,
        updated_at timestamp(6),
        content varchar(255) not null,
        primary key (comment_id)
    );
2025-08-01T17:40:05.361+09:00 DEBUG 26160 --- [    Test worker] org.hibernate.SQL                        : 
    create table follow (
        created_at timestamp(6) not null,
        follow_id bigint generated by default as identity,
        follower_id bigint,
        following_id bigint,
        primary key (follow_id),
        constraint UniqueFollowerAndFollowing unique (follower_id, following_id)
    )
Hibernate: 
    create table follow (
        created_at timestamp(6) not null,
        follow_id bigint generated by default as identity,
        follower_id bigint,
        following_id bigint,
        primary key (follow_id),
        constraint UniqueFollowerAndFollowing unique (follower_id, following_id)
    )
2025-08-01T17:40:05.362+09:00  INFO 26160 --- [    Test worker] p6spy                                    : #1754037605362 | took 1ms | statement | connection 2| url jdbc:h2:mem:832b56e4-41cc-48e2-8bd2-f4dfa5f2c31e

    create table follow (
        created_at timestamp(6) not null,
        follow_id bigint generated by default as identity,
        follower_id bigint,
        following_id bigint,
        primary key (follow_id),
        constraint UniqueFollowerAndFollowing unique (follower_id, following_id)
    )

    create table follow (
        created_at timestamp(6) not null,
        follow_id bigint generated by default as identity,
        follower_id bigint,
        following_id bigint,
        primary key (follow_id),
        constraint UniqueFollowerAndFollowing unique (follower_id, following_id)
    );
2025-08-01T17:40:05.363+09:00 DEBUG 26160 --- [    Test worker] org.hibernate.SQL                        : 
    create table member (
        created_at timestamp(6) not null,
        member_id bigint generated by default as identity,
        updated_at timestamp(6),
        name varchar(12) not null,
        nickname varchar(15) not null unique,
        password varchar(255) not null,
        role_type varchar(255) not null check (role_type in ('ADMIN','NORMAL')),
        primary key (member_id)
    )
Hibernate: 
    create table member (
        created_at timestamp(6) not null,
        member_id bigint generated by default as identity,
        updated_at timestamp(6),
        name varchar(12) not null,
        nickname varchar(15) not null unique,
        password varchar(255) not null,
        role_type varchar(255) not null check (role_type in ('ADMIN','NORMAL')),
        primary key (member_id)
    )
2025-08-01T17:40:05.366+09:00  INFO 26160 --- [    Test worker] p6spy                                    : #1754037605366 | took 2ms | statement | connection 2| url jdbc:h2:mem:832b56e4-41cc-48e2-8bd2-f4dfa5f2c31e

    create table member (
        created_at timestamp(6) not null,
        member_id bigint generated by default as identity,
        updated_at timestamp(6),
        name varchar(12) not null,
        nickname varchar(15) not null unique,
        password varchar(255) not null,
        role_type varchar(255) not null check (role_type in ('ADMIN','NORMAL')),
        primary key (member_id)
    )

    create table member (
        created_at timestamp(6) not null,
        member_id bigint generated by default as identity,
        updated_at timestamp(6),
        name varchar(12) not null,
        nickname varchar(15) not null unique,
        password varchar(255) not null,
        role_type varchar(255) not null check (role_type in ('ADMIN','NORMAL')),
        primary key (member_id)
    );
2025-08-01T17:40:05.366+09:00 DEBUG 26160 --- [    Test worker] org.hibernate.SQL                        : 
    create table todo (
        is_completed boolean not null,
        is_public boolean not null,
        category_id bigint not null,
        created_at timestamp(6) not null,
        member_id bigint not null,
        todo_id bigint generated by default as identity,
        updated_at timestamp(6),
        description varchar(255) not null,
        importance varchar(255) not null check (importance in ('HIGH','MIDDLE','LOW')),
        title varchar(255) not null,
        primary key (todo_id)
    )
Hibernate: 
    create table todo (
        is_completed boolean not null,
        is_public boolean not null,
        category_id bigint not null,
        created_at timestamp(6) not null,
        member_id bigint not null,
        todo_id bigint generated by default as identity,
        updated_at timestamp(6),
        description varchar(255) not null,
        importance varchar(255) not null check (importance in ('HIGH','MIDDLE','LOW')),
        title varchar(255) not null,
        primary key (todo_id)
    )
2025-08-01T17:40:05.367+09:00  INFO 26160 --- [    Test worker] p6spy                                    : #1754037605367 | took 0ms | statement | connection 2| url jdbc:h2:mem:832b56e4-41cc-48e2-8bd2-f4dfa5f2c31e

    create table todo (
        is_completed boolean not null,
        is_public boolean not null,
        category_id bigint not null,
        created_at timestamp(6) not null,
        member_id bigint not null,
        todo_id bigint generated by default as identity,
        updated_at timestamp(6),
        description varchar(255) not null,
        importance varchar(255) not null check (importance in ('HIGH','MIDDLE','LOW')),
        title varchar(255) not null,
        primary key (todo_id)
    )

    create table todo (
        is_completed boolean not null,
        is_public boolean not null,
        category_id bigint not null,
        created_at timestamp(6) not null,
        member_id bigint not null,
        todo_id bigint generated by default as identity,
        updated_at timestamp(6),
        description varchar(255) not null,
        importance varchar(255) not null check (importance in ('HIGH','MIDDLE','LOW')),
        title varchar(255) not null,
        primary key (todo_id)
    );
2025-08-01T17:40:05.368+09:00 DEBUG 26160 --- [    Test worker] org.hibernate.SQL                        : 
    create table todo_image (
        created_at timestamp(6) not null,
        todo_id bigint not null,
        todo_image_id bigint generated by default as identity,
        file_name varchar(255) not null,
        file_path varchar(255) not null,
        primary key (todo_image_id)
    )
Hibernate: 
    create table todo_image (
        created_at timestamp(6) not null,
        todo_id bigint not null,
        todo_image_id bigint generated by default as identity,
        file_name varchar(255) not null,
        file_path varchar(255) not null,
        primary key (todo_image_id)
    )
2025-08-01T17:40:05.369+09:00  INFO 26160 --- [    Test worker] p6spy                                    : #1754037605369 | took 0ms | statement | connection 2| url jdbc:h2:mem:832b56e4-41cc-48e2-8bd2-f4dfa5f2c31e

    create table todo_image (
        created_at timestamp(6) not null,
        todo_id bigint not null,
        todo_image_id bigint generated by default as identity,
        file_name varchar(255) not null,
        file_path varchar(255) not null,
        primary key (todo_image_id)
    )

    create table todo_image (
        created_at timestamp(6) not null,
        todo_id bigint not null,
        todo_image_id bigint generated by default as identity,
        file_name varchar(255) not null,
        file_path varchar(255) not null,
        primary key (todo_image_id)
    );
2025-08-01T17:40:05.370+09:00 DEBUG 26160 --- [    Test worker] org.hibernate.SQL                        : 
    create index idx_comment_member_id 
       on comment (member_id)
Hibernate: 
    create index idx_comment_member_id 
       on comment (member_id)
2025-08-01T17:40:05.370+09:00  INFO 26160 --- [    Test worker] p6spy                                    : #1754037605370 | took 0ms | statement | connection 2| url jdbc:h2:mem:832b56e4-41cc-48e2-8bd2-f4dfa5f2c31e

    create index idx_comment_member_id 
       on comment (member_id)

    create index idx_comment_member_id 
       on comment (member_id);
2025-08-01T17:40:05.370+09:00 DEBUG 26160 --- [    Test worker] org.hibernate.SQL                        : 
    create index idx_comment_todo_id 
       on comment (todo_id)
Hibernate: 
    create index idx_comment_todo_id 
       on comment (todo_id)
2025-08-01T17:40:05.370+09:00  INFO 26160 --- [    Test worker] p6spy                                    : #1754037605370 | took 0ms | statement | connection 2| url jdbc:h2:mem:832b56e4-41cc-48e2-8bd2-f4dfa5f2c31e

    create index idx_comment_todo_id 
       on comment (todo_id)

    create index idx_comment_todo_id 
       on comment (todo_id);
2025-08-01T17:40:05.371+09:00 DEBUG 26160 --- [    Test worker] org.hibernate.SQL                        : 
    create index idx_comment_created_at 
       on comment (created_at)
Hibernate: 
    create index idx_comment_created_at 
       on comment (created_at)
2025-08-01T17:40:05.371+09:00  INFO 26160 --- [    Test worker] p6spy                                    : #1754037605371 | took 0ms | statement | connection 2| url jdbc:h2:mem:832b56e4-41cc-48e2-8bd2-f4dfa5f2c31e

    create index idx_comment_created_at 
       on comment (created_at)

    create index idx_comment_created_at 
       on comment (created_at);
2025-08-01T17:40:05.371+09:00 DEBUG 26160 --- [    Test worker] org.hibernate.SQL                        : 
    create index idx_follow_follower_id 
       on follow (follower_id)
Hibernate: 
    create index idx_follow_follower_id 
       on follow (follower_id)
2025-08-01T17:40:05.371+09:00  INFO 26160 --- [    Test worker] p6spy                                    : #1754037605371 | took 0ms | statement | connection 2| url jdbc:h2:mem:832b56e4-41cc-48e2-8bd2-f4dfa5f2c31e

    create index idx_follow_follower_id 
       on follow (follower_id)

    create index idx_follow_follower_id 
       on follow (follower_id);
2025-08-01T17:40:05.372+09:00 DEBUG 26160 --- [    Test worker] org.hibernate.SQL                        : 
    create index idx_follow_following_id 
       on follow (following_id)
Hibernate: 
    create index idx_follow_following_id 
       on follow (following_id)
2025-08-01T17:40:05.372+09:00  INFO 26160 --- [    Test worker] p6spy                                    : #1754037605372 | took 0ms | statement | connection 2| url jdbc:h2:mem:832b56e4-41cc-48e2-8bd2-f4dfa5f2c31e

    create index idx_follow_following_id 
       on follow (following_id)

    create index idx_follow_following_id 
       on follow (following_id);
2025-08-01T17:40:05.372+09:00 DEBUG 26160 --- [    Test worker] org.hibernate.SQL                        : 
    create index idx_follow_created_at 
       on follow (created_at)
Hibernate: 
    create index idx_follow_created_at 
       on follow (created_at)
2025-08-01T17:40:05.372+09:00  INFO 26160 --- [    Test worker] p6spy                                    : #1754037605372 | took 0ms | statement | connection 2| url jdbc:h2:mem:832b56e4-41cc-48e2-8bd2-f4dfa5f2c31e

    create index idx_follow_created_at 
       on follow (created_at)

    create index idx_follow_created_at 
       on follow (created_at);
2025-08-01T17:40:05.372+09:00 DEBUG 26160 --- [    Test worker] org.hibernate.SQL                        : 
    create index idx_member_nickname 
       on member (nickname)
Hibernate: 
    create index idx_member_nickname 
       on member (nickname)
2025-08-01T17:40:05.373+09:00  INFO 26160 --- [    Test worker] p6spy                                    : #1754037605373 | took 0ms | statement | connection 2| url jdbc:h2:mem:832b56e4-41cc-48e2-8bd2-f4dfa5f2c31e

    create index idx_member_nickname 
       on member (nickname)

    create index idx_member_nickname 
       on member (nickname);
2025-08-01T17:40:05.373+09:00 DEBUG 26160 --- [    Test worker] org.hibernate.SQL                        : 
    create index idx_member_created_at 
       on member (created_at)
Hibernate: 
    create index idx_member_created_at 
       on member (created_at)
2025-08-01T17:40:05.374+09:00  INFO 26160 --- [    Test worker] p6spy                                    : #1754037605374 | took 0ms | statement | connection 2| url jdbc:h2:mem:832b56e4-41cc-48e2-8bd2-f4dfa5f2c31e

    create index idx_member_created_at 
       on member (created_at)

    create index idx_member_created_at 
       on member (created_at);
2025-08-01T17:40:05.374+09:00 DEBUG 26160 --- [    Test worker] org.hibernate.SQL                        : 
    create index idx_todo_member_id 
       on todo (member_id)
Hibernate: 
    create index idx_todo_member_id 
       on todo (member_id)
2025-08-01T17:40:05.375+09:00  INFO 26160 --- [    Test worker] p6spy                                    : #1754037605375 | took 0ms | statement | connection 2| url jdbc:h2:mem:832b56e4-41cc-48e2-8bd2-f4dfa5f2c31e

    create index idx_todo_member_id 
       on todo (member_id)

    create index idx_todo_member_id 
       on todo (member_id);
2025-08-01T17:40:05.375+09:00 DEBUG 26160 --- [    Test worker] org.hibernate.SQL                        : 
    create index idx_todo_category_id 
       on todo (category_id)
Hibernate: 
    create index idx_todo_category_id 
       on todo (category_id)
2025-08-01T17:40:05.375+09:00  INFO 26160 --- [    Test worker] p6spy                                    : #1754037605375 | took 0ms | statement | connection 2| url jdbc:h2:mem:832b56e4-41cc-48e2-8bd2-f4dfa5f2c31e

    create index idx_todo_category_id 
       on todo (category_id)

    create index idx_todo_category_id 
       on todo (category_id);
2025-08-01T17:40:05.375+09:00 DEBUG 26160 --- [    Test worker] org.hibernate.SQL                        : 
    create index idx_todo_completed 
       on todo (is_completed)
Hibernate: 
    create index idx_todo_completed 
       on todo (is_completed)
2025-08-01T17:40:05.375+09:00  INFO 26160 --- [    Test worker] p6spy                                    : #1754037605375 | took 0ms | statement | connection 2| url jdbc:h2:mem:832b56e4-41cc-48e2-8bd2-f4dfa5f2c31e

    create index idx_todo_completed 
       on todo (is_completed)

    create index idx_todo_completed 
       on todo (is_completed);
2025-08-01T17:40:05.376+09:00 DEBUG 26160 --- [    Test worker] org.hibernate.SQL                        : 
    create index idx_todo_public 
       on todo (is_public)
Hibernate: 
    create index idx_todo_public 
       on todo (is_public)
2025-08-01T17:40:05.376+09:00  INFO 26160 --- [    Test worker] p6spy                                    : #1754037605376 | took 0ms | statement | connection 2| url jdbc:h2:mem:832b56e4-41cc-48e2-8bd2-f4dfa5f2c31e

    create index idx_todo_public 
       on todo (is_public)

    create index idx_todo_public 
       on todo (is_public);
2025-08-01T17:40:05.376+09:00 DEBUG 26160 --- [    Test worker] org.hibernate.SQL                        : 
    create index idx_todo_created_at 
       on todo (created_at)
Hibernate: 
    create index idx_todo_created_at 
       on todo (created_at)
2025-08-01T17:40:05.376+09:00  INFO 26160 --- [    Test worker] p6spy                                    : #1754037605376 | took 0ms | statement | connection 2| url jdbc:h2:mem:832b56e4-41cc-48e2-8bd2-f4dfa5f2c31e

    create index idx_todo_created_at 
       on todo (created_at)

    create index idx_todo_created_at 
       on todo (created_at);
2025-08-01T17:40:05.376+09:00 DEBUG 26160 --- [    Test worker] org.hibernate.SQL                        : 
    alter table if exists comment 
       add constraint FKmrrrpi513ssu63i2783jyiv9m 
       foreign key (member_id) 
       references member
Hibernate: 
    alter table if exists comment 
       add constraint FKmrrrpi513ssu63i2783jyiv9m 
       foreign key (member_id) 
       references member
2025-08-01T17:40:05.381+09:00  INFO 26160 --- [    Test worker] p6spy                                    : #1754037605381 | took 4ms | statement | connection 2| url jdbc:h2:mem:832b56e4-41cc-48e2-8bd2-f4dfa5f2c31e

    alter table if exists comment 
       add constraint FKmrrrpi513ssu63i2783jyiv9m 
       foreign key (member_id) 
       references member

    alter table if exists comment 
       add constraint FKmrrrpi513ssu63i2783jyiv9m 
       foreign key (member_id) 
       references member;
2025-08-01T17:40:05.381+09:00 DEBUG 26160 --- [    Test worker] org.hibernate.SQL                        : 
    alter table if exists comment 
       add constraint FKj60kiatr37jebhtjaju6d5nv2 
       foreign key (todo_id) 
       references todo
Hibernate: 
    alter table if exists comment 
       add constraint FKj60kiatr37jebhtjaju6d5nv2 
       foreign key (todo_id) 
       references todo
2025-08-01T17:40:05.382+09:00  INFO 26160 --- [    Test worker] p6spy                                    : #1754037605382 | took 0ms | statement | connection 2| url jdbc:h2:mem:832b56e4-41cc-48e2-8bd2-f4dfa5f2c31e

    alter table if exists comment 
       add constraint FKj60kiatr37jebhtjaju6d5nv2 
       foreign key (todo_id) 
       references todo

    alter table if exists comment 
       add constraint FKj60kiatr37jebhtjaju6d5nv2 
       foreign key (todo_id) 
       references todo;
2025-08-01T17:40:05.382+09:00 DEBUG 26160 --- [    Test worker] org.hibernate.SQL                        : 
    alter table if exists follow 
       add constraint FKtps7gpodlrhxlji90u6r3mlng 
       foreign key (follower_id) 
       references member
Hibernate: 
    alter table if exists follow 
       add constraint FKtps7gpodlrhxlji90u6r3mlng 
       foreign key (follower_id) 
       references member
2025-08-01T17:40:05.383+09:00  INFO 26160 --- [    Test worker] p6spy                                    : #1754037605383 | took 0ms | statement | connection 2| url jdbc:h2:mem:832b56e4-41cc-48e2-8bd2-f4dfa5f2c31e

    alter table if exists follow 
       add constraint FKtps7gpodlrhxlji90u6r3mlng 
       foreign key (follower_id) 
       references member

    alter table if exists follow 
       add constraint FKtps7gpodlrhxlji90u6r3mlng 
       foreign key (follower_id) 
       references member;
2025-08-01T17:40:05.383+09:00 DEBUG 26160 --- [    Test worker] org.hibernate.SQL                        : 
    alter table if exists follow 
       add constraint FKkcoemc64xrm83cdmhyaphcuiu 
       foreign key (following_id) 
       references member
Hibernate: 
    alter table if exists follow 
       add constraint FKkcoemc64xrm83cdmhyaphcuiu 
       foreign key (following_id) 
       references member
2025-08-01T17:40:05.384+09:00  INFO 26160 --- [    Test worker] p6spy                                    : #1754037605384 | took 0ms | statement | connection 2| url jdbc:h2:mem:832b56e4-41cc-48e2-8bd2-f4dfa5f2c31e

    alter table if exists follow 
       add constraint FKkcoemc64xrm83cdmhyaphcuiu 
       foreign key (following_id) 
       references member

    alter table if exists follow 
       add constraint FKkcoemc64xrm83cdmhyaphcuiu 
       foreign key (following_id) 
       references member;
2025-08-01T17:40:05.384+09:00 DEBUG 26160 --- [    Test worker] org.hibernate.SQL                        : 
    alter table if exists todo 
       add constraint FKeh6uro943emclp6kr1d4wysmo 
       foreign key (category_id) 
       references category
Hibernate: 
    alter table if exists todo 
       add constraint FKeh6uro943emclp6kr1d4wysmo 
       foreign key (category_id) 
       references category
2025-08-01T17:40:05.385+09:00  INFO 26160 --- [    Test worker] p6spy                                    : #1754037605385 | took 0ms | statement | connection 2| url jdbc:h2:mem:832b56e4-41cc-48e2-8bd2-f4dfa5f2c31e

    alter table if exists todo 
       add constraint FKeh6uro943emclp6kr1d4wysmo 
       foreign key (category_id) 
       references category

    alter table if exists todo 
       add constraint FKeh6uro943emclp6kr1d4wysmo 
       foreign key (category_id) 
       references category;
2025-08-01T17:40:05.385+09:00 DEBUG 26160 --- [    Test worker] org.hibernate.SQL                        : 
    alter table if exists todo 
       add constraint FK67o67f2ave0yd2pb137aoh603 
       foreign key (member_id) 
       references member
Hibernate: 
    alter table if exists todo 
       add constraint FK67o67f2ave0yd2pb137aoh603 
       foreign key (member_id) 
       references member
2025-08-01T17:40:05.385+09:00  INFO 26160 --- [    Test worker] p6spy                                    : #1754037605385 | took 0ms | statement | connection 2| url jdbc:h2:mem:832b56e4-41cc-48e2-8bd2-f4dfa5f2c31e

    alter table if exists todo 
       add constraint FK67o67f2ave0yd2pb137aoh603 
       foreign key (member_id) 
       references member

    alter table if exists todo 
       add constraint FK67o67f2ave0yd2pb137aoh603 
       foreign key (member_id) 
       references member;
2025-08-01T17:40:05.386+09:00 DEBUG 26160 --- [    Test worker] org.hibernate.SQL                        : 
    alter table if exists todo_image 
       add constraint FKrarut5y7u4cr9swx1u0d4cfjd 
       foreign key (todo_id) 
       references todo
Hibernate: 
    alter table if exists todo_image 
       add constraint FKrarut5y7u4cr9swx1u0d4cfjd 
       foreign key (todo_id) 
       references todo
2025-08-01T17:40:05.386+09:00  INFO 26160 --- [    Test worker] p6spy                                    : #1754037605386 | took 0ms | statement | connection 2| url jdbc:h2:mem:832b56e4-41cc-48e2-8bd2-f4dfa5f2c31e

    alter table if exists todo_image 
       add constraint FKrarut5y7u4cr9swx1u0d4cfjd 
       foreign key (todo_id) 
       references todo

    alter table if exists todo_image 
       add constraint FKrarut5y7u4cr9swx1u0d4cfjd 
       foreign key (todo_id) 
       references todo;
2025-08-01T17:40:05.388+09:00  INFO 26160 --- [    Test worker] j.LocalContainerEntityManagerFactoryBean : Initialized JPA EntityManagerFactory for persistence unit 'default'
2025-08-01T17:40:05.610+09:00  INFO 26160 --- [    Test worker] c.ruha.repository.CommentRepositoryTest  : Started CommentRepositoryTest in 1.637 seconds (process running for 2.189)
2025-08-01T17:40:05.972+09:00 DEBUG 26160 --- [    Test worker] org.hibernate.SQL                        : 
    insert 
    into
        member
        (created_at, name, nickname, password, role_type, updated_at, member_id) 
    values
        (?, ?, ?, ?, ?, ?, default)
Hibernate: 
    insert 
    into
        member
        (created_at, name, nickname, password, role_type, updated_at, member_id) 
    values
        (?, ?, ?, ?, ?, ?, default)
2025-08-01T17:40:05.981+09:00  INFO 26160 --- [    Test worker] p6spy                                    : #1754037605981 | took 3ms | statement | connection 3| url jdbc:h2:mem:832b56e4-41cc-48e2-8bd2-f4dfa5f2c31e
insert into member (created_at,name,nickname,password,role_type,updated_at,member_id) values (?,?,?,?,?,?,default)
insert into member (created_at,name,nickname,password,role_type,updated_at,member_id) values ('2025-08-01T17:40:05.952+0900','user1','user1','1234','NORMAL','2025-08-01T17:40:05.952+0900',default);
2025-08-01T17:40:05.991+09:00 DEBUG 26160 --- [    Test worker] org.hibernate.SQL                        : 
    insert 
    into
        member
        (created_at, name, nickname, password, role_type, updated_at, member_id) 
    values
        (?, ?, ?, ?, ?, ?, default)
Hibernate: 
    insert 
    into
        member
        (created_at, name, nickname, password, role_type, updated_at, member_id) 
    values
        (?, ?, ?, ?, ?, ?, default)
2025-08-01T17:40:05.992+09:00  INFO 26160 --- [    Test worker] p6spy                                    : #1754037605992 | took 0ms | statement | connection 3| url jdbc:h2:mem:832b56e4-41cc-48e2-8bd2-f4dfa5f2c31e
insert into member (created_at,name,nickname,password,role_type,updated_at,member_id) values (?,?,?,?,?,?,default)
insert into member (created_at,name,nickname,password,role_type,updated_at,member_id) values ('2025-08-01T17:40:05.990+0900','user2','user2','1234','NORMAL','2025-08-01T17:40:05.990+0900',default);
2025-08-01T17:40:05.995+09:00 DEBUG 26160 --- [    Test worker] org.hibernate.SQL                        : 
    insert 
    into
        category
        (created_at, name, category_id) 
    values
        (?, ?, default)
Hibernate: 
    insert 
    into
        category
        (created_at, name, category_id) 
    values
        (?, ?, default)
2025-08-01T17:40:05.996+09:00  INFO 26160 --- [    Test worker] p6spy                                    : #1754037605996 | took 0ms | statement | connection 3| url jdbc:h2:mem:832b56e4-41cc-48e2-8bd2-f4dfa5f2c31e
insert into category (created_at,name,category_id) values (?,?,default)
insert into category (created_at,name,category_id) values ('2025-08-01T17:40:05.994+0900','일상',default);
2025-08-01T17:40:05.999+09:00 DEBUG 26160 --- [    Test worker] org.hibernate.SQL                        : 
    insert 
    into
        todo
        (category_id, created_at, description, importance, is_completed, is_public, member_id, title, updated_at, todo_id) 
    values
        (?, ?, ?, ?, ?, ?, ?, ?, ?, default)
Hibernate: 
    insert 
    into
        todo
        (category_id, created_at, description, importance, is_completed, is_public, member_id, title, updated_at, todo_id) 
    values
        (?, ?, ?, ?, ?, ?, ?, ?, ?, default)
2025-08-01T17:40:06.000+09:00  INFO 26160 --- [    Test worker] p6spy                                    : #1754037606000 | took 0ms | statement | connection 3| url jdbc:h2:mem:832b56e4-41cc-48e2-8bd2-f4dfa5f2c31e
insert into todo (category_id,created_at,description,importance,is_completed,is_public,member_id,title,updated_at,todo_id) values (?,?,?,?,?,?,?,?,?,default)
insert into todo (category_id,created_at,description,importance,is_completed,is_public,member_id,title,updated_at,todo_id) values (1,'2025-08-01T17:40:05.999+0900','테스트 코드 작성하기','HIGH',false,true,1,'오늘의 할 일','2025-08-01T17:40:05.999+0900',default);
2025-08-01T17:40:06.004+09:00 DEBUG 26160 --- [    Test worker] org.hibernate.SQL                        : 
    insert 
    into
        comment
        (content, created_at, member_id, todo_id, updated_at, comment_id) 
    values
        (?, ?, ?, ?, ?, default)
Hibernate: 
    insert 
    into
        comment
        (content, created_at, member_id, todo_id, updated_at, comment_id) 
    values
        (?, ?, ?, ?, ?, default)
2025-08-01T17:40:06.005+09:00  INFO 26160 --- [    Test worker] p6spy                                    : #1754037606005 | took 0ms | statement | connection 3| url jdbc:h2:mem:832b56e4-41cc-48e2-8bd2-f4dfa5f2c31e
insert into comment (content,created_at,member_id,todo_id,updated_at,comment_id) values (?,?,?,?,?,default)
insert into comment (content,created_at,member_id,todo_id,updated_at,comment_id) values ('댓글 1','2025-08-01T17:40:06.004+0900',1,1,'2025-08-01T17:40:06.004+0900',default);
2025-08-01T17:40:06.006+09:00 DEBUG 26160 --- [    Test worker] org.hibernate.SQL                        : 
    insert 
    into
        comment
        (content, created_at, member_id, todo_id, updated_at, comment_id) 
    values
        (?, ?, ?, ?, ?, default)
Hibernate: 
    insert 
    into
        comment
        (content, created_at, member_id, todo_id, updated_at, comment_id) 
    values
        (?, ?, ?, ?, ?, default)
2025-08-01T17:40:06.006+09:00  INFO 26160 --- [    Test worker] p6spy                                    : #1754037606006 | took 0ms | statement | connection 3| url jdbc:h2:mem:832b56e4-41cc-48e2-8bd2-f4dfa5f2c31e
insert into comment (content,created_at,member_id,todo_id,updated_at,comment_id) values (?,?,?,?,?,default)
insert into comment (content,created_at,member_id,todo_id,updated_at,comment_id) values ('댓글 2','2025-08-01T17:40:06.006+0900',2,1,'2025-08-01T17:40:06.006+0900',default);
2025-08-01T17:40:06.059+09:00 DEBUG 26160 --- [    Test worker] org.hibernate.SQL                        : 
    select
        c1_0.comment_id,
        c1_0.content,
        c1_0.created_at,
        c1_0.member_id,
        c1_0.todo_id,
        c1_0.updated_at 
    from
        comment c1_0 
    where
        c1_0.todo_id=?
Hibernate: 
    select
        c1_0.comment_id,
        c1_0.content,
        c1_0.created_at,
        c1_0.member_id,
        c1_0.todo_id,
        c1_0.updated_at 
    from
        comment c1_0 
    where
        c1_0.todo_id=?
2025-08-01T17:40:06.061+09:00  INFO 26160 --- [    Test worker] p6spy                                    : #1754037606061 | took 1ms | statement | connection 3| url jdbc:h2:mem:832b56e4-41cc-48e2-8bd2-f4dfa5f2c31e
select c1_0.comment_id,c1_0.content,c1_0.created_at,c1_0.member_id,c1_0.todo_id,c1_0.updated_at from comment c1_0 where c1_0.todo_id=?
select c1_0.comment_id,c1_0.content,c1_0.created_at,c1_0.member_id,c1_0.todo_id,c1_0.updated_at from comment c1_0 where c1_0.todo_id=1;
2025-08-01T17:40:06.098+09:00  INFO 26160 --- [    Test worker] p6spy                                    : #1754037606098 | took 0ms | rollback | connection 3| url jdbc:h2:mem:832b56e4-41cc-48e2-8bd2-f4dfa5f2c31e

;
2025-08-01T17:40:06.136+09:00 DEBUG 26160 --- [    Test worker] org.hibernate.SQL                        : 
    insert 
    into
        member
        (created_at, name, nickname, password, role_type, updated_at, member_id) 
    values
        (?, ?, ?, ?, ?, ?, default)
Hibernate: 
    insert 
    into
        member
        (created_at, name, nickname, password, role_type, updated_at, member_id) 
    values
        (?, ?, ?, ?, ?, ?, default)
2025-08-01T17:40:06.138+09:00  INFO 26160 --- [    Test worker] p6spy                                    : #1754037606138 | took 0ms | statement | connection 4| url jdbc:h2:mem:832b56e4-41cc-48e2-8bd2-f4dfa5f2c31e
insert into member (created_at,name,nickname,password,role_type,updated_at,member_id) values (?,?,?,?,?,?,default)
insert into member (created_at,name,nickname,password,role_type,updated_at,member_id) values ('2025-08-01T17:40:06.136+0900','user1','user1','1234','NORMAL','2025-08-01T17:40:06.136+0900',default);
2025-08-01T17:40:06.139+09:00 DEBUG 26160 --- [    Test worker] org.hibernate.SQL                        : 
    insert 
    into
        member
        (created_at, name, nickname, password, role_type, updated_at, member_id) 
    values
        (?, ?, ?, ?, ?, ?, default)
Hibernate: 
    insert 
    into
        member
        (created_at, name, nickname, password, role_type, updated_at, member_id) 
    values
        (?, ?, ?, ?, ?, ?, default)
2025-08-01T17:40:06.140+09:00  INFO 26160 --- [    Test worker] p6spy                                    : #1754037606140 | took 0ms | statement | connection 4| url jdbc:h2:mem:832b56e4-41cc-48e2-8bd2-f4dfa5f2c31e
insert into member (created_at,name,nickname,password,role_type,updated_at,member_id) values (?,?,?,?,?,?,default)
insert into member (created_at,name,nickname,password,role_type,updated_at,member_id) values ('2025-08-01T17:40:06.139+0900','user2','user2','1234','NORMAL','2025-08-01T17:40:06.139+0900',default);
2025-08-01T17:40:06.140+09:00 DEBUG 26160 --- [    Test worker] org.hibernate.SQL                        : 
    insert 
    into
        category
        (created_at, name, category_id) 
    values
        (?, ?, default)
Hibernate: 
    insert 
    into
        category
        (created_at, name, category_id) 
    values
        (?, ?, default)
2025-08-01T17:40:06.141+09:00  INFO 26160 --- [    Test worker] p6spy                                    : #1754037606141 | took 0ms | statement | connection 4| url jdbc:h2:mem:832b56e4-41cc-48e2-8bd2-f4dfa5f2c31e
insert into category (created_at,name,category_id) values (?,?,default)
insert into category (created_at,name,category_id) values ('2025-08-01T17:40:06.140+0900','일상',default);
2025-08-01T17:40:06.142+09:00 DEBUG 26160 --- [    Test worker] org.hibernate.SQL                        : 
    insert 
    into
        todo
        (category_id, created_at, description, importance, is_completed, is_public, member_id, title, updated_at, todo_id) 
    values
        (?, ?, ?, ?, ?, ?, ?, ?, ?, default)
Hibernate: 
    insert 
    into
        todo
        (category_id, created_at, description, importance, is_completed, is_public, member_id, title, updated_at, todo_id) 
    values
        (?, ?, ?, ?, ?, ?, ?, ?, ?, default)
2025-08-01T17:40:06.143+09:00  INFO 26160 --- [    Test worker] p6spy                                    : #1754037606143 | took 0ms | statement | connection 4| url jdbc:h2:mem:832b56e4-41cc-48e2-8bd2-f4dfa5f2c31e
insert into todo (category_id,created_at,description,importance,is_completed,is_public,member_id,title,updated_at,todo_id) values (?,?,?,?,?,?,?,?,?,default)
insert into todo (category_id,created_at,description,importance,is_completed,is_public,member_id,title,updated_at,todo_id) values (2,'2025-08-01T17:40:06.142+0900','테스트 코드 작성하기','HIGH',false,true,3,'오늘의 할 일','2025-08-01T17:40:06.142+0900',default);
2025-08-01T17:40:06.144+09:00 DEBUG 26160 --- [    Test worker] org.hibernate.SQL                        : 
    insert 
    into
        category
        (created_at, name, category_id) 
    values
        (?, ?, default)
Hibernate: 
    insert 
    into
        category
        (created_at, name, category_id) 
    values
        (?, ?, default)
2025-08-01T17:40:06.144+09:00  INFO 26160 --- [    Test worker] p6spy                                    : #1754037606144 | took 0ms | statement | connection 4| url jdbc:h2:mem:832b56e4-41cc-48e2-8bd2-f4dfa5f2c31e
insert into category (created_at,name,category_id) values (?,?,default)
insert into category (created_at,name,category_id) values ('2025-08-01T17:40:06.144+0900','카테고리',default);
2025-08-01T17:40:06.145+09:00 DEBUG 26160 --- [    Test worker] org.hibernate.SQL                        : 
    insert 
    into
        todo
        (category_id, created_at, description, importance, is_completed, is_public, member_id, title, updated_at, todo_id) 
    values
        (?, ?, ?, ?, ?, ?, ?, ?, ?, default)
Hibernate: 
    insert 
    into
        todo
        (category_id, created_at, description, importance, is_completed, is_public, member_id, title, updated_at, todo_id) 
    values
        (?, ?, ?, ?, ?, ?, ?, ?, ?, default)
2025-08-01T17:40:06.145+09:00  INFO 26160 --- [    Test worker] p6spy                                    : #1754037606145 | took 0ms | statement | connection 4| url jdbc:h2:mem:832b56e4-41cc-48e2-8bd2-f4dfa5f2c31e
insert into todo (category_id,created_at,description,importance,is_completed,is_public,member_id,title,updated_at,todo_id) values (?,?,?,?,?,?,?,?,?,default)
insert into todo (category_id,created_at,description,importance,is_completed,is_public,member_id,title,updated_at,todo_id) values (3,'2025-08-01T17:40:06.145+0900','테스트','HIGH',false,true,3,'댓글 없는 투두','2025-08-01T17:40:06.145+0900',default);
2025-08-01T17:40:06.147+09:00 DEBUG 26160 --- [    Test worker] org.hibernate.SQL                        : 
    select
        c1_0.comment_id,
        c1_0.content,
        c1_0.created_at,
        c1_0.member_id,
        c1_0.todo_id,
        c1_0.updated_at 
    from
        comment c1_0 
    where
        c1_0.todo_id=?
Hibernate: 
    select
        c1_0.comment_id,
        c1_0.content,
        c1_0.created_at,
        c1_0.member_id,
        c1_0.todo_id,
        c1_0.updated_at 
    from
        comment c1_0 
    where
        c1_0.todo_id=?
2025-08-01T17:40:06.148+09:00  INFO 26160 --- [    Test worker] p6spy                                    : #1754037606148 | took 0ms | statement | connection 4| url jdbc:h2:mem:832b56e4-41cc-48e2-8bd2-f4dfa5f2c31e
select c1_0.comment_id,c1_0.content,c1_0.created_at,c1_0.member_id,c1_0.todo_id,c1_0.updated_at from comment c1_0 where c1_0.todo_id=?
select c1_0.comment_id,c1_0.content,c1_0.created_at,c1_0.member_id,c1_0.todo_id,c1_0.updated_at from comment c1_0 where c1_0.todo_id=3;
2025-08-01T17:40:06.150+09:00  INFO 26160 --- [    Test worker] p6spy                                    : #1754037606150 | took 0ms | rollback | connection 4| url jdbc:h2:mem:832b56e4-41cc-48e2-8bd2-f4dfa5f2c31e

;
2025-08-01T17:40:06.153+09:00 DEBUG 26160 --- [    Test worker] org.hibernate.SQL                        : 
    insert 
    into
        member
        (created_at, name, nickname, password, role_type, updated_at, member_id) 
    values
        (?, ?, ?, ?, ?, ?, default)
Hibernate: 
    insert 
    into
        member
        (created_at, name, nickname, password, role_type, updated_at, member_id) 
    values
        (?, ?, ?, ?, ?, ?, default)
2025-08-01T17:40:06.154+09:00  INFO 26160 --- [    Test worker] p6spy                                    : #1754037606154 | took 0ms | statement | connection 5| url jdbc:h2:mem:832b56e4-41cc-48e2-8bd2-f4dfa5f2c31e
insert into member (created_at,name,nickname,password,role_type,updated_at,member_id) values (?,?,?,?,?,?,default)
insert into member (created_at,name,nickname,password,role_type,updated_at,member_id) values ('2025-08-01T17:40:06.153+0900','user1','user1','1234','NORMAL','2025-08-01T17:40:06.153+0900',default);
2025-08-01T17:40:06.155+09:00 DEBUG 26160 --- [    Test worker] org.hibernate.SQL                        : 
    insert 
    into
        member
        (created_at, name, nickname, password, role_type, updated_at, member_id) 
    values
        (?, ?, ?, ?, ?, ?, default)
Hibernate: 
    insert 
    into
        member
        (created_at, name, nickname, password, role_type, updated_at, member_id) 
    values
        (?, ?, ?, ?, ?, ?, default)
2025-08-01T17:40:06.156+09:00  INFO 26160 --- [    Test worker] p6spy                                    : #1754037606156 | took 0ms | statement | connection 5| url jdbc:h2:mem:832b56e4-41cc-48e2-8bd2-f4dfa5f2c31e
insert into member (created_at,name,nickname,password,role_type,updated_at,member_id) values (?,?,?,?,?,?,default)
insert into member (created_at,name,nickname,password,role_type,updated_at,member_id) values ('2025-08-01T17:40:06.155+0900','user2','user2','1234','NORMAL','2025-08-01T17:40:06.155+0900',default);
2025-08-01T17:40:06.157+09:00 DEBUG 26160 --- [    Test worker] org.hibernate.SQL                        : 
    insert 
    into
        category
        (created_at, name, category_id) 
    values
        (?, ?, default)
Hibernate: 
    insert 
    into
        category
        (created_at, name, category_id) 
    values
        (?, ?, default)
2025-08-01T17:40:06.157+09:00  INFO 26160 --- [    Test worker] p6spy                                    : #1754037606157 | took 0ms | statement | connection 5| url jdbc:h2:mem:832b56e4-41cc-48e2-8bd2-f4dfa5f2c31e
insert into category (created_at,name,category_id) values (?,?,default)
insert into category (created_at,name,category_id) values ('2025-08-01T17:40:06.156+0900','일상',default);
2025-08-01T17:40:06.159+09:00 DEBUG 26160 --- [    Test worker] org.hibernate.SQL                        : 
    insert 
    into
        todo
        (category_id, created_at, description, importance, is_completed, is_public, member_id, title, updated_at, todo_id) 
    values
        (?, ?, ?, ?, ?, ?, ?, ?, ?, default)
Hibernate: 
    insert 
    into
        todo
        (category_id, created_at, description, importance, is_completed, is_public, member_id, title, updated_at, todo_id) 
    values
        (?, ?, ?, ?, ?, ?, ?, ?, ?, default)
2025-08-01T17:40:06.160+09:00  INFO 26160 --- [    Test worker] p6spy                                    : #1754037606160 | took 0ms | statement | connection 5| url jdbc:h2:mem:832b56e4-41cc-48e2-8bd2-f4dfa5f2c31e
insert into todo (category_id,created_at,description,importance,is_completed,is_public,member_id,title,updated_at,todo_id) values (?,?,?,?,?,?,?,?,?,default)
insert into todo (category_id,created_at,description,importance,is_completed,is_public,member_id,title,updated_at,todo_id) values (4,'2025-08-01T17:40:06.158+0900','테스트 코드 작성하기','HIGH',false,true,5,'오늘의 할 일','2025-08-01T17:40:06.158+0900',default);
2025-08-01T17:40:06.161+09:00 DEBUG 26160 --- [    Test worker] org.hibernate.SQL                        : 
    insert 
    into
        comment
        (content, created_at, member_id, todo_id, updated_at, comment_id) 
    values
        (?, ?, ?, ?, ?, default)
Hibernate: 
    insert 
    into
        comment
        (content, created_at, member_id, todo_id, updated_at, comment_id) 
    values
        (?, ?, ?, ?, ?, default)
2025-08-01T17:40:06.161+09:00  INFO 26160 --- [    Test worker] p6spy                                    : #1754037606161 | took 0ms | statement | connection 5| url jdbc:h2:mem:832b56e4-41cc-48e2-8bd2-f4dfa5f2c31e
insert into comment (content,created_at,member_id,todo_id,updated_at,comment_id) values (?,?,?,?,?,default)
insert into comment (content,created_at,member_id,todo_id,updated_at,comment_id) values ('멤버1의 첫 댓글','2025-08-01T17:40:06.161+0900',5,4,'2025-08-01T17:40:06.161+0900',default);
2025-08-01T17:40:06.162+09:00 DEBUG 26160 --- [    Test worker] org.hibernate.SQL                        : 
    insert 
    into
        comment
        (content, created_at, member_id, todo_id, updated_at, comment_id) 
    values
        (?, ?, ?, ?, ?, default)
Hibernate: 
    insert 
    into
        comment
        (content, created_at, member_id, todo_id, updated_at, comment_id) 
    values
        (?, ?, ?, ?, ?, default)
2025-08-01T17:40:06.163+09:00  INFO 26160 --- [    Test worker] p6spy                                    : #1754037606163 | took 0ms | statement | connection 5| url jdbc:h2:mem:832b56e4-41cc-48e2-8bd2-f4dfa5f2c31e
insert into comment (content,created_at,member_id,todo_id,updated_at,comment_id) values (?,?,?,?,?,default)
insert into comment (content,created_at,member_id,todo_id,updated_at,comment_id) values ('멤버2의 유일한 댓글','2025-08-01T17:40:06.162+0900',6,4,'2025-08-01T17:40:06.162+0900',default);
2025-08-01T17:40:06.163+09:00 DEBUG 26160 --- [    Test worker] org.hibernate.SQL                        : 
    insert 
    into
        comment
        (content, created_at, member_id, todo_id, updated_at, comment_id) 
    values
        (?, ?, ?, ?, ?, default)
Hibernate: 
    insert 
    into
        comment
        (content, created_at, member_id, todo_id, updated_at, comment_id) 
    values
        (?, ?, ?, ?, ?, default)
2025-08-01T17:40:06.164+09:00  INFO 26160 --- [    Test worker] p6spy                                    : #1754037606164 | took 0ms | statement | connection 5| url jdbc:h2:mem:832b56e4-41cc-48e2-8bd2-f4dfa5f2c31e
insert into comment (content,created_at,member_id,todo_id,updated_at,comment_id) values (?,?,?,?,?,default)
insert into comment (content,created_at,member_id,todo_id,updated_at,comment_id) values ('멤버1의 두 번째 댓글','2025-08-01T17:40:06.163+0900',5,4,'2025-08-01T17:40:06.163+0900',default);
2025-08-01T17:40:06.165+09:00 DEBUG 26160 --- [    Test worker] org.hibernate.SQL                        : 
    select
        c1_0.comment_id,
        c1_0.content,
        c1_0.created_at,
        c1_0.member_id,
        c1_0.todo_id,
        c1_0.updated_at 
    from
        comment c1_0 
    where
        c1_0.member_id=?
Hibernate: 
    select
        c1_0.comment_id,
        c1_0.content,
        c1_0.created_at,
        c1_0.member_id,
        c1_0.todo_id,
        c1_0.updated_at 
    from
        comment c1_0 
    where
        c1_0.member_id=?
2025-08-01T17:40:06.166+09:00  INFO 26160 --- [    Test worker] p6spy                                    : #1754037606166 | took 0ms | statement | connection 5| url jdbc:h2:mem:832b56e4-41cc-48e2-8bd2-f4dfa5f2c31e
select c1_0.comment_id,c1_0.content,c1_0.created_at,c1_0.member_id,c1_0.todo_id,c1_0.updated_at from comment c1_0 where c1_0.member_id=?
select c1_0.comment_id,c1_0.content,c1_0.created_at,c1_0.member_id,c1_0.todo_id,c1_0.updated_at from comment c1_0 where c1_0.member_id=5;
2025-08-01T17:40:06.167+09:00  INFO 26160 --- [    Test worker] p6spy                                    : #1754037606167 | took 0ms | rollback | connection 5| url jdbc:h2:mem:832b56e4-41cc-48e2-8bd2-f4dfa5f2c31e

;
2025-08-01T17:40:06.171+09:00 DEBUG 26160 --- [    Test worker] org.hibernate.SQL                        : 
    insert 
    into
        member
        (created_at, name, nickname, password, role_type, updated_at, member_id) 
    values
        (?, ?, ?, ?, ?, ?, default)
Hibernate: 
    insert 
    into
        member
        (created_at, name, nickname, password, role_type, updated_at, member_id) 
    values
        (?, ?, ?, ?, ?, ?, default)
2025-08-01T17:40:06.172+09:00  INFO 26160 --- [    Test worker] p6spy                                    : #1754037606172 | took 0ms | statement | connection 6| url jdbc:h2:mem:832b56e4-41cc-48e2-8bd2-f4dfa5f2c31e
insert into member (created_at,name,nickname,password,role_type,updated_at,member_id) values (?,?,?,?,?,?,default)
insert into member (created_at,name,nickname,password,role_type,updated_at,member_id) values ('2025-08-01T17:40:06.171+0900','user1','user1','1234','NORMAL','2025-08-01T17:40:06.171+0900',default);
2025-08-01T17:40:06.174+09:00 DEBUG 26160 --- [    Test worker] org.hibernate.SQL                        : 
    insert 
    into
        member
        (created_at, name, nickname, password, role_type, updated_at, member_id) 
    values
        (?, ?, ?, ?, ?, ?, default)
Hibernate: 
    insert 
    into
        member
        (created_at, name, nickname, password, role_type, updated_at, member_id) 
    values
        (?, ?, ?, ?, ?, ?, default)
2025-08-01T17:40:06.175+09:00  INFO 26160 --- [    Test worker] p6spy                                    : #1754037606175 | took 0ms | statement | connection 6| url jdbc:h2:mem:832b56e4-41cc-48e2-8bd2-f4dfa5f2c31e
insert into member (created_at,name,nickname,password,role_type,updated_at,member_id) values (?,?,?,?,?,?,default)
insert into member (created_at,name,nickname,password,role_type,updated_at,member_id) values ('2025-08-01T17:40:06.173+0900','user2','user2','1234','NORMAL','2025-08-01T17:40:06.173+0900',default);
2025-08-01T17:40:06.176+09:00 DEBUG 26160 --- [    Test worker] org.hibernate.SQL                        : 
    insert 
    into
        category
        (created_at, name, category_id) 
    values
        (?, ?, default)
Hibernate: 
    insert 
    into
        category
        (created_at, name, category_id) 
    values
        (?, ?, default)
2025-08-01T17:40:06.177+09:00  INFO 26160 --- [    Test worker] p6spy                                    : #1754037606177 | took 0ms | statement | connection 6| url jdbc:h2:mem:832b56e4-41cc-48e2-8bd2-f4dfa5f2c31e
insert into category (created_at,name,category_id) values (?,?,default)
insert into category (created_at,name,category_id) values ('2025-08-01T17:40:06.176+0900','일상',default);
2025-08-01T17:40:06.178+09:00 DEBUG 26160 --- [    Test worker] org.hibernate.SQL                        : 
    insert 
    into
        todo
        (category_id, created_at, description, importance, is_completed, is_public, member_id, title, updated_at, todo_id) 
    values
        (?, ?, ?, ?, ?, ?, ?, ?, ?, default)
Hibernate: 
    insert 
    into
        todo
        (category_id, created_at, description, importance, is_completed, is_public, member_id, title, updated_at, todo_id) 
    values
        (?, ?, ?, ?, ?, ?, ?, ?, ?, default)
2025-08-01T17:40:06.178+09:00  INFO 26160 --- [    Test worker] p6spy                                    : #1754037606178 | took 0ms | statement | connection 6| url jdbc:h2:mem:832b56e4-41cc-48e2-8bd2-f4dfa5f2c31e
insert into todo (category_id,created_at,description,importance,is_completed,is_public,member_id,title,updated_at,todo_id) values (?,?,?,?,?,?,?,?,?,default)
insert into todo (category_id,created_at,description,importance,is_completed,is_public,member_id,title,updated_at,todo_id) values (5,'2025-08-01T17:40:06.177+0900','테스트 코드 작성하기','HIGH',false,true,7,'오늘의 할 일','2025-08-01T17:40:06.177+0900',default);
2025-08-01T17:40:06.179+09:00 DEBUG 26160 --- [    Test worker] org.hibernate.SQL                        : 
    insert 
    into
        member
        (created_at, name, nickname, password, role_type, updated_at, member_id) 
    values
        (?, ?, ?, ?, ?, ?, default)
Hibernate: 
    insert 
    into
        member
        (created_at, name, nickname, password, role_type, updated_at, member_id) 
    values
        (?, ?, ?, ?, ?, ?, default)
2025-08-01T17:40:06.180+09:00  INFO 26160 --- [    Test worker] p6spy                                    : #1754037606180 | took 0ms | statement | connection 6| url jdbc:h2:mem:832b56e4-41cc-48e2-8bd2-f4dfa5f2c31e
insert into member (created_at,name,nickname,password,role_type,updated_at,member_id) values (?,?,?,?,?,?,default)
insert into member (created_at,name,nickname,password,role_type,updated_at,member_id) values ('2025-08-01T17:40:06.179+0900','회원','nocomment','1234','NORMAL','2025-08-01T17:40:06.179+0900',default);
2025-08-01T17:40:06.183+09:00 DEBUG 26160 --- [    Test worker] org.hibernate.SQL                        : 
    select
        count(c1_0.comment_id) 
    from
        comment c1_0 
    where
        c1_0.member_id=?
Hibernate: 
    select
        count(c1_0.comment_id) 
    from
        comment c1_0 
    where
        c1_0.member_id=?
2025-08-01T17:40:06.185+09:00  INFO 26160 --- [    Test worker] p6spy                                    : #1754037606185 | took 1ms | statement | connection 6| url jdbc:h2:mem:832b56e4-41cc-48e2-8bd2-f4dfa5f2c31e
select count(c1_0.comment_id) from comment c1_0 where c1_0.member_id=?
select count(c1_0.comment_id) from comment c1_0 where c1_0.member_id=9;
2025-08-01T17:40:06.189+09:00  INFO 26160 --- [    Test worker] p6spy                                    : #1754037606189 | took 0ms | rollback | connection 6| url jdbc:h2:mem:832b56e4-41cc-48e2-8bd2-f4dfa5f2c31e

;
2025-08-01T17:40:06.193+09:00 DEBUG 26160 --- [    Test worker] org.hibernate.SQL                        : 
    insert 
    into
        member
        (created_at, name, nickname, password, role_type, updated_at, member_id) 
    values
        (?, ?, ?, ?, ?, ?, default)
Hibernate: 
    insert 
    into
        member
        (created_at, name, nickname, password, role_type, updated_at, member_id) 
    values
        (?, ?, ?, ?, ?, ?, default)
2025-08-01T17:40:06.195+09:00  INFO 26160 --- [    Test worker] p6spy                                    : #1754037606195 | took 0ms | statement | connection 7| url jdbc:h2:mem:832b56e4-41cc-48e2-8bd2-f4dfa5f2c31e
insert into member (created_at,name,nickname,password,role_type,updated_at,member_id) values (?,?,?,?,?,?,default)
insert into member (created_at,name,nickname,password,role_type,updated_at,member_id) values ('2025-08-01T17:40:06.193+0900','user1','user1','1234','NORMAL','2025-08-01T17:40:06.193+0900',default);
2025-08-01T17:40:06.197+09:00 DEBUG 26160 --- [    Test worker] org.hibernate.SQL                        : 
    insert 
    into
        member
        (created_at, name, nickname, password, role_type, updated_at, member_id) 
    values
        (?, ?, ?, ?, ?, ?, default)
Hibernate: 
    insert 
    into
        member
        (created_at, name, nickname, password, role_type, updated_at, member_id) 
    values
        (?, ?, ?, ?, ?, ?, default)
2025-08-01T17:40:06.198+09:00  INFO 26160 --- [    Test worker] p6spy                                    : #1754037606198 | took 0ms | statement | connection 7| url jdbc:h2:mem:832b56e4-41cc-48e2-8bd2-f4dfa5f2c31e
insert into member (created_at,name,nickname,password,role_type,updated_at,member_id) values (?,?,?,?,?,?,default)
insert into member (created_at,name,nickname,password,role_type,updated_at,member_id) values ('2025-08-01T17:40:06.197+0900','user2','user2','1234','NORMAL','2025-08-01T17:40:06.197+0900',default);
2025-08-01T17:40:06.199+09:00 DEBUG 26160 --- [    Test worker] org.hibernate.SQL                        : 
    insert 
    into
        category
        (created_at, name, category_id) 
    values
        (?, ?, default)
Hibernate: 
    insert 
    into
        category
        (created_at, name, category_id) 
    values
        (?, ?, default)
2025-08-01T17:40:06.199+09:00  INFO 26160 --- [    Test worker] p6spy                                    : #1754037606199 | took 0ms | statement | connection 7| url jdbc:h2:mem:832b56e4-41cc-48e2-8bd2-f4dfa5f2c31e
insert into category (created_at,name,category_id) values (?,?,default)
insert into category (created_at,name,category_id) values ('2025-08-01T17:40:06.199+0900','일상',default);
2025-08-01T17:40:06.200+09:00 DEBUG 26160 --- [    Test worker] org.hibernate.SQL                        : 
    insert 
    into
        todo
        (category_id, created_at, description, importance, is_completed, is_public, member_id, title, updated_at, todo_id) 
    values
        (?, ?, ?, ?, ?, ?, ?, ?, ?, default)
Hibernate: 
    insert 
    into
        todo
        (category_id, created_at, description, importance, is_completed, is_public, member_id, title, updated_at, todo_id) 
    values
        (?, ?, ?, ?, ?, ?, ?, ?, ?, default)
2025-08-01T17:40:06.201+09:00  INFO 26160 --- [    Test worker] p6spy                                    : #1754037606201 | took 0ms | statement | connection 7| url jdbc:h2:mem:832b56e4-41cc-48e2-8bd2-f4dfa5f2c31e
insert into todo (category_id,created_at,description,importance,is_completed,is_public,member_id,title,updated_at,todo_id) values (?,?,?,?,?,?,?,?,?,default)
insert into todo (category_id,created_at,description,importance,is_completed,is_public,member_id,title,updated_at,todo_id) values (6,'2025-08-01T17:40:06.200+0900','테스트 코드 작성하기','HIGH',false,true,10,'오늘의 할 일','2025-08-01T17:40:06.200+0900',default);
2025-08-01T17:40:06.202+09:00 DEBUG 26160 --- [    Test worker] org.hibernate.SQL                        : 
    insert 
    into
        comment
        (content, created_at, member_id, todo_id, updated_at, comment_id) 
    values
        (?, ?, ?, ?, ?, default)
Hibernate: 
    insert 
    into
        comment
        (content, created_at, member_id, todo_id, updated_at, comment_id) 
    values
        (?, ?, ?, ?, ?, default)
2025-08-01T17:40:06.203+09:00  INFO 26160 --- [    Test worker] p6spy                                    : #1754037606203 | took 0ms | statement | connection 7| url jdbc:h2:mem:832b56e4-41cc-48e2-8bd2-f4dfa5f2c31e
insert into comment (content,created_at,member_id,todo_id,updated_at,comment_id) values (?,?,?,?,?,default)
insert into comment (content,created_at,member_id,todo_id,updated_at,comment_id) values ('테스트','2025-08-01T17:40:06.202+0900',10,6,'2025-08-01T17:40:06.202+0900',default);
2025-08-01T17:40:06.208+09:00  INFO 26160 --- [    Test worker] p6spy                                    : #1754037606208 | took 0ms | rollback | connection 7| url jdbc:h2:mem:832b56e4-41cc-48e2-8bd2-f4dfa5f2c31e

;
2025-08-01T17:40:06.215+09:00 DEBUG 26160 --- [    Test worker] org.hibernate.SQL                        : 
    insert 
    into
        member
        (created_at, name, nickname, password, role_type, updated_at, member_id) 
    values
        (?, ?, ?, ?, ?, ?, default)
Hibernate: 
    insert 
    into
        member
        (created_at, name, nickname, password, role_type, updated_at, member_id) 
    values
        (?, ?, ?, ?, ?, ?, default)
2025-08-01T17:40:06.216+09:00  INFO 26160 --- [    Test worker] p6spy                                    : #1754037606216 | took 0ms | statement | connection 8| url jdbc:h2:mem:832b56e4-41cc-48e2-8bd2-f4dfa5f2c31e
insert into member (created_at,name,nickname,password,role_type,updated_at,member_id) values (?,?,?,?,?,?,default)
insert into member (created_at,name,nickname,password,role_type,updated_at,member_id) values ('2025-08-01T17:40:06.214+0900','user1','user1','1234','NORMAL','2025-08-01T17:40:06.214+0900',default);
2025-08-01T17:40:06.218+09:00 DEBUG 26160 --- [    Test worker] org.hibernate.SQL                        : 
    insert 
    into
        member
        (created_at, name, nickname, password, role_type, updated_at, member_id) 
    values
        (?, ?, ?, ?, ?, ?, default)
Hibernate: 
    insert 
    into
        member
        (created_at, name, nickname, password, role_type, updated_at, member_id) 
    values
        (?, ?, ?, ?, ?, ?, default)
2025-08-01T17:40:06.219+09:00  INFO 26160 --- [    Test worker] p6spy                                    : #1754037606219 | took 0ms | statement | connection 8| url jdbc:h2:mem:832b56e4-41cc-48e2-8bd2-f4dfa5f2c31e
insert into member (created_at,name,nickname,password,role_type,updated_at,member_id) values (?,?,?,?,?,?,default)
insert into member (created_at,name,nickname,password,role_type,updated_at,member_id) values ('2025-08-01T17:40:06.218+0900','user2','user2','1234','NORMAL','2025-08-01T17:40:06.218+0900',default);
2025-08-01T17:40:06.219+09:00 DEBUG 26160 --- [    Test worker] org.hibernate.SQL                        : 
    insert 
    into
        category
        (created_at, name, category_id) 
    values
        (?, ?, default)
Hibernate: 
    insert 
    into
        category
        (created_at, name, category_id) 
    values
        (?, ?, default)
2025-08-01T17:40:06.220+09:00  INFO 26160 --- [    Test worker] p6spy                                    : #1754037606220 | took 0ms | statement | connection 8| url jdbc:h2:mem:832b56e4-41cc-48e2-8bd2-f4dfa5f2c31e
insert into category (created_at,name,category_id) values (?,?,default)
insert into category (created_at,name,category_id) values ('2025-08-01T17:40:06.219+0900','일상',default);
2025-08-01T17:40:06.221+09:00 DEBUG 26160 --- [    Test worker] org.hibernate.SQL                        : 
    insert 
    into
        todo
        (category_id, created_at, description, importance, is_completed, is_public, member_id, title, updated_at, todo_id) 
    values
        (?, ?, ?, ?, ?, ?, ?, ?, ?, default)
Hibernate: 
    insert 
    into
        todo
        (category_id, created_at, description, importance, is_completed, is_public, member_id, title, updated_at, todo_id) 
    values
        (?, ?, ?, ?, ?, ?, ?, ?, ?, default)
2025-08-01T17:40:06.223+09:00  INFO 26160 --- [    Test worker] p6spy                                    : #1754037606223 | took 0ms | statement | connection 8| url jdbc:h2:mem:832b56e4-41cc-48e2-8bd2-f4dfa5f2c31e
insert into todo (category_id,created_at,description,importance,is_completed,is_public,member_id,title,updated_at,todo_id) values (?,?,?,?,?,?,?,?,?,default)
insert into todo (category_id,created_at,description,importance,is_completed,is_public,member_id,title,updated_at,todo_id) values (7,'2025-08-01T17:40:06.221+0900','테스트 코드 작성하기','HIGH',false,true,12,'오늘의 할 일','2025-08-01T17:40:06.221+0900',default);
2025-08-01T17:40:06.224+09:00 DEBUG 26160 --- [    Test worker] org.hibernate.SQL                        : 
    insert 
    into
        member
        (created_at, name, nickname, password, role_type, updated_at, member_id) 
    values
        (?, ?, ?, ?, ?, ?, default)
Hibernate: 
    insert 
    into
        member
        (created_at, name, nickname, password, role_type, updated_at, member_id) 
    values
        (?, ?, ?, ?, ?, ?, default)
2025-08-01T17:40:06.225+09:00  INFO 26160 --- [    Test worker] p6spy                                    : #1754037606225 | took 0ms | statement | connection 8| url jdbc:h2:mem:832b56e4-41cc-48e2-8bd2-f4dfa5f2c31e
insert into member (created_at,name,nickname,password,role_type,updated_at,member_id) values (?,?,?,?,?,?,default)
insert into member (created_at,name,nickname,password,role_type,updated_at,member_id) values ('2025-08-01T17:40:06.223+0900','삭제테스트','deletetest','1234','NORMAL','2025-08-01T17:40:06.223+0900',default);
2025-08-01T17:40:06.226+09:00 DEBUG 26160 --- [    Test worker] org.hibernate.SQL                        : 
    insert 
    into
        category
        (created_at, name, category_id) 
    values
        (?, ?, default)
Hibernate: 
    insert 
    into
        category
        (created_at, name, category_id) 
    values
        (?, ?, default)
2025-08-01T17:40:06.227+09:00  INFO 26160 --- [    Test worker] p6spy                                    : #1754037606227 | took 0ms | statement | connection 8| url jdbc:h2:mem:832b56e4-41cc-48e2-8bd2-f4dfa5f2c31e
insert into category (created_at,name,category_id) values (?,?,default)
insert into category (created_at,name,category_id) values ('2025-08-01T17:40:06.226+0900','삭제테스트카테고리',default);
2025-08-01T17:40:06.228+09:00 DEBUG 26160 --- [    Test worker] org.hibernate.SQL                        : 
    insert 
    into
        todo
        (category_id, created_at, description, importance, is_completed, is_public, member_id, title, updated_at, todo_id) 
    values
        (?, ?, ?, ?, ?, ?, ?, ?, ?, default)
Hibernate: 
    insert 
    into
        todo
        (category_id, created_at, description, importance, is_completed, is_public, member_id, title, updated_at, todo_id) 
    values
        (?, ?, ?, ?, ?, ?, ?, ?, ?, default)
2025-08-01T17:40:06.229+09:00  INFO 26160 --- [    Test worker] p6spy                                    : #1754037606229 | took 0ms | statement | connection 8| url jdbc:h2:mem:832b56e4-41cc-48e2-8bd2-f4dfa5f2c31e
insert into todo (category_id,created_at,description,importance,is_completed,is_public,member_id,title,updated_at,todo_id) values (?,?,?,?,?,?,?,?,?,default)
insert into todo (category_id,created_at,description,importance,is_completed,is_public,member_id,title,updated_at,todo_id) values (8,'2025-08-01T17:40:06.228+0900','테스트','LOW',false,false,14,'삭제테스트 투두','2025-08-01T17:40:06.228+0900',default);
2025-08-01T17:40:06.231+09:00 DEBUG 26160 --- [    Test worker] org.hibernate.SQL                        : 
    insert 
    into
        comment
        (content, created_at, member_id, todo_id, updated_at, comment_id) 
    values
        (?, ?, ?, ?, ?, default)
Hibernate: 
    insert 
    into
        comment
        (content, created_at, member_id, todo_id, updated_at, comment_id) 
    values
        (?, ?, ?, ?, ?, default)
2025-08-01T17:40:06.232+09:00  INFO 26160 --- [    Test worker] p6spy                                    : #1754037606232 | took 0ms | statement | connection 8| url jdbc:h2:mem:832b56e4-41cc-48e2-8bd2-f4dfa5f2c31e
insert into comment (content,created_at,member_id,todo_id,updated_at,comment_id) values (?,?,?,?,?,default)
insert into comment (content,created_at,member_id,todo_id,updated_at,comment_id) values ('삭제될 댓글','2025-08-01T17:40:06.230+0900',14,8,'2025-08-01T17:40:06.230+0900',default);
2025-08-01T17:40:06.244+09:00  INFO 26160 --- [    Test worker] p6spy                                    : #1754037606244 | took 0ms | rollback | connection 8| url jdbc:h2:mem:832b56e4-41cc-48e2-8bd2-f4dfa5f2c31e

;
2025-08-01T17:40:06.249+09:00 DEBUG 26160 --- [    Test worker] org.hibernate.SQL                        : 
    insert 
    into
        member
        (created_at, name, nickname, password, role_type, updated_at, member_id) 
    values
        (?, ?, ?, ?, ?, ?, default)
Hibernate: 
    insert 
    into
        member
        (created_at, name, nickname, password, role_type, updated_at, member_id) 
    values
        (?, ?, ?, ?, ?, ?, default)
2025-08-01T17:40:06.250+09:00  INFO 26160 --- [    Test worker] p6spy                                    : #1754037606250 | took 0ms | statement | connection 9| url jdbc:h2:mem:832b56e4-41cc-48e2-8bd2-f4dfa5f2c31e
insert into member (created_at,name,nickname,password,role_type,updated_at,member_id) values (?,?,?,?,?,?,default)
insert into member (created_at,name,nickname,password,role_type,updated_at,member_id) values ('2025-08-01T17:40:06.247+0900','user1','user1','1234','NORMAL','2025-08-01T17:40:06.247+0900',default);
2025-08-01T17:40:06.253+09:00 DEBUG 26160 --- [    Test worker] org.hibernate.SQL                        : 
    insert 
    into
        member
        (created_at, name, nickname, password, role_type, updated_at, member_id) 
    values
        (?, ?, ?, ?, ?, ?, default)
Hibernate: 
    insert 
    into
        member
        (created_at, name, nickname, password, role_type, updated_at, member_id) 
    values
        (?, ?, ?, ?, ?, ?, default)
2025-08-01T17:40:06.255+09:00  INFO 26160 --- [    Test worker] p6spy                                    : #1754037606255 | took 1ms | statement | connection 9| url jdbc:h2:mem:832b56e4-41cc-48e2-8bd2-f4dfa5f2c31e
insert into member (created_at,name,nickname,password,role_type,updated_at,member_id) values (?,?,?,?,?,?,default)
insert into member (created_at,name,nickname,password,role_type,updated_at,member_id) values ('2025-08-01T17:40:06.252+0900','user2','user2','1234','NORMAL','2025-08-01T17:40:06.252+0900',default);
2025-08-01T17:40:06.257+09:00 DEBUG 26160 --- [    Test worker] org.hibernate.SQL                        : 
    insert 
    into
        category
        (created_at, name, category_id) 
    values
        (?, ?, default)
Hibernate: 
    insert 
    into
        category
        (created_at, name, category_id) 
    values
        (?, ?, default)
2025-08-01T17:40:06.258+09:00  INFO 26160 --- [    Test worker] p6spy                                    : #1754037606258 | took 0ms | statement | connection 9| url jdbc:h2:mem:832b56e4-41cc-48e2-8bd2-f4dfa5f2c31e
insert into category (created_at,name,category_id) values (?,?,default)
insert into category (created_at,name,category_id) values ('2025-08-01T17:40:06.256+0900','일상',default);
2025-08-01T17:40:06.261+09:00 DEBUG 26160 --- [    Test worker] org.hibernate.SQL                        : 
    insert 
    into
        todo
        (category_id, created_at, description, importance, is_completed, is_public, member_id, title, updated_at, todo_id) 
    values
        (?, ?, ?, ?, ?, ?, ?, ?, ?, default)
Hibernate: 
    insert 
    into
        todo
        (category_id, created_at, description, importance, is_completed, is_public, member_id, title, updated_at, todo_id) 
    values
        (?, ?, ?, ?, ?, ?, ?, ?, ?, default)
2025-08-01T17:40:06.263+09:00  INFO 26160 --- [    Test worker] p6spy                                    : #1754037606263 | took 0ms | statement | connection 9| url jdbc:h2:mem:832b56e4-41cc-48e2-8bd2-f4dfa5f2c31e
insert into todo (category_id,created_at,description,importance,is_completed,is_public,member_id,title,updated_at,todo_id) values (?,?,?,?,?,?,?,?,?,default)
insert into todo (category_id,created_at,description,importance,is_completed,is_public,member_id,title,updated_at,todo_id) values (9,'2025-08-01T17:40:06.260+0900','테스트 코드 작성하기','HIGH',false,true,15,'오늘의 할 일','2025-08-01T17:40:06.260+0900',default);
2025-08-01T17:40:06.264+09:00 DEBUG 26160 --- [    Test worker] org.hibernate.SQL                        : 
    insert 
    into
        comment
        (content, created_at, member_id, todo_id, updated_at, comment_id) 
    values
        (?, ?, ?, ?, ?, default)
Hibernate: 
    insert 
    into
        comment
        (content, created_at, member_id, todo_id, updated_at, comment_id) 
    values
        (?, ?, ?, ?, ?, default)
2025-08-01T17:40:06.265+09:00  INFO 26160 --- [    Test worker] p6spy                                    : #1754037606265 | took 0ms | statement | connection 9| url jdbc:h2:mem:832b56e4-41cc-48e2-8bd2-f4dfa5f2c31e
insert into comment (content,created_at,member_id,todo_id,updated_at,comment_id) values (?,?,?,?,?,default)
insert into comment (content,created_at,member_id,todo_id,updated_at,comment_id) values ('삭제될 댓글','2025-08-01T17:40:06.264+0900',15,9,'2025-08-01T17:40:06.264+0900',default);
2025-08-01T17:40:06.269+09:00  INFO 26160 --- [    Test worker] p6spy                                    : #1754037606269 | took 0ms | rollback | connection 9| url jdbc:h2:mem:832b56e4-41cc-48e2-8bd2-f4dfa5f2c31e

;
2025-08-01T17:40:06.276+09:00 DEBUG 26160 --- [    Test worker] org.hibernate.SQL                        : 
    insert 
    into
        member
        (created_at, name, nickname, password, role_type, updated_at, member_id) 
    values
        (?, ?, ?, ?, ?, ?, default)
Hibernate: 
    insert 
    into
        member
        (created_at, name, nickname, password, role_type, updated_at, member_id) 
    values
        (?, ?, ?, ?, ?, ?, default)
2025-08-01T17:40:06.277+09:00  INFO 26160 --- [    Test worker] p6spy                                    : #1754037606277 | took 0ms | statement | connection 10| url jdbc:h2:mem:832b56e4-41cc-48e2-8bd2-f4dfa5f2c31e
insert into member (created_at,name,nickname,password,role_type,updated_at,member_id) values (?,?,?,?,?,?,default)
insert into member (created_at,name,nickname,password,role_type,updated_at,member_id) values ('2025-08-01T17:40:06.276+0900','user1','user1','1234','NORMAL','2025-08-01T17:40:06.276+0900',default);
2025-08-01T17:40:06.280+09:00 DEBUG 26160 --- [    Test worker] org.hibernate.SQL                        : 
    insert 
    into
        member
        (created_at, name, nickname, password, role_type, updated_at, member_id) 
    values
        (?, ?, ?, ?, ?, ?, default)
Hibernate: 
    insert 
    into
        member
        (created_at, name, nickname, password, role_type, updated_at, member_id) 
    values
        (?, ?, ?, ?, ?, ?, default)
2025-08-01T17:40:06.281+09:00  INFO 26160 --- [    Test worker] p6spy                                    : #1754037606281 | took 0ms | statement | connection 10| url jdbc:h2:mem:832b56e4-41cc-48e2-8bd2-f4dfa5f2c31e
insert into member (created_at,name,nickname,password,role_type,updated_at,member_id) values (?,?,?,?,?,?,default)
[...]
2025-08-01T17:40:06.360+09:00  INFO 26160 --- [    Test worker] p6spy                                    : #1754037606360 | took 0ms | statement | connection 13| url jdbc:h2:mem:832b56e4-41cc-48e2-8bd2-f4dfa5f2c31e
insert into member (created_at,name,nickname,password,role_type,updated_at,member_id) values (?,?,?,?,?,?,default)
insert into member (created_at,name,nickname,password,role_type,updated_at,member_id) values ('2025-08-01T17:40:06.359+0900','user2','user2','1234','NORMAL','2025-08-01T17:40:06.359+0900',default);
2025-08-01T17:40:06.361+09:00 DEBUG 26160 --- [    Test worker] org.hibernate.SQL                        : 
    insert 
    into
        category
        (created_at, name, category_id) 
    values
        (?, ?, default)
Hibernate: 
    insert 
    into
        category
        (created_at, name, category_id) 
    values
        (?, ?, default)
2025-08-01T17:40:06.361+09:00  INFO 26160 --- [    Test worker] p6spy                                    : #1754037606361 | took 0ms | statement | connection 13| url jdbc:h2:mem:832b56e4-41cc-48e2-8bd2-f4dfa5f2c31e
insert into category (created_at,name,category_id) values (?,?,default)
insert into category (created_at,name,category_id) values ('2025-08-01T17:40:06.361+0900','일상',default);
2025-08-01T17:40:06.362+09:00 DEBUG 26160 --- [    Test worker] org.hibernate.SQL                        : 
    insert 
    into
        todo
        (category_id, created_at, description, importance, is_completed, is_public, member_id, title, updated_at, todo_id) 
    values
        (?, ?, ?, ?, ?, ?, ?, ?, ?, default)
Hibernate: 
    insert 
    into
        todo
        (category_id, created_at, description, importance, is_completed, is_public, member_id, title, updated_at, todo_id) 
    values
        (?, ?, ?, ?, ?, ?, ?, ?, ?, default)
2025-08-01T17:40:06.362+09:00  INFO 26160 --- [    Test worker] p6spy                                    : #1754037606362 | took 0ms | statement | connection 13| url jdbc:h2:mem:832b56e4-41cc-48e2-8bd2-f4dfa5f2c31e
insert into todo (category_id,created_at,description,importance,is_completed,is_public,member_id,title,updated_at,todo_id) values (?,?,?,?,?,?,?,?,?,default)
insert into todo (category_id,created_at,description,importance,is_completed,is_public,member_id,title,updated_at,todo_id) values (13,'2025-08-01T17:40:06.362+0900','테스트 코드 작성하기','HIGH',false,true,23,'오늘의 할 일','2025-08-01T17:40:06.362+0900',default);
2025-08-01T17:40:06.363+09:00 DEBUG 26160 --- [    Test worker] org.hibernate.SQL                        : 
    insert 
    into
        comment
        (content, created_at, member_id, todo_id, updated_at, comment_id) 
    values
        (?, ?, ?, ?, ?, default)
Hibernate: 
    insert 
    into
        comment
        (content, created_at, member_id, todo_id, updated_at, comment_id) 
    values
        (?, ?, ?, ?, ?, default)
2025-08-01T17:40:06.363+09:00  INFO 26160 --- [    Test worker] p6spy                                    : #1754037606363 | took 0ms | statement | connection 13| url jdbc:h2:mem:832b56e4-41cc-48e2-8bd2-f4dfa5f2c31e
insert into comment (content,created_at,member_id,todo_id,updated_at,comment_id) values (?,?,?,?,?,default)
insert into comment (content,created_at,member_id,todo_id,updated_at,comment_id) values ('회원1 댓글1','2025-08-01T17:40:06.363+0900',23,13,'2025-08-01T17:40:06.363+0900',default);
2025-08-01T17:40:06.363+09:00 DEBUG 26160 --- [    Test worker] org.hibernate.SQL                        : 
    insert 
    into
        comment
        (content, created_at, member_id, todo_id, updated_at, comment_id) 
    values
        (?, ?, ?, ?, ?, default)
Hibernate: 
    insert 
    into
        comment
        (content, created_at, member_id, todo_id, updated_at, comment_id) 
    values
        (?, ?, ?, ?, ?, default)
2025-08-01T17:40:06.364+09:00  INFO 26160 --- [    Test worker] p6spy                                    : #1754037606364 | took 0ms | statement | connection 13| url jdbc:h2:mem:832b56e4-41cc-48e2-8bd2-f4dfa5f2c31e
insert into comment (content,created_at,member_id,todo_id,updated_at,comment_id) values (?,?,?,?,?,default)
insert into comment (content,created_at,member_id,todo_id,updated_at,comment_id) values ('회원1 댓글2','2025-08-01T17:40:06.363+0900',23,13,'2025-08-01T17:40:06.363+0900',default);
2025-08-01T17:40:06.364+09:00 DEBUG 26160 --- [    Test worker] org.hibernate.SQL                        : 
    insert 
    into
        comment
        (content, created_at, member_id, todo_id, updated_at, comment_id) 
    values
        (?, ?, ?, ?, ?, default)
Hibernate: 
    insert 
    into
        comment
        (content, created_at, member_id, todo_id, updated_at, comment_id) 
    values
        (?, ?, ?, ?, ?, default)
2025-08-01T17:40:06.364+09:00  INFO 26160 --- [    Test worker] p6spy                                    : #1754037606364 | took 0ms | statement | connection 13| url jdbc:h2:mem:832b56e4-41cc-48e2-8bd2-f4dfa5f2c31e
insert into comment (content,created_at,member_id,todo_id,updated_at,comment_id) values (?,?,?,?,?,default)
insert into comment (content,created_at,member_id,todo_id,updated_at,comment_id) values ('회원1 댓글3','2025-08-01T17:40:06.364+0900',23,13,'2025-08-01T17:40:06.364+0900',default);
2025-08-01T17:40:06.365+09:00 DEBUG 26160 --- [    Test worker] org.hibernate.SQL                        : 
    select
        count(c1_0.comment_id) 
    from
        comment c1_0 
    where
        c1_0.member_id=?
Hibernate: 
    select
        count(c1_0.comment_id) 
    from
        comment c1_0 
    where
        c1_0.member_id=?
2025-08-01T17:40:06.366+09:00  INFO 26160 --- [    Test worker] p6spy                                    : #1754037606366 | took 0ms | statement | connection 13| url jdbc:h2:mem:832b56e4-41cc-48e2-8bd2-f4dfa5f2c31e
select count(c1_0.comment_id) from comment c1_0 where c1_0.member_id=?
select count(c1_0.comment_id) from comment c1_0 where c1_0.member_id=23;
2025-08-01T17:40:06.367+09:00  INFO 26160 --- [    Test worker] p6spy                                    : #1754037606367 | took 0ms | rollback | connection 13| url jdbc:h2:mem:832b56e4-41cc-48e2-8bd2-f4dfa5f2c31e

;
2025-08-01T17:40:06.371+09:00 DEBUG 26160 --- [    Test worker] org.hibernate.SQL                        : 
    insert 
    into
        member
        (created_at, name, nickname, password, role_type, updated_at, member_id) 
    values
        (?, ?, ?, ?, ?, ?, default)
Hibernate: 
    insert 
    into
        member
        (created_at, name, nickname, password, role_type, updated_at, member_id) 
    values
        (?, ?, ?, ?, ?, ?, default)
2025-08-01T17:40:06.371+09:00  INFO 26160 --- [    Test worker] p6spy                                    : #1754037606371 | took 0ms | statement | connection 14| url jdbc:h2:mem:832b56e4-41cc-48e2-8bd2-f4dfa5f2c31e
insert into member (created_at,name,nickname,password,role_type,updated_at,member_id) values (?,?,?,?,?,?,default)
insert into member (created_at,name,nickname,password,role_type,updated_at,member_id) values ('2025-08-01T17:40:06.370+0900','user1','user1','1234','NORMAL','2025-08-01T17:40:06.370+0900',default);
2025-08-01T17:40:06.372+09:00 DEBUG 26160 --- [    Test worker] org.hibernate.SQL                        : 
    insert 
    into
        member
        (created_at, name, nickname, password, role_type, updated_at, member_id) 
    values
        (?, ?, ?, ?, ?, ?, default)
Hibernate: 
    insert 
    into
        member
        (created_at, name, nickname, password, role_type, updated_at, member_id) 
    values
        (?, ?, ?, ?, ?, ?, default)
2025-08-01T17:40:06.373+09:00  INFO 26160 --- [    Test worker] p6spy                                    : #1754037606373 | took 0ms | statement | connection 14| url jdbc:h2:mem:832b56e4-41cc-48e2-8bd2-f4dfa5f2c31e
insert into member (created_at,name,nickname,password,role_type,updated_at,member_id) values (?,?,?,?,?,?,default)
insert into member (created_at,name,nickname,password,role_type,updated_at,member_id) values ('2025-08-01T17:40:06.372+0900','user2','user2','1234','NORMAL','2025-08-01T17:40:06.372+0900',default);
2025-08-01T17:40:06.373+09:00 DEBUG 26160 --- [    Test worker] org.hibernate.SQL                        : 
    insert 
    into
        category
        (created_at, name, category_id) 
    values
        (?, ?, default)
Hibernate: 
    insert 
    into
        category
        (created_at, name, category_id) 
    values
        (?, ?, default)
2025-08-01T17:40:06.374+09:00  INFO 26160 --- [    Test worker] p6spy                                    : #1754037606374 | took 0ms | statement | connection 14| url jdbc:h2:mem:832b56e4-41cc-48e2-8bd2-f4dfa5f2c31e
insert into category (created_at,name,category_id) values (?,?,default)
insert into category (created_at,name,category_id) values ('2025-08-01T17:40:06.373+0900','일상',default);
2025-08-01T17:40:06.374+09:00 DEBUG 26160 --- [    Test worker] org.hibernate.SQL                        : 
    insert 
    into
        todo
        (category_id, created_at, description, importance, is_completed, is_public, member_id, title, updated_at, todo_id) 
    values
        (?, ?, ?, ?, ?, ?, ?, ?, ?, default)
Hibernate: 
    insert 
    into
        todo
        (category_id, created_at, description, importance, is_completed, is_public, member_id, title, updated_at, todo_id) 
    values
        (?, ?, ?, ?, ?, ?, ?, ?, ?, default)
2025-08-01T17:40:06.375+09:00  INFO 26160 --- [    Test worker] p6spy                                    : #1754037606375 | took 0ms | statement | connection 14| url jdbc:h2:mem:832b56e4-41cc-48e2-8bd2-f4dfa5f2c31e
insert into todo (category_id,created_at,description,importance,is_completed,is_public,member_id,title,updated_at,todo_id) values (?,?,?,?,?,?,?,?,?,default)
insert into todo (category_id,created_at,description,importance,is_completed,is_public,member_id,title,updated_at,todo_id) values (14,'2025-08-01T17:40:06.374+0900','테스트 코드 작성하기','HIGH',false,true,25,'오늘의 할 일','2025-08-01T17:40:06.374+0900',default);
2025-08-01T17:40:06.377+09:00 DEBUG 26160 --- [    Test worker] org.hibernate.SQL                        : 
    insert 
    into
        comment
        (content, created_at, member_id, todo_id, updated_at, comment_id) 
    values
        (?, ?, ?, ?, ?, default)
Hibernate: 
    insert 
    into
        comment
        (content, created_at, member_id, todo_id, updated_at, comment_id) 
    values
        (?, ?, ?, ?, ?, default)
2025-08-01T17:40:06.377+09:00  INFO 26160 --- [    Test worker] p6spy                                    : #1754037606377 | took 0ms | statement | connection 14| url jdbc:h2:mem:832b56e4-41cc-48e2-8bd2-f4dfa5f2c31e
insert into comment (content,created_at,member_id,todo_id,updated_at,comment_id) values (?,?,?,?,?,default)
insert into comment (content,created_at,member_id,todo_id,updated_at,comment_id) values ('before','2025-08-01T17:40:06.376+0900',25,14,'2025-08-01T17:40:06.376+0900',default);
2025-08-01T17:40:06.483+09:00 DEBUG 26160 --- [    Test worker] org.hibernate.SQL                        : 
    update
        comment 
    set
        content=?,
        member_id=?,
        todo_id=?,
        updated_at=? 
    where
        comment_id=?
Hibernate: 
    update
        comment 
    set
        content=?,
        member_id=?,
        todo_id=?,
        updated_at=? 
    where
        comment_id=?
2025-08-01T17:40:06.484+09:00  INFO 26160 --- [    Test worker] p6spy                                    : #1754037606484 | took 0ms | statement | connection 14| url jdbc:h2:mem:832b56e4-41cc-48e2-8bd2-f4dfa5f2c31e
update comment set content=?,member_id=?,todo_id=?,updated_at=? where comment_id=?
update comment set content='after',member_id=25,todo_id=14,updated_at='2025-08-01T17:40:06.483+0900' where comment_id=15;
2025-08-01T17:40:06.488+09:00  INFO 26160 --- [    Test worker] p6spy                                    : #1754037606488 | took 0ms | rollback | connection 14| url jdbc:h2:mem:832b56e4-41cc-48e2-8bd2-f4dfa5f2c31e

;
2025-08-01T17:40:06.491+09:00 DEBUG 26160 --- [    Test worker] org.hibernate.SQL                        : 
    insert 
    into
        member
        (created_at, name, nickname, password, role_type, updated_at, member_id) 
    values
        (?, ?, ?, ?, ?, ?, default)
Hibernate: 
    insert 
    into
        member
        (created_at, name, nickname, password, role_type, updated_at, member_id) 
    values
        (?, ?, ?, ?, ?, ?, default)
2025-08-01T17:40:06.493+09:00  INFO 26160 --- [    Test worker] p6spy                                    : #1754037606493 | took 0ms | statement | connection 15| url jdbc:h2:mem:832b56e4-41cc-48e2-8bd2-f4dfa5f2c31e
insert into member (created_at,name,nickname,password,role_type,updated_at,member_id) values (?,?,?,?,?,?,default)
insert into member (created_at,name,nickname,password,role_type,updated_at,member_id) values ('2025-08-01T17:40:06.491+0900','user1','user1','1234','NORMAL','2025-08-01T17:40:06.491+0900',default);
2025-08-01T17:40:06.494+09:00 DEBUG 26160 --- [    Test worker] org.hibernate.SQL                        : 
    insert 
    into
        member
        (created_at, name, nickname, password, role_type, updated_at, member_id) 
    values
        (?, ?, ?, ?, ?, ?, default)
Hibernate: 
    insert 
    into
        member
        (created_at, name, nickname, password, role_type, updated_at, member_id) 
    values
        (?, ?, ?, ?, ?, ?, default)
2025-08-01T17:40:06.495+09:00  INFO 26160 --- [    Test worker] p6spy                                    : #1754037606495 | took 0ms | statement | connection 15| url jdbc:h2:mem:832b56e4-41cc-48e2-8bd2-f4dfa5f2c31e
insert into member (created_at,name,nickname,password,role_type,updated_at,member_id) values (?,?,?,?,?,?,default)
insert into member (created_at,name,nickname,password,role_type,updated_at,member_id) values ('2025-08-01T17:40:06.494+0900','user2','user2','1234','NORMAL','2025-08-01T17:40:06.494+0900',default);
2025-08-01T17:40:06.495+09:00 DEBUG 26160 --- [    Test worker] org.hibernate.SQL                        : 
    insert 
    into
        category
        (created_at, name, category_id) 
    values
        (?, ?, default)
Hibernate: 
    insert 
    into
        category
        (created_at, name, category_id) 
    values
        (?, ?, default)
2025-08-01T17:40:06.495+09:00  INFO 26160 --- [    Test worker] p6spy                                    : #1754037606495 | took 0ms | statement | connection 15| url jdbc:h2:mem:832b56e4-41cc-48e2-8bd2-f4dfa5f2c31e
insert into category (created_at,name,category_id) values (?,?,default)
insert into category (created_at,name,category_id) values ('2025-08-01T17:40:06.495+0900','일상',default);
2025-08-01T17:40:06.496+09:00 DEBUG 26160 --- [    Test worker] org.hibernate.SQL                        : 
    insert 
    into
        todo
        (category_id, created_at, description, importance, is_completed, is_public, member_id, title, updated_at, todo_id) 
    values
        (?, ?, ?, ?, ?, ?, ?, ?, ?, default)
Hibernate: 
    insert 
    into
        todo
        (category_id, created_at, description, importance, is_completed, is_public, member_id, title, updated_at, todo_id) 
    values
        (?, ?, ?, ?, ?, ?, ?, ?, ?, default)
2025-08-01T17:40:06.496+09:00  INFO 26160 --- [    Test worker] p6spy                                    : #1754037606496 | took 0ms | statement | connection 15| url jdbc:h2:mem:832b56e4-41cc-48e2-8bd2-f4dfa5f2c31e
insert into todo (category_id,created_at,description,importance,is_completed,is_public,member_id,title,updated_at,todo_id) values (?,?,?,?,?,?,?,?,?,default)
insert into todo (category_id,created_at,description,importance,is_completed,is_public,member_id,title,updated_at,todo_id) values (15,'2025-08-01T17:40:06.496+0900','테스트 코드 작성하기','HIGH',false,true,27,'오늘의 할 일','2025-08-01T17:40:06.496+0900',default);
2025-08-01T17:40:06.497+09:00 DEBUG 26160 --- [    Test worker] org.hibernate.SQL                        : 
    insert 
    into
        comment
        (content, created_at, member_id, todo_id, updated_at, comment_id) 
    values
        (?, ?, ?, ?, ?, default)
Hibernate: 
    insert 
    into
        comment
        (content, created_at, member_id, todo_id, updated_at, comment_id) 
    values
        (?, ?, ?, ?, ?, default)
2025-08-01T17:40:06.497+09:00  INFO 26160 --- [    Test worker] p6spy                                    : #1754037606497 | took 0ms | statement | connection 15| url jdbc:h2:mem:832b56e4-41cc-48e2-8bd2-f4dfa5f2c31e
insert into comment (content,created_at,member_id,todo_id,updated_at,comment_id) values (?,?,?,?,?,default)
insert into comment (content,created_at,member_id,todo_id,updated_at,comment_id) values ('1','2025-08-01T17:40:06.497+0900',27,15,'2025-08-01T17:40:06.497+0900',default);
2025-08-01T17:40:06.553+09:00 DEBUG 26160 --- [    Test worker] org.hibernate.SQL                        : 
    insert 
    into
        comment
        (content, created_at, member_id, todo_id, updated_at, comment_id) 
    values
        (?, ?, ?, ?, ?, default)
Hibernate: 
    insert 
    into
        comment
        (content, created_at, member_id, todo_id, updated_at, comment_id) 
    values
        (?, ?, ?, ?, ?, default)
2025-08-01T17:40:06.553+09:00  INFO 26160 --- [    Test worker] p6spy                                    : #1754037606553 | took 0ms | statement | connection 15| url jdbc:h2:mem:832b56e4-41cc-48e2-8bd2-f4dfa5f2c31e
insert into comment (content,created_at,member_id,todo_id,updated_at,comment_id) values (?,?,?,?,?,default)
insert into comment (content,created_at,member_id,todo_id,updated_at,comment_id) values ('2','2025-08-01T17:40:06.553+0900',27,15,'2025-08-01T17:40:06.553+0900',default);
2025-08-01T17:40:06.608+09:00 DEBUG 26160 --- [    Test worker] org.hibernate.SQL                        : 
    insert 
    into
        comment
        (content, created_at, member_id, todo_id, updated_at, comment_id) 
    values
        (?, ?, ?, ?, ?, default)
Hibernate: 
    insert 
    into
        comment
        (content, created_at, member_id, todo_id, updated_at, comment_id) 
    values
        (?, ?, ?, ?, ?, default)
2025-08-01T17:40:06.609+09:00  INFO 26160 --- [    Test worker] p6spy                                    : #1754037606609 | took 0ms | statement | connection 15| url jdbc:h2:mem:832b56e4-41cc-48e2-8bd2-f4dfa5f2c31e
insert into comment (content,created_at,member_id,todo_id,updated_at,comment_id) values (?,?,?,?,?,default)
insert into comment (content,created_at,member_id,todo_id,updated_at,comment_id) values ('3','2025-08-01T17:40:06.608+0900',27,15,'2025-08-01T17:40:06.608+0900',default);
2025-08-01T17:40:06.611+09:00 DEBUG 26160 --- [    Test worker] org.hibernate.SQL                        : 
    select
        c1_0.comment_id,
        c1_0.content,
        c1_0.created_at,
        c1_0.member_id,
        c1_0.todo_id,
        c1_0.updated_at 
    from
        comment c1_0 
    where
        c1_0.todo_id=?
Hibernate: 
    select
        c1_0.comment_id,
        c1_0.content,
        c1_0.created_at,
        c1_0.member_id,
        c1_0.todo_id,
        c1_0.updated_at 
    from
        comment c1_0 
    where
        c1_0.todo_id=?
2025-08-01T17:40:06.612+09:00  INFO 26160 --- [    Test worker] p6spy                                    : #1754037606612 | took 0ms | statement | connection 15| url jdbc:h2:mem:832b56e4-41cc-48e2-8bd2-f4dfa5f2c31e
select c1_0.comment_id,c1_0.content,c1_0.created_at,c1_0.member_id,c1_0.todo_id,c1_0.updated_at from comment c1_0 where c1_0.todo_id=?
select c1_0.comment_id,c1_0.content,c1_0.created_at,c1_0.member_id,c1_0.todo_id,c1_0.updated_at from comment c1_0 where c1_0.todo_id=15;
2025-08-01T17:40:06.613+09:00  INFO 26160 --- [    Test worker] p6spy                                    : #1754037606613 | took 0ms | rollback | connection 15| url jdbc:h2:mem:832b56e4-41cc-48e2-8bd2-f4dfa5f2c31e

;
]]></system-out>
  <system-err><![CDATA[]]></system-err>
</testsuite>
