<?xml version="1.0" encoding="UTF-8"?>
<testsuite name="비밀번호 수정" tests="3" skipped="0" failures="0" errors="0" timestamp="2025-10-04T07:58:06" hostname="ODGui-MacBookAir.local" time="0.025">
  <properties/>
  <testcase name="성공" classname="com.ruha.service.MemberServiceTest$UpdatePassword" time="0.011"/>
  <testcase name="실패 - 존재하지 않은 사용자" classname="com.ruha.service.MemberServiceTest$UpdatePassword" time="0.008"/>
  <testcase name="실패 - 현재 비밀번호 불일치" classname="com.ruha.service.MemberServiceTest$UpdatePassword" time="0.003"/>
  <system-out><![CDATA[2025-10-04T16:58:06.856+09:00  INFO 88575 --- [    Test worker] t.c.s.AnnotationConfigContextLoaderUtils : Could not detect default configuration classes for test class [com.ruha.service.MemberServiceTest$UpdatePassword]: UpdatePassword does not declare any static, non-private, non-final, nested classes annotated with @Configuration.
2025-10-04T16:58:06.858+09:00  INFO 88575 --- [    Test worker] .b.t.c.SpringBootTestContextBootstrapper : Found @SpringBootConfiguration com.ruha.RuhaApplication for test class com.ruha.service.MemberServiceTest$UpdatePassword
2025-10-04T16:58:06.871+09:00  INFO 88575 --- [    Test worker] p6spy                                    : #1759564686871 | took 0ms | rollback | connection 8| url jdbc:h2:mem:test

;
2025-10-04T16:58:06.880+09:00  INFO 88575 --- [    Test worker] p6spy                                    : #1759564686880 | took 0ms | rollback | connection 9| url jdbc:h2:mem:test

;
2025-10-04T16:58:06.885+09:00  INFO 88575 --- [    Test worker] p6spy                                    : #1759564686885 | took 0ms | rollback | connection 10| url jdbc:h2:mem:test

;
]]></system-out>
  <system-err><![CDATA[]]></system-err>
</testsuite>
