<?xml version="1.0" encoding="UTF-8"?>
<testsuite name="특정 회원의 팔로잉 목록 조회" tests="2" skipped="0" failures="0" errors="0" timestamp="2025-10-15T05:49:59" hostname="ODGui-MacBookAir.local" time="0.01">
  <properties/>
  <testcase name="실패 - 존재하지 않는 회원" classname="com.ruha.service.FollowServiceTest$GetMemberFollowings" time="0.004"/>
  <testcase name="성공" classname="com.ruha.service.FollowServiceTest$GetMemberFollowings" time="0.004"/>
  <system-out><![CDATA[2025-10-15T14:49:59.977+09:00  INFO 74709 --- [    Test worker] t.c.s.AnnotationConfigContextLoaderUtils : Could not detect default configuration classes for test class [com.ruha.service.FollowServiceTest$GetMemberFollowings]: GetMemberFollowings does not declare any static, non-private, non-final, nested classes annotated with @Configuration.
2025-10-15T14:49:59.978+09:00  INFO 74709 --- [    Test worker] .b.t.c.SpringBootTestContextBootstrapper : Found @SpringBootConfiguration com.ruha.RuhaApplication for test class com.ruha.service.FollowServiceTest$GetMemberFollowings
2025-10-15T14:49:59.985+09:00  INFO 74709 --- [    Test worker] p6spy                                    : #1760507399985 | took 0ms | rollback | connection 7| url jdbc:h2:mem:test

;
2025-10-15T14:49:59.991+09:00  INFO 74709 --- [    Test worker] p6spy                                    : #1760507399991 | took 0ms | rollback | connection 8| url jdbc:h2:mem:test

;
]]></system-out>
  <system-err><![CDATA[]]></system-err>
</testsuite>
