<?xml version="1.0" encoding="UTF-8"?>
<testsuite name="팔로잉 목록 조회" tests="1" skipped="0" failures="0" errors="0" timestamp="2025-09-30T02:03:50" hostname="ODGui-MacBookAir.local" time="0.003">
  <properties/>
  <testcase name="성공" classname="com.ruha.service.FollowServiceTest$GetFollowings" time="0.003"/>
  <system-out><![CDATA[2025-09-30T11:03:50.297+09:00  INFO 27599 --- [    Test worker] t.c.s.AnnotationConfigContextLoaderUtils : Could not detect default configuration classes for test class [com.ruha.service.FollowServiceTest$GetFollowings]: GetFollowings does not declare any static, non-private, non-final, nested classes annotated with @Configuration.
2025-09-30T11:03:50.298+09:00  INFO 27599 --- [    Test worker] .b.t.c.SpringBootTestContextBootstrapper : Found @SpringBootConfiguration com.ruha.RuhaApplication for test class com.ruha.service.FollowServiceTest$GetFollowings
2025-09-30T11:03:50.303+09:00  INFO 27599 --- [    Test worker] p6spy                                    : #1759197830303 | took 0ms | rollback | connection 54| url jdbc:h2:mem:test

;
]]></system-out>
  <system-err><![CDATA[]]></system-err>
</testsuite>
