<?xml version="1.0" encoding="UTF-8"?>
<testsuite name="언팔로우" tests="2" skipped="0" failures="0" errors="0" timestamp="2025-09-30T02:03:50" hostname="ODGui-MacBookAir.local" time="0.011">
  <properties/>
  <testcase name="실패 - 존재하지 않는 대상 회원" classname="com.ruha.service.FollowServiceTest$UnfollowMember" time="0.004"/>
  <testcase name="성공" classname="com.ruha.service.FollowServiceTest$UnfollowMember" time="0.006"/>
  <system-out><![CDATA[2025-09-30T11:03:50.317+09:00  INFO 27599 --- [    Test worker] t.c.s.AnnotationConfigContextLoaderUtils : Could not detect default configuration classes for test class [com.ruha.service.FollowServiceTest$UnfollowMember]: UnfollowMember does not declare any static, non-private, non-final, nested classes annotated with @Configuration.
2025-09-30T11:03:50.318+09:00  INFO 27599 --- [    Test worker] .b.t.c.SpringBootTestContextBootstrapper : Found @SpringBootConfiguration com.ruha.RuhaApplication for test class com.ruha.service.FollowServiceTest$UnfollowMember
2025-09-30T11:03:50.323+09:00  INFO 27599 --- [    Test worker] p6spy                                    : #1759197830323 | took 0ms | rollback | connection 57| url jdbc:h2:mem:test

;
2025-09-30T11:03:50.330+09:00  INFO 27599 --- [    Test worker] p6spy                                    : #1759197830330 | took 0ms | rollback | connection 58| url jdbc:h2:mem:test

;
]]></system-out>
  <system-err><![CDATA[]]></system-err>
</testsuite>
