<?xml version="1.0" encoding="UTF-8"?>
<testsuite name="내 정보 조회" tests="3" skipped="0" failures="0" errors="0" timestamp="2025-07-22T12:00:36" hostname="ODGui-MacBookAir.local" time="0.741">
  <properties/>
  <testcase name="성공" classname="com.ruha.service.MemberServiceTest$GetMyInfo" time="0.719"/>
  <testcase name="실패 - DB에 해당 유저 없음" classname="com.ruha.service.MemberServiceTest$GetMyInfo" time="0.011"/>
  <testcase name="실패 - 인증되지 않은 사용자" classname="com.ruha.service.MemberServiceTest$GetMyInfo" time="0.005"/>
  <system-out><![CDATA[]]></system-out>
  <system-err><![CDATA[]]></system-err>
</testsuite>
