<?xml version="1.0" encoding="UTF-8"?>
<testsuite name="특정 회원의 팔로워 목록 조회" tests="2" skipped="0" failures="0" errors="0" timestamp="2025-09-30T02:03:50" hostname="ODGui-MacBookAir.local" time="0.025">
  <properties/>
  <testcase name="실패 - 존재하지 않는 회원" classname="com.ruha.service.FollowServiceTest$GetMemberFollowers" time="0.02"/>
  <testcase name="성공" classname="com.ruha.service.FollowServiceTest$GetMemberFollowers" time="0.004"/>
  <system-out><![CDATA[2025-09-30T11:03:49.501+09:00  INFO 27599 --- [    Test worker] t.c.s.AnnotationConfigContextLoaderUtils : Could not detect default configuration classes for test class [com.ruha.service.FollowServiceTest$GetMemberFollowers]: GetMemberFollowers does not declare any static, non-private, non-final, nested classes annotated with @Configuration.
2025-09-30T11:03:49.501+09:00  INFO 27599 --- [    Test worker] .b.t.c.SpringBootTestContextBootstrapper : Found @SpringBootConfiguration com.ruha.RuhaApplication for test class com.ruha.service.FollowServiceTest$GetMemberFollowers

  .   ____          _            __ _ _
 /\\ / ___'_ __ _ _(_)_ __  __ _ \ \ \ \
( ( )\___ | '_ | '_| | '_ \/ _` | \ \ \ \
 \\/  ___)| |_)| | | | | || (_| |  ) ) ) )
  '  |____| .__|_| |_|_| |_\__, | / / / /
 =========|_|==============|___/=/_/_/_/
 :: Spring Boot ::                (v3.2.9)

2025-09-30T11:03:49.511+09:00  INFO 27599 --- [    Test worker] com.ruha.service.FollowServiceTest       : Starting FollowServiceTest using Java 17.0.13 with PID 27599 (started by odgman in /Users/odgman/Desktop/workspace/ruha)
2025-09-30T11:03:49.511+09:00  INFO 27599 --- [    Test worker] com.ruha.service.FollowServiceTest       : No active profile set, falling back to 1 default profile: "default"
2025-09-30T11:03:49.582+09:00  INFO 27599 --- [    Test worker] .s.d.r.c.RepositoryConfigurationDelegate : Bootstrapping Spring Data JPA repositories in DEFAULT mode.
2025-09-30T11:03:49.590+09:00  INFO 27599 --- [    Test worker] .s.d.r.c.RepositoryConfigurationDelegate : Finished Spring Data repository scanning in 8 ms. Found 6 JPA repository interfaces.
2025-09-30T11:03:49.834+09:00  INFO 27599 --- [    Test worker] c.g.g.b.j.d.p6spy.P6SpyConfiguration     : P6Spy modulelist is overridden, some p6spy configuration features will not be applied
2025-09-30T11:03:49.860+09:00  INFO 27599 --- [    Test worker] o.hibernate.jpa.internal.util.LogHelper  : HHH000204: Processing PersistenceUnitInfo [name: default]
2025-09-30T11:03:49.864+09:00  INFO 27599 --- [    Test worker] o.h.c.internal.RegionFactoryInitiator    : HHH000026: Second-level cache disabled
2025-09-30T11:03:49.870+09:00  INFO 27599 --- [    Test worker] o.s.o.j.p.SpringPersistenceUnitInfo      : No LoadTimeWeaver setup: ignoring JPA class transformer
2025-09-30T11:03:49.871+09:00  INFO 27599 --- [    Test worker] com.zaxxer.hikari.HikariDataSource       : HikariPool-2 - Starting...
2025-09-30T11:03:49.871+09:00  INFO 27599 --- [    Test worker] com.zaxxer.hikari.pool.HikariPool        : HikariPool-2 - Added connection conn50: url=jdbc:h2:mem:test user=SA
2025-09-30T11:03:49.871+09:00  INFO 27599 --- [    Test worker] com.zaxxer.hikari.HikariDataSource       : HikariPool-2 - Start completed.
2025-09-30T11:03:49.872+09:00  WARN 27599 --- [    Test worker] org.hibernate.orm.deprecation            : HHH90000025: H2Dialect does not need to be specified explicitly using 'hibernate.dialect' (remove the property setting and it will be selected by default)
2025-09-30T11:03:49.968+09:00  INFO 27599 --- [    Test worker] o.h.e.t.j.p.i.JtaPlatformInitiator       : HHH000489: No JTA platform available (set 'hibernate.transaction.jta.platform' to enable JTA platform integration)
2025-09-30T11:03:49.969+09:00 DEBUG 27599 --- [    Test worker] org.hibernate.SQL                        : 
    drop table if exists category cascade 
2025-09-30T11:03:49.970+09:00  INFO 27599 --- [    Test worker] p6spy                                    : #1759197829970 | took 0ms | statement | connection 45| url jdbc:h2:mem:test

    drop table if exists category cascade 

    drop table if exists category cascade ;
2025-09-30T11:03:49.970+09:00 DEBUG 27599 --- [    Test worker] org.hibernate.SQL                        : 
    drop table if exists comment cascade 
2025-09-30T11:03:49.971+09:00  INFO 27599 --- [    Test worker] p6spy                                    : #1759197829971 | took 0ms | statement | connection 45| url jdbc:h2:mem:test

    drop table if exists comment cascade 

    drop table if exists comment cascade ;
2025-09-30T11:03:49.971+09:00 DEBUG 27599 --- [    Test worker] org.hibernate.SQL                        : 
    drop table if exists follow cascade 
2025-09-30T11:03:49.972+09:00  INFO 27599 --- [    Test worker] p6spy                                    : #1759197829972 | took 0ms | statement | connection 45| url jdbc:h2:mem:test

    drop table if exists follow cascade 

    drop table if exists follow cascade ;
2025-09-30T11:03:49.972+09:00 DEBUG 27599 --- [    Test worker] org.hibernate.SQL                        : 
    drop table if exists member cascade 
2025-09-30T11:03:49.973+09:00  INFO 27599 --- [    Test worker] p6spy                                    : #1759197829973 | took 0ms | statement | connection 45| url jdbc:h2:mem:test

    drop table if exists member cascade 

    drop table if exists member cascade ;
2025-09-30T11:03:49.973+09:00 DEBUG 27599 --- [    Test worker] org.hibernate.SQL                        : 
    drop table if exists todo cascade 
2025-09-30T11:03:49.974+09:00  INFO 27599 --- [    Test worker] p6spy                                    : #1759197829974 | took 0ms | statement | connection 45| url jdbc:h2:mem:test

    drop table if exists todo cascade 

    drop table if exists todo cascade ;
2025-09-30T11:03:49.974+09:00 DEBUG 27599 --- [    Test worker] org.hibernate.SQL                        : 
    drop table if exists todo_image cascade 
2025-09-30T11:03:49.974+09:00  INFO 27599 --- [    Test worker] p6spy                                    : #1759197829974 | took 0ms | statement | connection 45| url jdbc:h2:mem:test

    drop table if exists todo_image cascade 

    drop table if exists todo_image cascade ;
2025-09-30T11:03:49.975+09:00 DEBUG 27599 --- [    Test worker] org.hibernate.SQL                        : 
    create table category (
        category_id bigint generated by default as identity,
        created_at timestamp(6) not null,
        name varchar(255) not null,
        primary key (category_id)
    )
2025-09-30T11:03:49.976+09:00  INFO 27599 --- [    Test worker] p6spy                                    : #1759197829976 | took 0ms | statement | connection 46| url jdbc:h2:mem:test

    create table category (
        category_id bigint generated by default as identity,
        created_at timestamp(6) not null,
        name varchar(255) not null,
        primary key (category_id)
    )

    create table category (
        category_id bigint generated by default as identity,
        created_at timestamp(6) not null,
        name varchar(255) not null,
        primary key (category_id)
    );
2025-09-30T11:03:49.976+09:00 DEBUG 27599 --- [    Test worker] org.hibernate.SQL                        : 
    create table comment (
        comment_id bigint generated by default as identity,
        created_at timestamp(6) not null,
        member_id bigint not null,
        todo_id bigint not null,
        updated_at timestamp(6),
        content varchar(255) not null,
        primary key (comment_id)
    )
2025-09-30T11:03:49.979+09:00  INFO 27599 --- [    Test worker] p6spy                                    : #1759197829979 | took 2ms | statement | connection 46| url jdbc:h2:mem:test

    create table comment (
        comment_id bigint generated by default as identity,
        created_at timestamp(6) not null,
        member_id bigint not null,
        todo_id bigint not null,
        updated_at timestamp(6),
        content varchar(255) not null,
        primary key (comment_id)
    )

    create table comment (
        comment_id bigint generated by default as identity,
        created_at timestamp(6) not null,
        member_id bigint not null,
        todo_id bigint not null,
        updated_at timestamp(6),
        content varchar(255) not null,
        primary key (comment_id)
    );
2025-09-30T11:03:49.979+09:00 DEBUG 27599 --- [    Test worker] org.hibernate.SQL                        : 
    create table follow (
        created_at timestamp(6) not null,
        follow_id bigint generated by default as identity,
        follower_id bigint not null,
        following_id bigint not null,
        primary key (follow_id),
        constraint UniqueFollowerAndFollowing unique (follower_id, following_id)
    )
2025-09-30T11:03:49.980+09:00  INFO 27599 --- [    Test worker] p6spy                                    : #1759197829980 | took 0ms | statement | connection 46| url jdbc:h2:mem:test

    create table follow (
        created_at timestamp(6) not null,
        follow_id bigint generated by default as identity,
        follower_id bigint not null,
        following_id bigint not null,
        primary key (follow_id),
        constraint UniqueFollowerAndFollowing unique (follower_id, following_id)
    )

    create table follow (
        created_at timestamp(6) not null,
        follow_id bigint generated by default as identity,
        follower_id bigint not null,
        following_id bigint not null,
        primary key (follow_id),
        constraint UniqueFollowerAndFollowing unique (follower_id, following_id)
    );
2025-09-30T11:03:49.980+09:00 DEBUG 27599 --- [    Test worker] org.hibernate.SQL                        : 
    create table member (
        is_deleted boolean not null,
        created_at timestamp(6) not null,
        deleted_at timestamp(6),
        member_id bigint generated by default as identity,
        updated_at timestamp(6),
        name varchar(12) not null,
        nickname varchar(15) not null unique,
        password varchar(255) not null,
        role_type varchar(255) not null check (role_type in ('ADMIN','NORMAL')),
        primary key (member_id)
    )
2025-09-30T11:03:49.981+09:00  INFO 27599 --- [    Test worker] p6spy                                    : #1759197829981 | took 0ms | statement | connection 46| url jdbc:h2:mem:test

    create table member (
        is_deleted boolean not null,
        created_at timestamp(6) not null,
        deleted_at timestamp(6),
        member_id bigint generated by default as identity,
        updated_at timestamp(6),
        name varchar(12) not null,
        nickname varchar(15) not null unique,
        password varchar(255) not null,
        role_type varchar(255) not null check (role_type in ('ADMIN','NORMAL')),
        primary key (member_id)
    )

    create table member (
        is_deleted boolean not null,
        created_at timestamp(6) not null,
        deleted_at timestamp(6),
        member_id bigint generated by default as identity,
        updated_at timestamp(6),
        name varchar(12) not null,
        nickname varchar(15) not null unique,
        password varchar(255) not null,
        role_type varchar(255) not null check (role_type in ('ADMIN','NORMAL')),
        primary key (member_id)
    );
2025-09-30T11:03:49.982+09:00 DEBUG 27599 --- [    Test worker] org.hibernate.SQL                        : 
    create table todo (
        is_completed boolean not null,
        is_public boolean not null,
        category_id bigint not null,
        created_at timestamp(6) not null,
        member_id bigint not null,
        todo_id bigint generated by default as identity,
        updated_at timestamp(6),
        title varchar(50) not null,
        description varchar(500) not null,
        importance varchar(255) not null check (importance in ('HIGH','MIDDLE','LOW')),
        primary key (todo_id)
    )
2025-09-30T11:03:49.983+09:00  INFO 27599 --- [    Test worker] p6spy                                    : #1759197829983 | took 0ms | statement | connection 46| url jdbc:h2:mem:test

    create table todo (
        is_completed boolean not null,
        is_public boolean not null,
        category_id bigint not null,
        created_at timestamp(6) not null,
        member_id bigint not null,
        todo_id bigint generated by default as identity,
        updated_at timestamp(6),
        title varchar(50) not null,
        description varchar(500) not null,
        importance varchar(255) not null check (importance in ('HIGH','MIDDLE','LOW')),
        primary key (todo_id)
    )

    create table todo (
        is_completed boolean not null,
        is_public boolean not null,
        category_id bigint not null,
        created_at timestamp(6) not null,
        member_id bigint not null,
        todo_id bigint generated by default as identity,
        updated_at timestamp(6),
        title varchar(50) not null,
        description varchar(500) not null,
        importance varchar(255) not null check (importance in ('HIGH','MIDDLE','LOW')),
        primary key (todo_id)
    );
2025-09-30T11:03:49.983+09:00 DEBUG 27599 --- [    Test worker] org.hibernate.SQL                        : 
    create table todo_image (
        created_at timestamp(6) not null,
        todo_id bigint not null,
        todo_image_id bigint generated by default as identity,
        file_name varchar(255) not null,
        file_path varchar(255) not null,
        primary key (todo_image_id)
    )
2025-09-30T11:03:49.984+09:00  INFO 27599 --- [    Test worker] p6spy                                    : #1759197829984 | took 0ms | statement | connection 46| url jdbc:h2:mem:test

    create table todo_image (
        created_at timestamp(6) not null,
        todo_id bigint not null,
        todo_image_id bigint generated by default as identity,
        file_name varchar(255) not null,
        file_path varchar(255) not null,
        primary key (todo_image_id)
    )

    create table todo_image (
        created_at timestamp(6) not null,
        todo_id bigint not null,
        todo_image_id bigint generated by default as identity,
        file_name varchar(255) not null,
        file_path varchar(255) not null,
        primary key (todo_image_id)
    );
2025-09-30T11:03:49.984+09:00 DEBUG 27599 --- [    Test worker] org.hibernate.SQL                        : 
    create index idx_comment_member_id 
       on comment (member_id)
2025-09-30T11:03:49.984+09:00  INFO 27599 --- [    Test worker] p6spy                                    : #1759197829984 | took 0ms | statement | connection 46| url jdbc:h2:mem:test

    create index idx_comment_member_id 
       on comment (member_id)

    create index idx_comment_member_id 
       on comment (member_id);
2025-09-30T11:03:49.984+09:00 DEBUG 27599 --- [    Test worker] org.hibernate.SQL                        : 
    create index idx_comment_todo_id 
       on comment (todo_id)
2025-09-30T11:03:49.985+09:00  INFO 27599 --- [    Test worker] p6spy                                    : #1759197829985 | took 0ms | statement | connection 46| url jdbc:h2:mem:test

    create index idx_comment_todo_id 
       on comment (todo_id)

    create index idx_comment_todo_id 
       on comment (todo_id);
2025-09-30T11:03:49.985+09:00 DEBUG 27599 --- [    Test worker] org.hibernate.SQL                        : 
    create index idx_comment_created_at 
       on comment (created_at)
2025-09-30T11:03:49.985+09:00  INFO 27599 --- [    Test worker] p6spy                                    : #1759197829985 | took 0ms | statement | connection 46| url jdbc:h2:mem:test

    create index idx_comment_created_at 
       on comment (created_at)

    create index idx_comment_created_at 
       on comment (created_at);
2025-09-30T11:03:49.986+09:00 DEBUG 27599 --- [    Test worker] org.hibernate.SQL                        : 
    create index idx_member_nickname 
       on member (nickname)
2025-09-30T11:03:49.986+09:00  INFO 27599 --- [    Test worker] p6spy                                    : #1759197829986 | took 0ms | statement | connection 46| url jdbc:h2:mem:test

    create index idx_member_nickname 
       on member (nickname)

    create index idx_member_nickname 
       on member (nickname);
2025-09-30T11:03:49.986+09:00 DEBUG 27599 --- [    Test worker] org.hibernate.SQL                        : 
    create index idx_member_created_at 
       on member (created_at)
2025-09-30T11:03:49.986+09:00  INFO 27599 --- [    Test worker] p6spy                                    : #1759197829986 | took 0ms | statement | connection 46| url jdbc:h2:mem:test

    create index idx_member_created_at 
       on member (created_at)

    create index idx_member_created_at 
       on member (created_at);
2025-09-30T11:03:49.986+09:00 DEBUG 27599 --- [    Test worker] org.hibernate.SQL                        : 
    create index idx_todo_member_id 
       on todo (member_id)
2025-09-30T11:03:49.987+09:00  INFO 27599 --- [    Test worker] p6spy                                    : #1759197829987 | took 0ms | statement | connection 46| url jdbc:h2:mem:test

    create index idx_todo_member_id 
       on todo (member_id)

    create index idx_todo_member_id 
       on todo (member_id);
2025-09-30T11:03:49.987+09:00 DEBUG 27599 --- [    Test worker] org.hibernate.SQL                        : 
    create index idx_todo_category_id 
       on todo (category_id)
2025-09-30T11:03:49.987+09:00  INFO 27599 --- [    Test worker] p6spy                                    : #1759197829987 | took 0ms | statement | connection 46| url jdbc:h2:mem:test

    create index idx_todo_category_id 
       on todo (category_id)

    create index idx_todo_category_id 
       on todo (category_id);
2025-09-30T11:03:49.987+09:00 DEBUG 27599 --- [    Test worker] org.hibernate.SQL                        : 
    create index idx_todo_completed 
       on todo (is_completed)
2025-09-30T11:03:49.987+09:00  INFO 27599 --- [    Test worker] p6spy                                    : #1759197829987 | took 0ms | statement | connection 46| url jdbc:h2:mem:test

    create index idx_todo_completed 
       on todo (is_completed)

    create index idx_todo_completed 
       on todo (is_completed);
2025-09-30T11:03:49.987+09:00 DEBUG 27599 --- [    Test worker] org.hibernate.SQL                        : 
    create index idx_todo_public 
       on todo (is_public)
2025-09-30T11:03:49.988+09:00  INFO 27599 --- [    Test worker] p6spy                                    : #1759197829988 | took 0ms | statement | connection 46| url jdbc:h2:mem:test

    create index idx_todo_public 
       on todo (is_public)

    create index idx_todo_public 
       on todo (is_public);
2025-09-30T11:03:49.988+09:00 DEBUG 27599 --- [    Test worker] org.hibernate.SQL                        : 
    create index idx_todo_created_at 
       on todo (created_at)
2025-09-30T11:03:49.988+09:00  INFO 27599 --- [    Test worker] p6spy                                    : #1759197829988 | took 0ms | statement | connection 46| url jdbc:h2:mem:test

    create index idx_todo_created_at 
       on todo (created_at)

    create index idx_todo_created_at 
       on todo (created_at);
2025-09-30T11:03:49.988+09:00 DEBUG 27599 --- [    Test worker] org.hibernate.SQL                        : 
    alter table if exists comment 
       add constraint FKmrrrpi513ssu63i2783jyiv9m 
       foreign key (member_id) 
       references member
2025-09-30T11:03:49.989+09:00  INFO 27599 --- [    Test worker] p6spy                                    : #1759197829989 | took 1ms | statement | connection 46| url jdbc:h2:mem:test

    alter table if exists comment 
       add constraint FKmrrrpi513ssu63i2783jyiv9m 
       foreign key (member_id) 
       references member

    alter table if exists comment 
       add constraint FKmrrrpi513ssu63i2783jyiv9m 
       foreign key (member_id) 
       references member;
2025-09-30T11:03:49.989+09:00 DEBUG 27599 --- [    Test worker] org.hibernate.SQL                        : 
    alter table if exists comment 
       add constraint FKj60kiatr37jebhtjaju6d5nv2 
       foreign key (todo_id) 
       references todo
2025-09-30T11:03:49.990+09:00  INFO 27599 --- [    Test worker] p6spy                                    : #1759197829990 | took 0ms | statement | connection 46| url jdbc:h2:mem:test

    alter table if exists comment 
       add constraint FKj60kiatr37jebhtjaju6d5nv2 
       foreign key (todo_id) 
       references todo

    alter table if exists comment 
       add constraint FKj60kiatr37jebhtjaju6d5nv2 
       foreign key (todo_id) 
       references todo;
2025-09-30T11:03:49.990+09:00 DEBUG 27599 --- [    Test worker] org.hibernate.SQL                        : 
    alter table if exists follow 
       add constraint FKtps7gpodlrhxlji90u6r3mlng 
       foreign key (follower_id) 
       references member
2025-09-30T11:03:49.991+09:00  INFO 27599 --- [    Test worker] p6spy                                    : #1759197829991 | took 0ms | statement | connection 46| url jdbc:h2:mem:test

    alter table if exists follow 
       add constraint FKtps7gpodlrhxlji90u6r3mlng 
       foreign key (follower_id) 
       references member

    alter table if exists follow 
       add constraint FKtps7gpodlrhxlji90u6r3mlng 
       foreign key (follower_id) 
       references member;
2025-09-30T11:03:49.991+09:00 DEBUG 27599 --- [    Test worker] org.hibernate.SQL                        : 
    alter table if exists follow 
       add constraint FKkcoemc64xrm83cdmhyaphcuiu 
       foreign key (following_id) 
       references member
2025-09-30T11:03:49.992+09:00  INFO 27599 --- [    Test worker] p6spy                                    : #1759197829992 | took 1ms | statement | connection 46| url jdbc:h2:mem:test

    alter table if exists follow 
       add constraint FKkcoemc64xrm83cdmhyaphcuiu 
       foreign key (following_id) 
       references member

    alter table if exists follow 
       add constraint FKkcoemc64xrm83cdmhyaphcuiu 
       foreign key (following_id) 
       references member;
2025-09-30T11:03:49.993+09:00 DEBUG 27599 --- [    Test worker] org.hibernate.SQL                        : 
    alter table if exists todo 
       add constraint FKeh6uro943emclp6kr1d4wysmo 
       foreign key (category_id) 
       references category
2025-09-30T11:03:49.993+09:00  INFO 27599 --- [    Test worker] p6spy                                    : #1759197829993 | took 0ms | statement | connection 46| url jdbc:h2:mem:test

    alter table if exists todo 
       add constraint FKeh6uro943emclp6kr1d4wysmo 
       foreign key (category_id) 
       references category

    alter table if exists todo 
       add constraint FKeh6uro943emclp6kr1d4wysmo 
       foreign key (category_id) 
       references category;
2025-09-30T11:03:49.994+09:00 DEBUG 27599 --- [    Test worker] org.hibernate.SQL                        : 
    alter table if exists todo 
       add constraint FK67o67f2ave0yd2pb137aoh603 
       foreign key (member_id) 
       references member
2025-09-30T11:03:49.994+09:00  INFO 27599 --- [    Test worker] p6spy                                    : #1759197829994 | took 0ms | statement | connection 46| url jdbc:h2:mem:test

    alter table if exists todo 
       add constraint FK67o67f2ave0yd2pb137aoh603 
       foreign key (member_id) 
       references member

    alter table if exists todo 
       add constraint FK67o67f2ave0yd2pb137aoh603 
       foreign key (member_id) 
       references member;
2025-09-30T11:03:49.994+09:00 DEBUG 27599 --- [    Test worker] org.hibernate.SQL                        : 
    alter table if exists todo_image 
       add constraint FKrarut5y7u4cr9swx1u0d4cfjd 
       foreign key (todo_id) 
       references todo
2025-09-30T11:03:49.995+09:00  INFO 27599 --- [    Test worker] p6spy                                    : #1759197829995 | took 0ms | statement | connection 46| url jdbc:h2:mem:test

    alter table if exists todo_image 
       add constraint FKrarut5y7u4cr9swx1u0d4cfjd 
       foreign key (todo_id) 
       references todo

    alter table if exists todo_image 
       add constraint FKrarut5y7u4cr9swx1u0d4cfjd 
       foreign key (todo_id) 
       references todo;
2025-09-30T11:03:49.996+09:00  INFO 27599 --- [    Test worker] j.LocalContainerEntityManagerFactoryBean : Initialized JPA EntityManagerFactory for persistence unit 'default'
2025-09-30T11:03:50.034+09:00 DEBUG 27599 --- [    Test worker] org.hibernate.SQL                        : 
    select
        count(*) 
    from
        category c1_0
2025-09-30T11:03:50.034+09:00  INFO 27599 --- [    Test worker] p6spy                                    : #1759197830034 | took 0ms | statement | connection 47| url jdbc:h2:mem:test
select count(*) from category c1_0
select count(*) from category c1_0;
2025-09-30T11:03:50.035+09:00  INFO 27599 --- [    Test worker] p6spy                                    : #1759197830035 | took 0ms | commit | connection 47| url jdbc:h2:mem:test

;
2025-09-30T11:03:50.035+09:00  INFO 27599 --- [    Test worker] com.ruha.config.DataInitializer          : 카테고리 초기 데이터를 생성합니다.
2025-09-30T11:03:50.041+09:00 DEBUG 27599 --- [    Test worker] org.hibernate.SQL                        : 
    insert 
    into
        category
        (created_at, name, category_id) 
    values
        (?, ?, default)
2025-09-30T11:03:50.042+09:00  INFO 27599 --- [    Test worker] p6spy                                    : #1759197830042 | took 0ms | statement | connection 48| url jdbc:h2:mem:test
insert into category (created_at,name,category_id) values (?,?,default)
insert into category (created_at,name,category_id) values ('2025-09-30T11:03:50.038+0900','업무',default);
2025-09-30T11:03:50.042+09:00 DEBUG 27599 --- [    Test worker] org.hibernate.SQL                        : 
    insert 
    into
        category
        (created_at, name, category_id) 
    values
        (?, ?, default)
2025-09-30T11:03:50.042+09:00  INFO 27599 --- [    Test worker] p6spy                                    : #1759197830042 | took 0ms | statement | connection 48| url jdbc:h2:mem:test
insert into category (created_at,name,category_id) values (?,?,default)
insert into category (created_at,name,category_id) values ('2025-09-30T11:03:50.042+0900','개인',default);
2025-09-30T11:03:50.043+09:00 DEBUG 27599 --- [    Test worker] org.hibernate.SQL                        : 
    insert 
    into
        category
        (created_at, name, category_id) 
    values
        (?, ?, default)
2025-09-30T11:03:50.043+09:00  INFO 27599 --- [    Test worker] p6spy                                    : #1759197830043 | took 0ms | statement | connection 48| url jdbc:h2:mem:test
insert into category (created_at,name,category_id) values (?,?,default)
insert into category (created_at,name,category_id) values ('2025-09-30T11:03:50.043+0900','학습',default);
2025-09-30T11:03:50.043+09:00 DEBUG 27599 --- [    Test worker] org.hibernate.SQL                        : 
    insert 
    into
        category
        (created_at, name, category_id) 
    values
        (?, ?, default)
2025-09-30T11:03:50.044+09:00  INFO 27599 --- [    Test worker] p6spy                                    : #1759197830044 | took 0ms | statement | connection 48| url jdbc:h2:mem:test
insert into category (created_at,name,category_id) values (?,?,default)
insert into category (created_at,name,category_id) values ('2025-09-30T11:03:50.043+0900','건강',default);
2025-09-30T11:03:50.044+09:00 DEBUG 27599 --- [    Test worker] org.hibernate.SQL                        : 
    insert 
    into
        category
        (created_at, name, category_id) 
    values
        (?, ?, default)
2025-09-30T11:03:50.045+09:00  INFO 27599 --- [    Test worker] p6spy                                    : #1759197830045 | took 0ms | statement | connection 48| url jdbc:h2:mem:test
insert into category (created_at,name,category_id) values (?,?,default)
insert into category (created_at,name,category_id) values ('2025-09-30T11:03:50.044+0900','취미',default);
2025-09-30T11:03:50.045+09:00  INFO 27599 --- [    Test worker] p6spy                                    : #1759197830045 | took 0ms | commit | connection 48| url jdbc:h2:mem:test

;
2025-09-30T11:03:50.045+09:00  INFO 27599 --- [    Test worker] com.ruha.config.DataInitializer          : 카테고리 5 개가 생성되었습니다.
2025-09-30T11:03:50.086+09:00  WARN 27599 --- [    Test worker] JpaBaseConfiguration$JpaWebConfiguration : spring.jpa.open-in-view is enabled by default. Therefore, database queries may be performed during view rendering. Explicitly configure spring.jpa.open-in-view to disable this warning
2025-09-30T11:03:50.095+09:00  WARN 27599 --- [    Test worker] .s.s.UserDetailsServiceAutoConfiguration : 

Using generated security password: 33a160b1-52e2-461c-8511-6a1740f3eef1

This generated password is for development use only. Your security configuration must be updated before running your application in production.

2025-09-30T11:03:50.156+09:00  INFO 27599 --- [    Test worker] o.s.s.web.DefaultSecurityFilterChain     : Will secure any request with [org.springframework.security.web.session.DisableEncodeUrlFilter@46808854, org.springframework.security.web.context.request.async.WebAsyncManagerIntegrationFilter@59bedf4d, org.springframework.security.web.context.SecurityContextHolderFilter@49e3bd37, org.springframework.security.web.header.HeaderWriterFilter@7540aa55, org.springframework.security.web.authentication.logout.LogoutFilter@1d904637, com.ruha.jwt.JwtAuthenticationFilter@90e5788, org.springframework.security.web.savedrequest.RequestCacheAwareFilter@64123c4d, org.springframework.security.web.servletapi.SecurityContextHolderAwareRequestFilter@14f03098, org.springframework.security.web.authentication.AnonymousAuthenticationFilter@1e60dce7, org.springframework.security.web.session.SessionManagementFilter@faa592b, org.springframework.security.web.access.ExceptionTranslationFilter@4f7c5402, org.springframework.security.web.access.intercept.AuthorizationFilter@7df468f6]
2025-09-30T11:03:50.238+09:00  INFO 27599 --- [    Test worker] com.ruha.service.FollowServiceTest       : Started FollowServiceTest in 0.735 seconds (process running for 4.972)
2025-09-30T11:03:50.261+09:00  INFO 27599 --- [    Test worker] p6spy                                    : #1759197830261 | took 0ms | rollback | connection 49| url jdbc:h2:mem:test

;
2025-09-30T11:03:50.267+09:00  INFO 27599 --- [    Test worker] p6spy                                    : #1759197830267 | took 0ms | rollback | connection 50| url jdbc:h2:mem:test

;
]]></system-out>
  <system-err><![CDATA[]]></system-err>
</testsuite>
