<?xml version="1.0" encoding="UTF-8"?>
<testsuite name="로그인" tests="3" skipped="0" failures="0" errors="0" timestamp="2025-07-21T13:56:20" hostname="ODGui-MacBookAir.local" time="0.643">
  <properties/>
  <testcase name="성공" classname="com.ruha.service.MemberServiceTest$Login" time="0.628"/>
  <testcase name="실패 - 존재하지 않는 회원" classname="com.ruha.service.MemberServiceTest$Login" time="0.008"/>
  <testcase name="실패 - 비밀번호 불일치" classname="com.ruha.service.MemberServiceTest$Login" time="0.003"/>
  <system-out><![CDATA[]]></system-out>
  <system-err><![CDATA[]]></system-err>
</testsuite>
