<?xml version="1.0" encoding="UTF-8"?>
<testsuite name="파일 삭제 테스트" tests="2" skipped="0" failures="0" errors="0" timestamp="2025-09-30T02:03:49" hostname="ODGui-MacBookAir.local" time="0.013">
  <properties/>
  <testcase name="존재하지 않는 파일 삭제 시도 시 false" classname="com.ruha.service.FileServiceTest$DeleteFileTest" time="0.005"/>
  <testcase name="파일 삭제 성공" classname="com.ruha.service.FileServiceTest$DeleteFileTest" time="0.007"/>
  <system-out><![CDATA[2025-09-30T11:03:49.464+09:00  INFO 27599 --- [    Test worker] t.c.s.AnnotationConfigContextLoaderUtils : Could not detect default configuration classes for test class [com.ruha.service.FileServiceTest$DeleteFileTest]: DeleteFileTest does not declare any static, non-private, non-final, nested classes annotated with @Configuration.
2025-09-30T11:03:49.465+09:00  INFO 27599 --- [    Test worker] .b.t.c.SpringBootTestContextBootstrapper : Found @SpringBootConfiguration com.ruha.RuhaApplication for test class com.ruha.service.FileServiceTest$DeleteFileTest
2025-09-30T11:03:49.471+09:00  WARN 27599 --- [    Test worker] com.ruha.service.FileService             : 삭제하려는 파일이 존재하지 않습니다: non/exist/file.jpg
2025-09-30T11:03:49.475+09:00  INFO 27599 --- [    Test worker] com.ruha.service.FileService             : 디렉토리가 생성되었습니다: /var/folders/24/25sqrc4x1yv2vpr5v5zwzgsc0000gn/T/junit6077737008377815886/todos/1/
2025-09-30T11:03:49.476+09:00  INFO 27599 --- [    Test worker] com.ruha.service.FileService             : 파일이 저장되었습니다: /var/folders/24/25sqrc4x1yv2vpr5v5zwzgsc0000gn/T/junit6077737008377815886/todos/1/80f97930-730d-46d2-acdd-1e38a805f2fe.jpg
2025-09-30T11:03:49.479+09:00  INFO 27599 --- [    Test worker] com.ruha.service.FileService             : 파일이 삭제되었습니다: /var/folders/24/25sqrc4x1yv2vpr5v5zwzgsc0000gn/T/junit6077737008377815886/todos/1/80f97930-730d-46d2-acdd-1e38a805f2fe.jpg
]]></system-out>
  <system-err><![CDATA[]]></system-err>
</testsuite>
